#
# There is insufficient memory for the Java Runtime Environment to continue.
# Native memory allocation (malloc) failed to allocate 1425936 bytes for Chunk::new
# Possible reasons:
#   The system is out of physical RAM or swap space
#   The process is running with CompressedOops enabled, and the Java Heap may be blocking the growth of the native heap
# Possible solutions:
#   Reduce memory load on the system
#   Increase physical memory or swap space
#   Check if swap backing store is full
#   Decrease Java heap size (-Xmx/-Xms)
#   Decrease number of Java threads
#   Decrease Java thread stack sizes (-Xss)
#   Set larger code cache with -XX:ReservedCodeCacheSize=
#   JVM is running with Unscaled Compressed Oops mode in which the Java heap is
#     placed in the first 4GB address space. The Java Heap base address is the
#     maximum limit for the native heap growth. Please use -XX:HeapBaseMinAddress
#     to set the Java Heap base and to place the Java Heap above 4GB virtual address.
# This output file may be truncated or incomplete.
#
#  Out of Memory Error (t:/workspace/open/src/hotspot/share/memory/arena.cpp:197), pid=9744, tid=17256
#
# JRE version: Java(TM) SE Runtime Environment (11.0.3+12) (build 11.0.3+12-LTS)
# Java VM: Java HotSpot(TM) 64-Bit Server VM (11.0.3+12-LTS, mixed mode, tiered, compressed oops, g1 gc, windows-amd64)
# No core dump will be written. Minidumps are not enabled by default on client versions of Windows
#

---------------  S U M M A R Y ------------

Command Line: --add-opens=java.base/java.util=ALL-UNNAMED --add-opens=java.base/java.lang=ALL-UNNAMED --add-opens=java.base/java.lang.invoke=ALL-UNNAMED --add-opens=java.prefs/java.util.prefs=ALL-UNNAMED -XX:MaxMetaspaceSize=256m -XX:+HeapDumpOnOutOfMemoryError -Xms256m -Xmx512m -Dfile.encoding=windows-1252 -Duser.country=SG -Duser.language=en -Duser.variant org.gradle.launcher.daemon.bootstrap.GradleDaemon 5.5.1

Host: Intel(R) Core(TM) i5-6200U CPU @ 2.30GHz, 4 cores, 7G,  Windows 10 , 64 bit Build 17134 (10.0.17134.753)
Time: Wed Sep  4 14:29:19 2019 Malay Peninsula Standard Time elapsed time: 4 seconds (0d 0h 0m 4s)

---------------  T H R E A D  ---------------

Current thread (0x000001b34b494000):  JavaThread "C2 CompilerThread0" daemon [_thread_in_native, id=17256, stack(0x000000237b200000,0x000000237b300000)]


Current CompileTask:
C2:   4207 2252   !   4       java.net.URLClassLoader$1::run (63 bytes)

Stack: [0x000000237b200000,0x000000237b300000]
Native frames: (J=compiled Java code, j=interpreted, Vv=VM code, C=native code)
V  [jvm.dll+0x63582a]
V  [jvm.dll+0x77360f]
V  [jvm.dll+0x774cba]
V  [jvm.dll+0x775373]
V  [jvm.dll+0x25e9c8]
V  [jvm.dll+0xc21d1]
V  [jvm.dll+0xc275c]
V  [jvm.dll+0x36dae7]
V  [jvm.dll+0x1a954f]
V  [jvm.dll+0x218982]
V  [jvm.dll+0x217a1a]
V  [jvm.dll+0x194300]
V  [jvm.dll+0x2269df]
V  [jvm.dll+0x224fe8]
V  [jvm.dll+0x738aed]
V  [jvm.dll+0x6348c2]
C  [ucrtbase.dll+0x1e3fe]
C  [KERNEL32.DLL+0x14034]
C  [ntdll.dll+0x73691]


---------------  P R O C E S S  ---------------

Threads class SMR info:
_java_thread_list=0x000001b34daa3820, length=25, elements={
0x000001b32e0a7800, 0x000001b34ab2d000, 0x000001b34ab38800, 0x000001b34ab50000,
0x000001b34ab51000, 0x000001b34b494000, 0x000001b34b498000, 0x000001b34b4a3000,
0x000001b34b5f3800, 0x000001b34b609800, 0x000001b34cfe5000, 0x000001b34c826000,
0x000001b34cbea000, 0x000001b34d40c800, 0x000001b34d16c800, 0x000001b34d41f800,
0x000001b34d301000, 0x000001b34d230800, 0x000001b34d231000, 0x000001b34cb5c000,
0x000001b34d39d800, 0x000001b34d39f000, 0x000001b34d39e000, 0x000001b34d3a2800,
0x000001b34d465000
}

Java Threads: ( => current thread )
  0x000001b32e0a7800 JavaThread "main" [_thread_blocked, id=15248, stack(0x000000237a700000,0x000000237a800000)]
  0x000001b34ab2d000 JavaThread "Reference Handler" daemon [_thread_blocked, id=15160, stack(0x000000237ae00000,0x000000237af00000)]
  0x000001b34ab38800 JavaThread "Finalizer" daemon [_thread_blocked, id=12996, stack(0x000000237af00000,0x000000237b000000)]
  0x000001b34ab50000 JavaThread "Signal Dispatcher" daemon [_thread_blocked, id=1296, stack(0x000000237b000000,0x000000237b100000)]
  0x000001b34ab51000 JavaThread "Attach Listener" daemon [_thread_blocked, id=14552, stack(0x000000237b100000,0x000000237b200000)]
=>0x000001b34b494000 JavaThread "C2 CompilerThread0" daemon [_thread_in_native, id=17256, stack(0x000000237b200000,0x000000237b300000)]
  0x000001b34b498000 JavaThread "C1 CompilerThread0" daemon [_thread_in_vm, id=15648, stack(0x000000237b300000,0x000000237b400000)]
  0x000001b34b4a3000 JavaThread "Sweeper thread" daemon [_thread_blocked, id=10532, stack(0x000000237b400000,0x000000237b500000)]
  0x000001b34b5f3800 JavaThread "Common-Cleaner" daemon [_thread_blocked, id=7312, stack(0x000000237b500000,0x000000237b600000)]
  0x000001b34b609800 JavaThread "Service Thread" daemon [_thread_blocked, id=16092, stack(0x000000237b600000,0x000000237b700000)]
  0x000001b34cfe5000 JavaThread "Daemon health stats" [_thread_blocked, id=14596, stack(0x000000237bc00000,0x000000237bd00000)]
  0x000001b34c826000 JavaThread "Incoming local TCP Connector on port 53663" [_thread_in_native, id=15764, stack(0x000000237bb00000,0x000000237bc00000)]
  0x000001b34cbea000 JavaThread "Daemon periodic checks" [_thread_blocked, id=15172, stack(0x000000237bd00000,0x000000237be00000)]
  0x000001b34d40c800 JavaThread "Daemon" [_thread_blocked, id=15508, stack(0x000000237be00000,0x000000237bf00000)]
  0x000001b34d16c800 JavaThread "Handler for socket connection from /127.0.0.1:53663 to /127.0.0.1:53664" [_thread_in_native, id=2760, stack(0x000000237bf00000,0x000000237c000000)]
  0x000001b34d41f800 JavaThread "Cancel handler" [_thread_blocked, id=16452, stack(0x000000237c000000,0x000000237c100000)]
  0x000001b34d301000 JavaThread "Daemon worker" [_thread_in_vm, id=16600, stack(0x000000237c100000,0x000000237c200000)]
  0x000001b34d230800 JavaThread "Asynchronous log dispatcher for DefaultDaemonConnection: socket connection from /127.0.0.1:53663 to /127.0.0.1:53664" [_thread_blocked, id=5708, stack(0x000000237c200000,0x000000237c300000)]
  0x000001b34d231000 JavaThread "Stdin handler" [_thread_blocked, id=11224, stack(0x000000237c300000,0x000000237c400000)]
  0x000001b34cb5c000 JavaThread "Thread-8" [_thread_blocked, id=16040, stack(0x000000237c400000,0x000000237c500000)]
  0x000001b34d39d800 JavaThread "Cache worker for file hash cache (C:\Users\Dell\.gradle\caches\5.5.1\fileHashes)" [_thread_blocked, id=17332, stack(0x000000237c500000,0x000000237c600000)]
  0x000001b34d39f000 JavaThread "File lock request listener" [_thread_in_native, id=1692, stack(0x000000237c600000,0x000000237c700000)]
  0x000001b34d39e000 JavaThread "Cache worker for journal cache (C:\Users\Dell\.gradle\caches\journal-1)" [_thread_blocked, id=7128, stack(0x000000237c700000,0x000000237c800000)]
  0x000001b34d3a2800 JavaThread "Cache worker for file hash cache (C:\Users\Dell\Desktop\duke\.gradle\5.5.1\fileHashes)" [_thread_blocked, id=14872, stack(0x000000237c800000,0x000000237c900000)]
  0x000001b34d465000 JavaThread "C2 CompilerThread1" daemon [_thread_in_native, id=15808, stack(0x000000237c900000,0x000000237ca00000)]

Other Threads:
  0x000001b34ab09000 VMThread "VM Thread" [stack: 0x000000237ad00000,0x000000237ae00000] [id=16188]
  0x000001b34b633800 WatcherThread [stack: 0x000000237b700000,0x000000237b800000] [id=5264]
  0x000001b32e0be800 GCTaskThread "GC Thread#0" [stack: 0x000000237a800000,0x000000237a900000] [id=5724]
  0x000001b34bd88800 GCTaskThread "GC Thread#1" [stack: 0x000000237b800000,0x000000237b900000] [id=14616]
  0x000001b34bca9000 GCTaskThread "GC Thread#2" [stack: 0x000000237b900000,0x000000237ba00000] [id=9552]
  0x000001b34bd8d000 GCTaskThread "GC Thread#3" [stack: 0x000000237ba00000,0x000000237bb00000] [id=16360]
  0x000001b32e0cf000 ConcurrentGCThread "G1 Main Marker" [stack: 0x000000237a900000,0x000000237aa00000] [id=2632]
  0x000001b32e0d1800 ConcurrentGCThread "G1 Conc#0" [stack: 0x000000237aa00000,0x000000237ab00000] [id=6060]
  0x000001b34a9a0800 ConcurrentGCThread "G1 Refine#0" [stack: 0x000000237ab00000,0x000000237ac00000] [id=11728]
  0x000001b34a9a1800 ConcurrentGCThread "G1 Young RemSet Sampling" [stack: 0x000000237ac00000,0x000000237ad00000] [id=2356]

Threads with active compile tasks:
C2 CompilerThread02252   !   4       java.net.URLClassLoader$1::run (63 bytes)
C1 CompilerThread02426   !   3       org.gradle.internal.service.DefaultServiceRegistry$FactoryService::bind (358 bytes)
C2 CompilerThread12251       4       java.net.URLClassLoader$1::run (5 bytes)

VM state:not at safepoint (normal execution)

VM Mutex/Monitor currently owned by a thread: None

Heap address: 0x00000000e0000000, size: 512 MB, Compressed Oops mode: 32-bit
Narrow klass base: 0x0000000000000000, Narrow klass shift: 3
Compressed class space size: 260046848 Address: 0x0000000100000000

Heap:
 garbage-first heap   total 262144K, used 24660K [0x00000000e0000000, 0x0000000100000000)
  region size 1024K, 13 young (13312K), 7 survivors (7168K)
 Metaspace       used 32157K, capacity 32607K, committed 32768K, reserved 282624K
  class space    used 4057K, capacity 4255K, committed 4352K, reserved 253952K
Heap Regions: E=young(eden), S=young(survivor), O=old, HS=humongous(starts), HC=humongous(continues), CS=collection set, F=free, A=archive, TAMS=top-at-mark-start (previous, next)
|   0|0x00000000e0000000, 0x00000000e0100000, 0x00000000e0100000|100%| O|  |TAMS 0x00000000e0100000, 0x00000000e0000000| Untracked 
|   1|0x00000000e0100000, 0x00000000e0200000, 0x00000000e0200000|100%| O|  |TAMS 0x00000000e0200000, 0x00000000e0100000| Untracked 
|   2|0x00000000e0200000, 0x00000000e0300000, 0x00000000e0300000|100%|HS|  |TAMS 0x00000000e0300000, 0x00000000e0200000| Complete 
|   3|0x00000000e0300000, 0x00000000e0400000, 0x00000000e0400000|100%|HS|  |TAMS 0x00000000e0400000, 0x00000000e0300000| Complete 
|   4|0x00000000e0400000, 0x00000000e0500000, 0x00000000e0500000|100%|HC|  |TAMS 0x00000000e0500000, 0x00000000e0400000| Complete 
|   5|0x00000000e0500000, 0x00000000e0600000, 0x00000000e0600000|100%| O|  |TAMS 0x00000000e0600000, 0x00000000e0500000| Untracked 
|   6|0x00000000e0600000, 0x00000000e0700000, 0x00000000e0700000|100%| O|  |TAMS 0x00000000e0700000, 0x00000000e0600000| Untracked 
|   7|0x00000000e0700000, 0x00000000e0800000, 0x00000000e0800000|100%| O|  |TAMS 0x00000000e0800000, 0x00000000e0700000| Untracked 
|   8|0x00000000e0800000, 0x00000000e0900000, 0x00000000e0900000|100%| O|  |TAMS 0x00000000e0900000, 0x00000000e0800000| Untracked 
|   9|0x00000000e0900000, 0x00000000e0a00000, 0x00000000e0a00000|100%| O|  |TAMS 0x00000000e0a00000, 0x00000000e0900000| Untracked 
|  10|0x00000000e0a00000, 0x00000000e0b00000, 0x00000000e0b00000|100%| O|  |TAMS 0x00000000e0b00000, 0x00000000e0a00000| Untracked 
|  11|0x00000000e0b00000, 0x00000000e0c00000, 0x00000000e0c00000|100%| O|  |TAMS 0x00000000e0c00000, 0x00000000e0b00000| Untracked 
|  12|0x00000000e0c00000, 0x00000000e0c8a400, 0x00000000e0d00000| 54%| O|  |TAMS 0x00000000e0c8a400, 0x00000000e0c00000| Untracked 
|  13|0x00000000e0d00000, 0x00000000e0d00000, 0x00000000e0e00000|  0%| F|  |TAMS 0x00000000e0d00000, 0x00000000e0d00000| Untracked 
|  14|0x00000000e0e00000, 0x00000000e0e00000, 0x00000000e0f00000|  0%| F|  |TAMS 0x00000000e0e00000, 0x00000000e0e00000| Untracked 
|  15|0x00000000e0f00000, 0x00000000e0f00000, 0x00000000e1000000|  0%| F|  |TAMS 0x00000000e0f00000, 0x00000000e0f00000| Untracked 
|  16|0x00000000e1000000, 0x00000000e1000000, 0x00000000e1100000|  0%| F|  |TAMS 0x00000000e1000000, 0x00000000e1000000| Untracked 
|  17|0x00000000e1100000, 0x00000000e1100000, 0x00000000e1200000|  0%| F|  |TAMS 0x00000000e1100000, 0x00000000e1100000| Untracked 
|  18|0x00000000e1200000, 0x00000000e1200000, 0x00000000e1300000|  0%| F|  |TAMS 0x00000000e1200000, 0x00000000e1200000| Untracked 
|  19|0x00000000e1300000, 0x00000000e1300000, 0x00000000e1400000|  0%| F|  |TAMS 0x00000000e1300000, 0x00000000e1300000| Untracked 
|  20|0x00000000e1400000, 0x00000000e1400000, 0x00000000e1500000|  0%| F|  |TAMS 0x00000000e1400000, 0x00000000e1400000| Untracked 
|  21|0x00000000e1500000, 0x00000000e1500000, 0x00000000e1600000|  0%| F|  |TAMS 0x00000000e1500000, 0x00000000e1500000| Untracked 
|  22|0x00000000e1600000, 0x00000000e1600000, 0x00000000e1700000|  0%| F|  |TAMS 0x00000000e1600000, 0x00000000e1600000| Untracked 
|  23|0x00000000e1700000, 0x00000000e1700000, 0x00000000e1800000|  0%| F|  |TAMS 0x00000000e1700000, 0x00000000e1700000| Untracked 
|  24|0x00000000e1800000, 0x00000000e1800000, 0x00000000e1900000|  0%| F|  |TAMS 0x00000000e1800000, 0x00000000e1800000| Untracked 
|  25|0x00000000e1900000, 0x00000000e1900000, 0x00000000e1a00000|  0%| F|  |TAMS 0x00000000e1900000, 0x00000000e1900000| Untracked 
|  26|0x00000000e1a00000, 0x00000000e1a00000, 0x00000000e1b00000|  0%| F|  |TAMS 0x00000000e1a00000, 0x00000000e1a00000| Untracked 
|  27|0x00000000e1b00000, 0x00000000e1b00000, 0x00000000e1c00000|  0%| F|  |TAMS 0x00000000e1b00000, 0x00000000e1b00000| Untracked 
|  28|0x00000000e1c00000, 0x00000000e1c00000, 0x00000000e1d00000|  0%| F|  |TAMS 0x00000000e1c00000, 0x00000000e1c00000| Untracked 
|  29|0x00000000e1d00000, 0x00000000e1d00000, 0x00000000e1e00000|  0%| F|  |TAMS 0x00000000e1d00000, 0x00000000e1d00000| Untracked 
|  30|0x00000000e1e00000, 0x00000000e1e00000, 0x00000000e1f00000|  0%| F|  |TAMS 0x00000000e1e00000, 0x00000000e1e00000| Untracked 
|  31|0x00000000e1f00000, 0x00000000e1f00000, 0x00000000e2000000|  0%| F|  |TAMS 0x00000000e1f00000, 0x00000000e1f00000| Untracked 
|  32|0x00000000e2000000, 0x00000000e2000000, 0x00000000e2100000|  0%| F|  |TAMS 0x00000000e2000000, 0x00000000e2000000| Untracked 
|  33|0x00000000e2100000, 0x00000000e2100000, 0x00000000e2200000|  0%| F|  |TAMS 0x00000000e2100000, 0x00000000e2100000| Untracked 
|  34|0x00000000e2200000, 0x00000000e2200000, 0x00000000e2300000|  0%| F|  |TAMS 0x00000000e2200000, 0x00000000e2200000| Untracked 
|  35|0x00000000e2300000, 0x00000000e2300000, 0x00000000e2400000|  0%| F|  |TAMS 0x00000000e2300000, 0x00000000e2300000| Untracked 
|  36|0x00000000e2400000, 0x00000000e2400000, 0x00000000e2500000|  0%| F|  |TAMS 0x00000000e2400000, 0x00000000e2400000| Untracked 
|  37|0x00000000e2500000, 0x00000000e2500000, 0x00000000e2600000|  0%| F|  |TAMS 0x00000000e2500000, 0x00000000e2500000| Untracked 
|  38|0x00000000e2600000, 0x00000000e2600000, 0x00000000e2700000|  0%| F|  |TAMS 0x00000000e2600000, 0x00000000e2600000| Untracked 
|  39|0x00000000e2700000, 0x00000000e2700000, 0x00000000e2800000|  0%| F|  |TAMS 0x00000000e2700000, 0x00000000e2700000| Untracked 
|  40|0x00000000e2800000, 0x00000000e2800000, 0x00000000e2900000|  0%| F|  |TAMS 0x00000000e2800000, 0x00000000e2800000| Untracked 
|  41|0x00000000e2900000, 0x00000000e2900000, 0x00000000e2a00000|  0%| F|  |TAMS 0x00000000e2900000, 0x00000000e2900000| Untracked 
|  42|0x00000000e2a00000, 0x00000000e2a00000, 0x00000000e2b00000|  0%| F|  |TAMS 0x00000000e2a00000, 0x00000000e2a00000| Untracked 
|  43|0x00000000e2b00000, 0x00000000e2b00000, 0x00000000e2c00000|  0%| F|  |TAMS 0x00000000e2b00000, 0x00000000e2b00000| Untracked 
|  44|0x00000000e2c00000, 0x00000000e2c00000, 0x00000000e2d00000|  0%| F|  |TAMS 0x00000000e2c00000, 0x00000000e2c00000| Untracked 
|  45|0x00000000e2d00000, 0x00000000e2d00000, 0x00000000e2e00000|  0%| F|  |TAMS 0x00000000e2d00000, 0x00000000e2d00000| Untracked 
|  46|0x00000000e2e00000, 0x00000000e2e00000, 0x00000000e2f00000|  0%| F|  |TAMS 0x00000000e2e00000, 0x00000000e2e00000| Untracked 
|  47|0x00000000e2f00000, 0x00000000e2f00000, 0x00000000e3000000|  0%| F|  |TAMS 0x00000000e2f00000, 0x00000000e2f00000| Untracked 
|  48|0x00000000e3000000, 0x00000000e3000000, 0x00000000e3100000|  0%| F|  |TAMS 0x00000000e3000000, 0x00000000e3000000| Untracked 
|  49|0x00000000e3100000, 0x00000000e3100000, 0x00000000e3200000|  0%| F|  |TAMS 0x00000000e3100000, 0x00000000e3100000| Untracked 
|  50|0x00000000e3200000, 0x00000000e3200000, 0x00000000e3300000|  0%| F|  |TAMS 0x00000000e3200000, 0x00000000e3200000| Untracked 
|  51|0x00000000e3300000, 0x00000000e3300000, 0x00000000e3400000|  0%| F|  |TAMS 0x00000000e3300000, 0x00000000e3300000| Untracked 
|  52|0x00000000e3400000, 0x00000000e3400000, 0x00000000e3500000|  0%| F|  |TAMS 0x00000000e3400000, 0x00000000e3400000| Untracked 
|  53|0x00000000e3500000, 0x00000000e3500000, 0x00000000e3600000|  0%| F|  |TAMS 0x00000000e3500000, 0x00000000e3500000| Untracked 
|  54|0x00000000e3600000, 0x00000000e3600000, 0x00000000e3700000|  0%| F|  |TAMS 0x00000000e3600000, 0x00000000e3600000| Untracked 
|  55|0x00000000e3700000, 0x00000000e3700000, 0x00000000e3800000|  0%| F|  |TAMS 0x00000000e3700000, 0x00000000e3700000| Untracked 
|  56|0x00000000e3800000, 0x00000000e3800000, 0x00000000e3900000|  0%| F|  |TAMS 0x00000000e3800000, 0x00000000e3800000| Untracked 
|  57|0x00000000e3900000, 0x00000000e3900000, 0x00000000e3a00000|  0%| F|  |TAMS 0x00000000e3900000, 0x00000000e3900000| Untracked 
|  58|0x00000000e3a00000, 0x00000000e3a00000, 0x00000000e3b00000|  0%| F|  |TAMS 0x00000000e3a00000, 0x00000000e3a00000| Untracked 
|  59|0x00000000e3b00000, 0x00000000e3b00000, 0x00000000e3c00000|  0%| F|  |TAMS 0x00000000e3b00000, 0x00000000e3b00000| Untracked 
|  60|0x00000000e3c00000, 0x00000000e3c00000, 0x00000000e3d00000|  0%| F|  |TAMS 0x00000000e3c00000, 0x00000000e3c00000| Untracked 
|  61|0x00000000e3d00000, 0x00000000e3d00000, 0x00000000e3e00000|  0%| F|  |TAMS 0x00000000e3d00000, 0x00000000e3d00000| Untracked 
|  62|0x00000000e3e00000, 0x00000000e3e00000, 0x00000000e3f00000|  0%| F|  |TAMS 0x00000000e3e00000, 0x00000000e3e00000| Untracked 
|  63|0x00000000e3f00000, 0x00000000e3f00000, 0x00000000e4000000|  0%| F|  |TAMS 0x00000000e3f00000, 0x00000000e3f00000| Untracked 
|  64|0x00000000e4000000, 0x00000000e4000000, 0x00000000e4100000|  0%| F|  |TAMS 0x00000000e4000000, 0x00000000e4000000| Untracked 
|  65|0x00000000e4100000, 0x00000000e4100000, 0x00000000e4200000|  0%| F|  |TAMS 0x00000000e4100000, 0x00000000e4100000| Untracked 
|  66|0x00000000e4200000, 0x00000000e4200000, 0x00000000e4300000|  0%| F|  |TAMS 0x00000000e4200000, 0x00000000e4200000| Untracked 
|  67|0x00000000e4300000, 0x00000000e4300000, 0x00000000e4400000|  0%| F|  |TAMS 0x00000000e4300000, 0x00000000e4300000| Untracked 
|  68|0x00000000e4400000, 0x00000000e4400000, 0x00000000e4500000|  0%| F|  |TAMS 0x00000000e4400000, 0x00000000e4400000| Untracked 
|  69|0x00000000e4500000, 0x00000000e4500000, 0x00000000e4600000|  0%| F|  |TAMS 0x00000000e4500000, 0x00000000e4500000| Untracked 
|  70|0x00000000e4600000, 0x00000000e4600000, 0x00000000e4700000|  0%| F|  |TAMS 0x00000000e4600000, 0x00000000e4600000| Untracked 
|  71|0x00000000e4700000, 0x00000000e4700000, 0x00000000e4800000|  0%| F|  |TAMS 0x00000000e4700000, 0x00000000e4700000| Untracked 
|  72|0x00000000e4800000, 0x00000000e4800000, 0x00000000e4900000|  0%| F|  |TAMS 0x00000000e4800000, 0x00000000e4800000| Untracked 
|  73|0x00000000e4900000, 0x00000000e4900000, 0x00000000e4a00000|  0%| F|  |TAMS 0x00000000e4900000, 0x00000000e4900000| Untracked 
|  74|0x00000000e4a00000, 0x00000000e4a00000, 0x00000000e4b00000|  0%| F|  |TAMS 0x00000000e4a00000, 0x00000000e4a00000| Untracked 
|  75|0x00000000e4b00000, 0x00000000e4b00000, 0x00000000e4c00000|  0%| F|  |TAMS 0x00000000e4b00000, 0x00000000e4b00000| Untracked 
|  76|0x00000000e4c00000, 0x00000000e4c00000, 0x00000000e4d00000|  0%| F|  |TAMS 0x00000000e4c00000, 0x00000000e4c00000| Untracked 
|  77|0x00000000e4d00000, 0x00000000e4d00000, 0x00000000e4e00000|  0%| F|  |TAMS 0x00000000e4d00000, 0x00000000e4d00000| Untracked 
|  78|0x00000000e4e00000, 0x00000000e4e00000, 0x00000000e4f00000|  0%| F|  |TAMS 0x00000000e4e00000, 0x00000000e4e00000| Untracked 
|  79|0x00000000e4f00000, 0x00000000e4f00000, 0x00000000e5000000|  0%| F|  |TAMS 0x00000000e4f00000, 0x00000000e4f00000| Untracked 
|  80|0x00000000e5000000, 0x00000000e5000000, 0x00000000e5100000|  0%| F|  |TAMS 0x00000000e5000000, 0x00000000e5000000| Untracked 
|  81|0x00000000e5100000, 0x00000000e5100000, 0x00000000e5200000|  0%| F|  |TAMS 0x00000000e5100000, 0x00000000e5100000| Untracked 
|  82|0x00000000e5200000, 0x00000000e5200000, 0x00000000e5300000|  0%| F|  |TAMS 0x00000000e5200000, 0x00000000e5200000| Untracked 
|  83|0x00000000e5300000, 0x00000000e5300000, 0x00000000e5400000|  0%| F|  |TAMS 0x00000000e5300000, 0x00000000e5300000| Untracked 
|  84|0x00000000e5400000, 0x00000000e5400000, 0x00000000e5500000|  0%| F|  |TAMS 0x00000000e5400000, 0x00000000e5400000| Untracked 
|  85|0x00000000e5500000, 0x00000000e5500000, 0x00000000e5600000|  0%| F|  |TAMS 0x00000000e5500000, 0x00000000e5500000| Untracked 
|  86|0x00000000e5600000, 0x00000000e5600000, 0x00000000e5700000|  0%| F|  |TAMS 0x00000000e5600000, 0x00000000e5600000| Untracked 
|  87|0x00000000e5700000, 0x00000000e5700000, 0x00000000e5800000|  0%| F|  |TAMS 0x00000000e5700000, 0x00000000e5700000| Untracked 
|  88|0x00000000e5800000, 0x00000000e5800000, 0x00000000e5900000|  0%| F|  |TAMS 0x00000000e5800000, 0x00000000e5800000| Untracked 
|  89|0x00000000e5900000, 0x00000000e5900000, 0x00000000e5a00000|  0%| F|  |TAMS 0x00000000e5900000, 0x00000000e5900000| Untracked 
|  90|0x00000000e5a00000, 0x00000000e5a00000, 0x00000000e5b00000|  0%| F|  |TAMS 0x00000000e5a00000, 0x00000000e5a00000| Untracked 
|  91|0x00000000e5b00000, 0x00000000e5b00000, 0x00000000e5c00000|  0%| F|  |TAMS 0x00000000e5b00000, 0x00000000e5b00000| Untracked 
|  92|0x00000000e5c00000, 0x00000000e5c00000, 0x00000000e5d00000|  0%| F|  |TAMS 0x00000000e5c00000, 0x00000000e5c00000| Untracked 
|  93|0x00000000e5d00000, 0x00000000e5d00000, 0x00000000e5e00000|  0%| F|  |TAMS 0x00000000e5d00000, 0x00000000e5d00000| Untracked 
|  94|0x00000000e5e00000, 0x00000000e5e00000, 0x00000000e5f00000|  0%| F|  |TAMS 0x00000000e5e00000, 0x00000000e5e00000| Untracked 
|  95|0x00000000e5f00000, 0x00000000e5f00000, 0x00000000e6000000|  0%| F|  |TAMS 0x00000000e5f00000, 0x00000000e5f00000| Untracked 
|  96|0x00000000e6000000, 0x00000000e6000000, 0x00000000e6100000|  0%| F|  |TAMS 0x00000000e6000000, 0x00000000e6000000| Untracked 
|  97|0x00000000e6100000, 0x00000000e6100000, 0x00000000e6200000|  0%| F|  |TAMS 0x00000000e6100000, 0x00000000e6100000| Untracked 
|  98|0x00000000e6200000, 0x00000000e6200000, 0x00000000e6300000|  0%| F|  |TAMS 0x00000000e6200000, 0x00000000e6200000| Untracked 
|  99|0x00000000e6300000, 0x00000000e6300000, 0x00000000e6400000|  0%| F|  |TAMS 0x00000000e6300000, 0x00000000e6300000| Untracked 
| 100|0x00000000e6400000, 0x00000000e6400000, 0x00000000e6500000|  0%| F|  |TAMS 0x00000000e6400000, 0x00000000e6400000| Untracked 
| 101|0x00000000e6500000, 0x00000000e6500000, 0x00000000e6600000|  0%| F|  |TAMS 0x00000000e6500000, 0x00000000e6500000| Untracked 
| 102|0x00000000e6600000, 0x00000000e6600000, 0x00000000e6700000|  0%| F|  |TAMS 0x00000000e6600000, 0x00000000e6600000| Untracked 
| 103|0x00000000e6700000, 0x00000000e6700000, 0x00000000e6800000|  0%| F|  |TAMS 0x00000000e6700000, 0x00000000e6700000| Untracked 
| 104|0x00000000e6800000, 0x00000000e6800000, 0x00000000e6900000|  0%| F|  |TAMS 0x00000000e6800000, 0x00000000e6800000| Untracked 
| 105|0x00000000e6900000, 0x00000000e6900000, 0x00000000e6a00000|  0%| F|  |TAMS 0x00000000e6900000, 0x00000000e6900000| Untracked 
| 106|0x00000000e6a00000, 0x00000000e6a00000, 0x00000000e6b00000|  0%| F|  |TAMS 0x00000000e6a00000, 0x00000000e6a00000| Untracked 
| 107|0x00000000e6b00000, 0x00000000e6b00000, 0x00000000e6c00000|  0%| F|  |TAMS 0x00000000e6b00000, 0x00000000e6b00000| Untracked 
| 108|0x00000000e6c00000, 0x00000000e6c00000, 0x00000000e6d00000|  0%| F|  |TAMS 0x00000000e6c00000, 0x00000000e6c00000| Untracked 
| 109|0x00000000e6d00000, 0x00000000e6d00000, 0x00000000e6e00000|  0%| F|  |TAMS 0x00000000e6d00000, 0x00000000e6d00000| Untracked 
| 110|0x00000000e6e00000, 0x00000000e6e00000, 0x00000000e6f00000|  0%| F|  |TAMS 0x00000000e6e00000, 0x00000000e6e00000| Untracked 
| 111|0x00000000e6f00000, 0x00000000e6f00000, 0x00000000e7000000|  0%| F|  |TAMS 0x00000000e6f00000, 0x00000000e6f00000| Untracked 
| 112|0x00000000e7000000, 0x00000000e7000000, 0x00000000e7100000|  0%| F|  |TAMS 0x00000000e7000000, 0x00000000e7000000| Untracked 
| 113|0x00000000e7100000, 0x00000000e7100000, 0x00000000e7200000|  0%| F|  |TAMS 0x00000000e7100000, 0x00000000e7100000| Untracked 
| 114|0x00000000e7200000, 0x00000000e7200000, 0x00000000e7300000|  0%| F|  |TAMS 0x00000000e7200000, 0x00000000e7200000| Untracked 
| 115|0x00000000e7300000, 0x00000000e7300000, 0x00000000e7400000|  0%| F|  |TAMS 0x00000000e7300000, 0x00000000e7300000| Untracked 
| 116|0x00000000e7400000, 0x00000000e7400000, 0x00000000e7500000|  0%| F|  |TAMS 0x00000000e7400000, 0x00000000e7400000| Untracked 
| 117|0x00000000e7500000, 0x00000000e7500000, 0x00000000e7600000|  0%| F|  |TAMS 0x00000000e7500000, 0x00000000e7500000| Untracked 
| 118|0x00000000e7600000, 0x00000000e7600000, 0x00000000e7700000|  0%| F|  |TAMS 0x00000000e7600000, 0x00000000e7600000| Untracked 
| 119|0x00000000e7700000, 0x00000000e7700000, 0x00000000e7800000|  0%| F|  |TAMS 0x00000000e7700000, 0x00000000e7700000| Untracked 
| 120|0x00000000e7800000, 0x00000000e7800000, 0x00000000e7900000|  0%| F|  |TAMS 0x00000000e7800000, 0x00000000e7800000| Untracked 
| 121|0x00000000e7900000, 0x00000000e7900000, 0x00000000e7a00000|  0%| F|  |TAMS 0x00000000e7900000, 0x00000000e7900000| Untracked 
| 122|0x00000000e7a00000, 0x00000000e7a00000, 0x00000000e7b00000|  0%| F|  |TAMS 0x00000000e7a00000, 0x00000000e7a00000| Untracked 
| 123|0x00000000e7b00000, 0x00000000e7b00000, 0x00000000e7c00000|  0%| F|  |TAMS 0x00000000e7b00000, 0x00000000e7b00000| Untracked 
| 124|0x00000000e7c00000, 0x00000000e7c00000, 0x00000000e7d00000|  0%| F|  |TAMS 0x00000000e7c00000, 0x00000000e7c00000| Untracked 
| 125|0x00000000e7d00000, 0x00000000e7d00000, 0x00000000e7e00000|  0%| F|  |TAMS 0x00000000e7d00000, 0x00000000e7d00000| Untracked 
| 126|0x00000000e7e00000, 0x00000000e7e00000, 0x00000000e7f00000|  0%| F|  |TAMS 0x00000000e7e00000, 0x00000000e7e00000| Untracked 
| 127|0x00000000e7f00000, 0x00000000e7f00000, 0x00000000e8000000|  0%| F|  |TAMS 0x00000000e7f00000, 0x00000000e7f00000| Untracked 
| 128|0x00000000e8000000, 0x00000000e8000000, 0x00000000e8100000|  0%| F|  |TAMS 0x00000000e8000000, 0x00000000e8000000| Untracked 
| 129|0x00000000e8100000, 0x00000000e8100000, 0x00000000e8200000|  0%| F|  |TAMS 0x00000000e8100000, 0x00000000e8100000| Untracked 
| 130|0x00000000e8200000, 0x00000000e8200000, 0x00000000e8300000|  0%| F|  |TAMS 0x00000000e8200000, 0x00000000e8200000| Untracked 
| 131|0x00000000e8300000, 0x00000000e8300000, 0x00000000e8400000|  0%| F|  |TAMS 0x00000000e8300000, 0x00000000e8300000| Untracked 
| 132|0x00000000e8400000, 0x00000000e8400000, 0x00000000e8500000|  0%| F|  |TAMS 0x00000000e8400000, 0x00000000e8400000| Untracked 
| 133|0x00000000e8500000, 0x00000000e8500000, 0x00000000e8600000|  0%| F|  |TAMS 0x00000000e8500000, 0x00000000e8500000| Untracked 
| 134|0x00000000e8600000, 0x00000000e8600000, 0x00000000e8700000|  0%| F|  |TAMS 0x00000000e8600000, 0x00000000e8600000| Untracked 
| 135|0x00000000e8700000, 0x00000000e8700000, 0x00000000e8800000|  0%| F|  |TAMS 0x00000000e8700000, 0x00000000e8700000| Untracked 
| 136|0x00000000e8800000, 0x00000000e8800000, 0x00000000e8900000|  0%| F|  |TAMS 0x00000000e8800000, 0x00000000e8800000| Untracked 
| 137|0x00000000e8900000, 0x00000000e8900000, 0x00000000e8a00000|  0%| F|  |TAMS 0x00000000e8900000, 0x00000000e8900000| Untracked 
| 138|0x00000000e8a00000, 0x00000000e8a00000, 0x00000000e8b00000|  0%| F|  |TAMS 0x00000000e8a00000, 0x00000000e8a00000| Untracked 
| 139|0x00000000e8b00000, 0x00000000e8b00000, 0x00000000e8c00000|  0%| F|  |TAMS 0x00000000e8b00000, 0x00000000e8b00000| Untracked 
| 140|0x00000000e8c00000, 0x00000000e8c00000, 0x00000000e8d00000|  0%| F|  |TAMS 0x00000000e8c00000, 0x00000000e8c00000| Untracked 
| 141|0x00000000e8d00000, 0x00000000e8d00000, 0x00000000e8e00000|  0%| F|  |TAMS 0x00000000e8d00000, 0x00000000e8d00000| Untracked 
| 142|0x00000000e8e00000, 0x00000000e8e00000, 0x00000000e8f00000|  0%| F|  |TAMS 0x00000000e8e00000, 0x00000000e8e00000| Untracked 
| 143|0x00000000e8f00000, 0x00000000e8f00000, 0x00000000e9000000|  0%| F|  |TAMS 0x00000000e8f00000, 0x00000000e8f00000| Untracked 
| 144|0x00000000e9000000, 0x00000000e9000000, 0x00000000e9100000|  0%| F|  |TAMS 0x00000000e9000000, 0x00000000e9000000| Untracked 
| 145|0x00000000e9100000, 0x00000000e9100000, 0x00000000e9200000|  0%| F|  |TAMS 0x00000000e9100000, 0x00000000e9100000| Untracked 
| 146|0x00000000e9200000, 0x00000000e9200000, 0x00000000e9300000|  0%| F|  |TAMS 0x00000000e9200000, 0x00000000e9200000| Untracked 
| 147|0x00000000e9300000, 0x00000000e9300000, 0x00000000e9400000|  0%| F|  |TAMS 0x00000000e9300000, 0x00000000e9300000| Untracked 
| 148|0x00000000e9400000, 0x00000000e9400000, 0x00000000e9500000|  0%| F|  |TAMS 0x00000000e9400000, 0x00000000e9400000| Untracked 
| 149|0x00000000e9500000, 0x00000000e9500000, 0x00000000e9600000|  0%| F|  |TAMS 0x00000000e9500000, 0x00000000e9500000| Untracked 
| 150|0x00000000e9600000, 0x00000000e9600000, 0x00000000e9700000|  0%| F|  |TAMS 0x00000000e9600000, 0x00000000e9600000| Untracked 
| 151|0x00000000e9700000, 0x00000000e9700000, 0x00000000e9800000|  0%| F|  |TAMS 0x00000000e9700000, 0x00000000e9700000| Untracked 
| 152|0x00000000e9800000, 0x00000000e9800000, 0x00000000e9900000|  0%| F|  |TAMS 0x00000000e9800000, 0x00000000e9800000| Untracked 
| 153|0x00000000e9900000, 0x00000000e9900000, 0x00000000e9a00000|  0%| F|  |TAMS 0x00000000e9900000, 0x00000000e9900000| Untracked 
| 154|0x00000000e9a00000, 0x00000000e9a00000, 0x00000000e9b00000|  0%| F|  |TAMS 0x00000000e9a00000, 0x00000000e9a00000| Untracked 
| 155|0x00000000e9b00000, 0x00000000e9b00000, 0x00000000e9c00000|  0%| F|  |TAMS 0x00000000e9b00000, 0x00000000e9b00000| Untracked 
| 156|0x00000000e9c00000, 0x00000000e9c00000, 0x00000000e9d00000|  0%| F|  |TAMS 0x00000000e9c00000, 0x00000000e9c00000| Untracked 
| 157|0x00000000e9d00000, 0x00000000e9d00000, 0x00000000e9e00000|  0%| F|  |TAMS 0x00000000e9d00000, 0x00000000e9d00000| Untracked 
| 158|0x00000000e9e00000, 0x00000000e9e00000, 0x00000000e9f00000|  0%| F|  |TAMS 0x00000000e9e00000, 0x00000000e9e00000| Untracked 
| 159|0x00000000e9f00000, 0x00000000e9f00000, 0x00000000ea000000|  0%| F|  |TAMS 0x00000000e9f00000, 0x00000000e9f00000| Untracked 
| 160|0x00000000ea000000, 0x00000000ea000000, 0x00000000ea100000|  0%| F|  |TAMS 0x00000000ea000000, 0x00000000ea000000| Untracked 
| 161|0x00000000ea100000, 0x00000000ea100000, 0x00000000ea200000|  0%| F|  |TAMS 0x00000000ea100000, 0x00000000ea100000| Untracked 
| 162|0x00000000ea200000, 0x00000000ea200000, 0x00000000ea300000|  0%| F|  |TAMS 0x00000000ea200000, 0x00000000ea200000| Untracked 
| 163|0x00000000ea300000, 0x00000000ea300000, 0x00000000ea400000|  0%| F|  |TAMS 0x00000000ea300000, 0x00000000ea300000| Untracked 
| 164|0x00000000ea400000, 0x00000000ea400000, 0x00000000ea500000|  0%| F|  |TAMS 0x00000000ea400000, 0x00000000ea400000| Untracked 
| 165|0x00000000ea500000, 0x00000000ea500000, 0x00000000ea600000|  0%| F|  |TAMS 0x00000000ea500000, 0x00000000ea500000| Untracked 
| 166|0x00000000ea600000, 0x00000000ea600000, 0x00000000ea700000|  0%| F|  |TAMS 0x00000000ea600000, 0x00000000ea600000| Untracked 
| 167|0x00000000ea700000, 0x00000000ea700000, 0x00000000ea800000|  0%| F|  |TAMS 0x00000000ea700000, 0x00000000ea700000| Untracked 
| 168|0x00000000ea800000, 0x00000000ea800000, 0x00000000ea900000|  0%| F|  |TAMS 0x00000000ea800000, 0x00000000ea800000| Untracked 
| 169|0x00000000ea900000, 0x00000000ea900000, 0x00000000eaa00000|  0%| F|  |TAMS 0x00000000ea900000, 0x00000000ea900000| Untracked 
| 170|0x00000000eaa00000, 0x00000000eaa00000, 0x00000000eab00000|  0%| F|  |TAMS 0x00000000eaa00000, 0x00000000eaa00000| Untracked 
| 171|0x00000000eab00000, 0x00000000eab00000, 0x00000000eac00000|  0%| F|  |TAMS 0x00000000eab00000, 0x00000000eab00000| Untracked 
| 172|0x00000000eac00000, 0x00000000eac00000, 0x00000000ead00000|  0%| F|  |TAMS 0x00000000eac00000, 0x00000000eac00000| Untracked 
| 173|0x00000000ead00000, 0x00000000ead00000, 0x00000000eae00000|  0%| F|  |TAMS 0x00000000ead00000, 0x00000000ead00000| Untracked 
| 174|0x00000000eae00000, 0x00000000eae00000, 0x00000000eaf00000|  0%| F|  |TAMS 0x00000000eae00000, 0x00000000eae00000| Untracked 
| 175|0x00000000eaf00000, 0x00000000eaf00000, 0x00000000eb000000|  0%| F|  |TAMS 0x00000000eaf00000, 0x00000000eaf00000| Untracked 
| 176|0x00000000eb000000, 0x00000000eb000000, 0x00000000eb100000|  0%| F|  |TAMS 0x00000000eb000000, 0x00000000eb000000| Untracked 
| 177|0x00000000eb100000, 0x00000000eb100000, 0x00000000eb200000|  0%| F|  |TAMS 0x00000000eb100000, 0x00000000eb100000| Untracked 
| 178|0x00000000eb200000, 0x00000000eb200000, 0x00000000eb300000|  0%| F|  |TAMS 0x00000000eb200000, 0x00000000eb200000| Untracked 
| 179|0x00000000eb300000, 0x00000000eb300000, 0x00000000eb400000|  0%| F|  |TAMS 0x00000000eb300000, 0x00000000eb300000| Untracked 
| 180|0x00000000eb400000, 0x00000000eb400000, 0x00000000eb500000|  0%| F|  |TAMS 0x00000000eb400000, 0x00000000eb400000| Untracked 
| 181|0x00000000eb500000, 0x00000000eb500000, 0x00000000eb600000|  0%| F|  |TAMS 0x00000000eb500000, 0x00000000eb500000| Untracked 
| 182|0x00000000eb600000, 0x00000000eb600000, 0x00000000eb700000|  0%| F|  |TAMS 0x00000000eb600000, 0x00000000eb600000| Untracked 
| 183|0x00000000eb700000, 0x00000000eb700000, 0x00000000eb800000|  0%| F|  |TAMS 0x00000000eb700000, 0x00000000eb700000| Untracked 
| 184|0x00000000eb800000, 0x00000000eb800000, 0x00000000eb900000|  0%| F|  |TAMS 0x00000000eb800000, 0x00000000eb800000| Untracked 
| 185|0x00000000eb900000, 0x00000000eb900000, 0x00000000eba00000|  0%| F|  |TAMS 0x00000000eb900000, 0x00000000eb900000| Untracked 
| 186|0x00000000eba00000, 0x00000000eba00000, 0x00000000ebb00000|  0%| F|  |TAMS 0x00000000eba00000, 0x00000000eba00000| Untracked 
| 187|0x00000000ebb00000, 0x00000000ebb8acf0, 0x00000000ebc00000| 54%| S|CS|TAMS 0x00000000ebb00000, 0x00000000ebb00000| Complete 
| 188|0x00000000ebc00000, 0x00000000ebd00000, 0x00000000ebd00000|100%| S|CS|TAMS 0x00000000ebc00000, 0x00000000ebc00000| Complete 
| 189|0x00000000ebd00000, 0x00000000ebe00000, 0x00000000ebe00000|100%| S|CS|TAMS 0x00000000ebd00000, 0x00000000ebd00000| Complete 
| 190|0x00000000ebe00000, 0x00000000ebf00000, 0x00000000ebf00000|100%| S|CS|TAMS 0x00000000ebe00000, 0x00000000ebe00000| Complete 
| 191|0x00000000ebf00000, 0x00000000ec000000, 0x00000000ec000000|100%| S|CS|TAMS 0x00000000ebf00000, 0x00000000ebf00000| Complete 
| 192|0x00000000ec000000, 0x00000000ec100000, 0x00000000ec100000|100%| S|CS|TAMS 0x00000000ec000000, 0x00000000ec000000| Complete 
| 193|0x00000000ec100000, 0x00000000ec200000, 0x00000000ec200000|100%| S|CS|TAMS 0x00000000ec100000, 0x00000000ec100000| Complete 
| 194|0x00000000ec200000, 0x00000000ec200000, 0x00000000ec300000|  0%| F|  |TAMS 0x00000000ec200000, 0x00000000ec200000| Untracked 
| 195|0x00000000ec300000, 0x00000000ec300000, 0x00000000ec400000|  0%| F|  |TAMS 0x00000000ec300000, 0x00000000ec300000| Untracked 
| 196|0x00000000ec400000, 0x00000000ec400000, 0x00000000ec500000|  0%| F|  |TAMS 0x00000000ec400000, 0x00000000ec400000| Untracked 
| 197|0x00000000ec500000, 0x00000000ec500000, 0x00000000ec600000|  0%| F|  |TAMS 0x00000000ec500000, 0x00000000ec500000| Untracked 
| 198|0x00000000ec600000, 0x00000000ec600000, 0x00000000ec700000|  0%| F|  |TAMS 0x00000000ec600000, 0x00000000ec600000| Untracked 
| 199|0x00000000ec700000, 0x00000000ec700000, 0x00000000ec800000|  0%| F|  |TAMS 0x00000000ec700000, 0x00000000ec700000| Untracked 
| 200|0x00000000ec800000, 0x00000000ec800000, 0x00000000ec900000|  0%| F|  |TAMS 0x00000000ec800000, 0x00000000ec800000| Untracked 
| 201|0x00000000ec900000, 0x00000000ec900000, 0x00000000eca00000|  0%| F|  |TAMS 0x00000000ec900000, 0x00000000ec900000| Untracked 
| 202|0x00000000eca00000, 0x00000000eca00000, 0x00000000ecb00000|  0%| F|  |TAMS 0x00000000eca00000, 0x00000000eca00000| Untracked 
| 203|0x00000000ecb00000, 0x00000000ecb00000, 0x00000000ecc00000|  0%| F|  |TAMS 0x00000000ecb00000, 0x00000000ecb00000| Untracked 
| 204|0x00000000ecc00000, 0x00000000ecc00000, 0x00000000ecd00000|  0%| F|  |TAMS 0x00000000ecc00000, 0x00000000ecc00000| Untracked 
| 205|0x00000000ecd00000, 0x00000000ecd00000, 0x00000000ece00000|  0%| F|  |TAMS 0x00000000ecd00000, 0x00000000ecd00000| Untracked 
| 206|0x00000000ece00000, 0x00000000ece00000, 0x00000000ecf00000|  0%| F|  |TAMS 0x00000000ece00000, 0x00000000ece00000| Untracked 
| 207|0x00000000ecf00000, 0x00000000ecf00000, 0x00000000ed000000|  0%| F|  |TAMS 0x00000000ecf00000, 0x00000000ecf00000| Untracked 
| 208|0x00000000ed000000, 0x00000000ed000000, 0x00000000ed100000|  0%| F|  |TAMS 0x00000000ed000000, 0x00000000ed000000| Untracked 
| 209|0x00000000ed100000, 0x00000000ed100000, 0x00000000ed200000|  0%| F|  |TAMS 0x00000000ed100000, 0x00000000ed100000| Untracked 
| 210|0x00000000ed200000, 0x00000000ed200000, 0x00000000ed300000|  0%| F|  |TAMS 0x00000000ed200000, 0x00000000ed200000| Untracked 
| 211|0x00000000ed300000, 0x00000000ed300000, 0x00000000ed400000|  0%| F|  |TAMS 0x00000000ed300000, 0x00000000ed300000| Untracked 
| 212|0x00000000ed400000, 0x00000000ed400000, 0x00000000ed500000|  0%| F|  |TAMS 0x00000000ed400000, 0x00000000ed400000| Untracked 
| 213|0x00000000ed500000, 0x00000000ed500000, 0x00000000ed600000|  0%| F|  |TAMS 0x00000000ed500000, 0x00000000ed500000| Untracked 
| 214|0x00000000ed600000, 0x00000000ed600000, 0x00000000ed700000|  0%| F|  |TAMS 0x00000000ed600000, 0x00000000ed600000| Untracked 
| 215|0x00000000ed700000, 0x00000000ed700000, 0x00000000ed800000|  0%| F|  |TAMS 0x00000000ed700000, 0x00000000ed700000| Untracked 
| 216|0x00000000ed800000, 0x00000000ed800000, 0x00000000ed900000|  0%| F|  |TAMS 0x00000000ed800000, 0x00000000ed800000| Untracked 
| 217|0x00000000ed900000, 0x00000000ed900000, 0x00000000eda00000|  0%| F|  |TAMS 0x00000000ed900000, 0x00000000ed900000| Untracked 
| 218|0x00000000eda00000, 0x00000000eda00000, 0x00000000edb00000|  0%| F|  |TAMS 0x00000000eda00000, 0x00000000eda00000| Untracked 
| 219|0x00000000edb00000, 0x00000000edb00000, 0x00000000edc00000|  0%| F|  |TAMS 0x00000000edb00000, 0x00000000edb00000| Untracked 
| 220|0x00000000edc00000, 0x00000000edc00000, 0x00000000edd00000|  0%| F|  |TAMS 0x00000000edc00000, 0x00000000edc00000| Untracked 
| 221|0x00000000edd00000, 0x00000000edd00000, 0x00000000ede00000|  0%| F|  |TAMS 0x00000000edd00000, 0x00000000edd00000| Untracked 
| 222|0x00000000ede00000, 0x00000000ede00000, 0x00000000edf00000|  0%| F|  |TAMS 0x00000000ede00000, 0x00000000ede00000| Untracked 
| 223|0x00000000edf00000, 0x00000000edf00000, 0x00000000ee000000|  0%| F|  |TAMS 0x00000000edf00000, 0x00000000edf00000| Untracked 
| 224|0x00000000ee000000, 0x00000000ee000000, 0x00000000ee100000|  0%| F|  |TAMS 0x00000000ee000000, 0x00000000ee000000| Untracked 
| 225|0x00000000ee100000, 0x00000000ee100000, 0x00000000ee200000|  0%| F|  |TAMS 0x00000000ee100000, 0x00000000ee100000| Untracked 
| 226|0x00000000ee200000, 0x00000000ee200000, 0x00000000ee300000|  0%| F|  |TAMS 0x00000000ee200000, 0x00000000ee200000| Untracked 
| 227|0x00000000ee300000, 0x00000000ee300000, 0x00000000ee400000|  0%| F|  |TAMS 0x00000000ee300000, 0x00000000ee300000| Untracked 
| 228|0x00000000ee400000, 0x00000000ee400000, 0x00000000ee500000|  0%| F|  |TAMS 0x00000000ee400000, 0x00000000ee400000| Untracked 
| 229|0x00000000ee500000, 0x00000000ee500000, 0x00000000ee600000|  0%| F|  |TAMS 0x00000000ee500000, 0x00000000ee500000| Untracked 
| 230|0x00000000ee600000, 0x00000000ee600000, 0x00000000ee700000|  0%| F|  |TAMS 0x00000000ee600000, 0x00000000ee600000| Untracked 
| 231|0x00000000ee700000, 0x00000000ee700000, 0x00000000ee800000|  0%| F|  |TAMS 0x00000000ee700000, 0x00000000ee700000| Untracked 
| 232|0x00000000ee800000, 0x00000000ee800000, 0x00000000ee900000|  0%| F|  |TAMS 0x00000000ee800000, 0x00000000ee800000| Untracked 
| 233|0x00000000ee900000, 0x00000000ee900000, 0x00000000eea00000|  0%| F|  |TAMS 0x00000000ee900000, 0x00000000ee900000| Untracked 
| 234|0x00000000eea00000, 0x00000000eea00000, 0x00000000eeb00000|  0%| F|  |TAMS 0x00000000eea00000, 0x00000000eea00000| Untracked 
| 235|0x00000000eeb00000, 0x00000000eeb00000, 0x00000000eec00000|  0%| F|  |TAMS 0x00000000eeb00000, 0x00000000eeb00000| Untracked 
| 236|0x00000000eec00000, 0x00000000eec00000, 0x00000000eed00000|  0%| F|  |TAMS 0x00000000eec00000, 0x00000000eec00000| Untracked 
| 237|0x00000000eed00000, 0x00000000eed00000, 0x00000000eee00000|  0%| F|  |TAMS 0x00000000eed00000, 0x00000000eed00000| Untracked 
| 238|0x00000000eee00000, 0x00000000eee00000, 0x00000000eef00000|  0%| F|  |TAMS 0x00000000eee00000, 0x00000000eee00000| Untracked 
| 239|0x00000000eef00000, 0x00000000eef00000, 0x00000000ef000000|  0%| F|  |TAMS 0x00000000eef00000, 0x00000000eef00000| Untracked 
| 240|0x00000000ef000000, 0x00000000ef000000, 0x00000000ef100000|  0%| F|  |TAMS 0x00000000ef000000, 0x00000000ef000000| Untracked 
| 241|0x00000000ef100000, 0x00000000ef100000, 0x00000000ef200000|  0%| F|  |TAMS 0x00000000ef100000, 0x00000000ef100000| Untracked 
| 242|0x00000000ef200000, 0x00000000ef200000, 0x00000000ef300000|  0%| F|  |TAMS 0x00000000ef200000, 0x00000000ef200000| Untracked 
| 243|0x00000000ef300000, 0x00000000ef300000, 0x00000000ef400000|  0%| F|  |TAMS 0x00000000ef300000, 0x00000000ef300000| Untracked 
| 244|0x00000000ef400000, 0x00000000ef400000, 0x00000000ef500000|  0%| F|  |TAMS 0x00000000ef400000, 0x00000000ef400000| Untracked 
| 245|0x00000000ef500000, 0x00000000ef500000, 0x00000000ef600000|  0%| F|  |TAMS 0x00000000ef500000, 0x00000000ef500000| Untracked 
| 246|0x00000000ef600000, 0x00000000ef600000, 0x00000000ef700000|  0%| F|  |TAMS 0x00000000ef600000, 0x00000000ef600000| Untracked 
| 247|0x00000000ef700000, 0x00000000ef700000, 0x00000000ef800000|  0%| F|  |TAMS 0x00000000ef700000, 0x00000000ef700000| Untracked 
| 248|0x00000000ef800000, 0x00000000ef800000, 0x00000000ef900000|  0%| F|  |TAMS 0x00000000ef800000, 0x00000000ef800000| Untracked 
| 249|0x00000000ef900000, 0x00000000ef900000, 0x00000000efa00000|  0%| F|  |TAMS 0x00000000ef900000, 0x00000000ef900000| Untracked 
| 250|0x00000000efa00000, 0x00000000efb00000, 0x00000000efb00000|100%| E|  |TAMS 0x00000000efa00000, 0x00000000efa00000| Complete 
| 251|0x00000000efb00000, 0x00000000efc00000, 0x00000000efc00000|100%| E|CS|TAMS 0x00000000efb00000, 0x00000000efb00000| Complete 
| 252|0x00000000efc00000, 0x00000000efd00000, 0x00000000efd00000|100%| E|CS|TAMS 0x00000000efc00000, 0x00000000efc00000| Complete 
| 253|0x00000000efd00000, 0x00000000efe00000, 0x00000000efe00000|100%| E|CS|TAMS 0x00000000efd00000, 0x00000000efd00000| Complete 
| 254|0x00000000efe00000, 0x00000000eff00000, 0x00000000eff00000|100%| E|CS|TAMS 0x00000000efe00000, 0x00000000efe00000| Complete 
| 255|0x00000000eff00000, 0x00000000f0000000, 0x00000000f0000000|100%| E|CS|TAMS 0x00000000eff00000, 0x00000000eff00000| Complete 

Card table byte_map: [0x000001b347320000,0x000001b347420000] _byte_map_base: 0x000001b346c20000

Marking Bits (Prev, Next): (CMBitMap*) 0x000001b32e0cc5e0, (CMBitMap*) 0x000001b32e0cc5a8
 Prev Bits: [0x000001b347d20000, 0x000001b348520000)
 Next Bits: [0x000001b347520000, 0x000001b347d20000)

Polling page: 0x000001b32df00000

Metaspace:

Usage:
  Non-class:     27.75 MB capacity,    27.54 MB (>99%) used,   173.50 KB ( <1%) free+waste,    43.13 KB ( <1%) overhead. 
      Class:      4.19 MB capacity,     3.99 MB ( 95%) used,   180.45 KB (  4%) free+waste,    19.63 KB ( <1%) overhead. 
       Both:     31.94 MB capacity,    31.53 MB ( 99%) used,   353.95 KB (  1%) free+waste,    62.75 KB ( <1%) overhead. 

Virtual space:
  Non-class space:       28.00 MB reserved,      27.75 MB (>99%) committed 
      Class space:      248.00 MB reserved,       4.25 MB (  2%) committed 
             Both:      276.00 MB reserved,      32.00 MB ( 12%) committed 

Chunk freelists:
   Non-Class:  0 bytes
       Class:  128 bytes
        Both:  128 bytes

CodeHeap 'non-profiled nmethods': size=120064Kb used=924Kb max_used=924Kb free=119139Kb
 bounds [0x000001b33f6c0000, 0x000001b33f930000, 0x000001b346c00000]
CodeHeap 'profiled nmethods': size=120000Kb used=4741Kb max_used=4741Kb free=115258Kb
 bounds [0x000001b338190000, 0x000001b338640000, 0x000001b33f6c0000]
CodeHeap 'non-nmethods': size=5696Kb used=1163Kb max_used=1185Kb free=4532Kb
 bounds [0x000001b337c00000, 0x000001b337e70000, 0x000001b338190000]
 total_blobs=3445 nmethods=2224 adapters=412
 compilation: enabled
              stopped_count=0, restarted_count=0
 full_count=0

Compilation events (10 events):
Event: 4.192 Thread 0x000001b34b498000 2419       3       com.google.common.collect.ImmutableCollection$ArrayBasedBuilder::add (34 bytes)
Event: 4.193 Thread 0x000001b34b498000 nmethod 2419 0x000001b338627d90 code [0x000001b338627f80, 0x000001b338628420]
Event: 4.197 Thread 0x000001b34b498000 2420       1       sun.reflect.generics.reflectiveObjects.TypeVariableImpl::getName (5 bytes)
Event: 4.197 Thread 0x000001b34b498000 nmethod 2420 0x000001b33f7a6e10 code [0x000001b33f7a6fc0, 0x000001b33f7a70d8]
Event: 4.197 Thread 0x000001b34b498000 2421       3       java.util.Objects::hashCode (13 bytes)
Event: 4.198 Thread 0x000001b34b498000 nmethod 2421 0x000001b338628590 code [0x000001b338628760, 0x000001b3386289d0]
Event: 4.199 Thread 0x000001b34b498000 2422       3       sun.reflect.generics.parser.SignatureParser::init (16 bytes)
Event: 4.199 Thread 0x000001b34b498000 nmethod 2422 0x000001b338628a90 code [0x000001b338628c40, 0x000001b338628df8]
Event: 4.203 Thread 0x000001b34b498000 2423       3       com.google.common.cache.LocalCache::discardingQueue (4 bytes)
Event: 4.204 Thread 0x000001b34b498000 nmethod 2423 0x000001b338628e90 code [0x000001b338629040, 0x000001b338629198]

GC Heap History (10 events):
Event: 0.983 GC heap before
{Heap before GC invocations=1 (full 0):
 garbage-first heap   total 262144K, used 20567K [0x00000000e0000000, 0x0000000100000000)
  region size 1024K, 15 young (15360K), 2 survivors (2048K)
 Metaspace       used 10719K, capacity 10922K, committed 11008K, reserved 264192K
  class space    used 1131K, capacity 1195K, committed 1280K, reserved 253952K
}
Event: 0.986 GC heap after
{Heap after GC invocations=2 (full 0):
 garbage-first heap   total 262144K, used 7791K [0x00000000e0000000, 0x0000000100000000)
  region size 1024K, 1 young (1024K), 1 survivors (1024K)
 Metaspace       used 10719K, capacity 10922K, committed 11008K, reserved 264192K
  class space    used 1131K, capacity 1195K, committed 1280K, reserved 253952K
}
Event: 1.617 GC heap before
{Heap before GC invocations=2 (full 0):
 garbage-first heap   total 262144K, used 38511K [0x00000000e0000000, 0x0000000100000000)
  region size 1024K, 31 young (31744K), 1 survivors (1024K)
 Metaspace       used 13436K, capacity 13756K, committed 13952K, reserved 266240K
  class space    used 1503K, capacity 1611K, committed 1664K, reserved 253952K
}
Event: 1.623 GC heap after
{Heap after GC invocations=3 (full 0):
 garbage-first heap   total 262144K, used 13164K [0x00000000e0000000, 0x0000000100000000)
  region size 1024K, 4 young (4096K), 4 survivors (4096K)
 Metaspace       used 13436K, capacity 13756K, committed 13952K, reserved 266240K
  class space    used 1503K, capacity 1611K, committed 1664K, reserved 253952K
}
Event: 2.952 GC heap before
{Heap before GC invocations=3 (full 0):
 garbage-first heap   total 262144K, used 55148K [0x00000000e0000000, 0x0000000100000000)
  region size 1024K, 45 young (46080K), 4 survivors (4096K)
 Metaspace       used 20489K, capacity 20900K, committed 21248K, reserved 272384K
  class space    used 2590K, capacity 2721K, committed 2816K, reserved 253952K
}
Event: 2.959 GC heap after
{Heap after GC invocations=4 (full 0):
 garbage-first heap   total 262144K, used 15242K [0x00000000e0000000, 0x0000000100000000)
  region size 1024K, 3 young (3072K), 3 survivors (3072K)
 Metaspace       used 20489K, capacity 20900K, committed 21248K, reserved 272384K
  class space    used 2590K, capacity 2721K, committed 2816K, reserved 253952K
}
Event: 2.985 GC heap before
{Heap before GC invocations=4 (full 0):
 garbage-first heap   total 262144K, used 16266K [0x00000000e0000000, 0x0000000100000000)
  region size 1024K, 5 young (5120K), 3 survivors (3072K)
 Metaspace       used 20785K, capacity 21165K, committed 21248K, reserved 272384K
  class space    used 2626K, capacity 2788K, committed 2816K, reserved 253952K
}
Event: 2.989 GC heap after
{Heap after GC invocations=5 (full 0):
 garbage-first heap   total 262144K, used 15503K [0x00000000e0000000, 0x0000000100000000)
  region size 1024K, 3 young (3072K), 3 survivors (3072K)
 Metaspace       used 20785K, capacity 21165K, committed 21248K, reserved 272384K
  class space    used 2626K, capacity 2788K, committed 2816K, reserved 253952K
}
Event: 4.158 GC heap before
{Heap before GC invocations=6 (full 0):
 garbage-first heap   total 262144K, used 74895K [0x00000000e0000000, 0x0000000100000000)
  region size 1024K, 62 young (63488K), 3 survivors (3072K)
 Metaspace       used 31619K, capacity 32063K, committed 32128K, reserved 282624K
  class space    used 3974K, capacity 4159K, committed 4224K, reserved 253952K
}
Event: 4.169 GC heap after
{Heap after GC invocations=7 (full 0):
 garbage-first heap   total 262144K, used 19540K [0x00000000e0000000, 0x0000000100000000)
  region size 1024K, 7 young (7168K), 7 survivors (7168K)
 Metaspace       used 31619K, capacity 32063K, committed 32128K, reserved 282624K
  class space    used 3974K, capacity 4159K, committed 4224K, reserved 253952K
}

Deoptimization events (10 events):
Event: 3.876 Thread 0x000001b34d301000 Uncommon trap: reason=unstable_if action=reinterpret pc=0x000001b33f76a1d4 method=java.lang.String.regionMatches(ZILjava/lang/String;II)Z @ 36 c2
Event: 3.879 Thread 0x000001b34d301000 Uncommon trap: reason=unstable_if action=reinterpret pc=0x000001b33f777f44 method=java.lang.ClassLoader.getClassLoadingLock(Ljava/lang/String;)Ljava/lang/Object; @ 6 c2
Event: 3.910 Thread 0x000001b34d301000 Uncommon trap: reason=class_check action=maybe_recompile pc=0x000001b33f791898 method=jdk.internal.loader.URLClassPath.getLoader(I)Ljdk/internal/loader/URLClassPath$Loader; @ 190 c2
Event: 3.925 Thread 0x000001b34d301000 Uncommon trap: reason=class_check action=maybe_recompile pc=0x000001b33f791898 method=jdk.internal.loader.URLClassPath.getLoader(I)Ljdk/internal/loader/URLClassPath$Loader; @ 190 c2
Event: 3.988 Thread 0x000001b34d301000 Uncommon trap: reason=class_check action=maybe_recompile pc=0x000001b33f765528 method=java.util.Collections$SetFromMap.remove(Ljava/lang/Object;)Z @ 5 c2
Event: 4.006 Thread 0x000001b34d301000 Uncommon trap: reason=class_check action=maybe_recompile pc=0x000001b33f765528 method=java.util.Collections$SetFromMap.remove(Ljava/lang/Object;)Z @ 5 c2
Event: 4.008 Thread 0x000001b34d301000 Uncommon trap: reason=class_check action=maybe_recompile pc=0x000001b33f765528 method=java.util.Collections$SetFromMap.remove(Ljava/lang/Object;)Z @ 5 c2
Event: 4.016 Thread 0x000001b34d301000 Uncommon trap: reason=class_check action=maybe_recompile pc=0x000001b33f765528 method=java.util.Collections$SetFromMap.remove(Ljava/lang/Object;)Z @ 5 c2
Event: 4.126 Thread 0x000001b34d301000 Uncommon trap: reason=unstable_if action=reinterpret pc=0x000001b33f762254 method=java.util.HashMap.hash(Ljava/lang/Object;)I @ 1 c2
Event: 4.144 Thread 0x000001b34d301000 Uncommon trap: reason=unstable_if action=reinterpret pc=0x000001b33f74642c method=java.util.HashMap.hash(Ljava/lang/Object;)I @ 1 c2

Classes redefined (0 events):
No events

Internal exceptions (10 events):
Event: 3.954 Thread 0x000001b34d301000 Exception <a 'java/lang/ClassNotFoundException'{0x00000000eca39a20}: org/gradle/initialization/DefaultSettings_DecoratedBeanInfo> (0x00000000eca39a20) thrown at [t:/workspace/open/src/hotspot/share/classfile/systemDictionary.cpp, line 231]
Event: 3.955 Thread 0x000001b34d301000 Exception <a 'java/lang/ClassNotFoundException'{0x00000000eca52268}: org/gradle/initialization/DefaultSettingsBeanInfo> (0x00000000eca52268) thrown at [t:/workspace/open/src/hotspot/share/classfile/systemDictionary.cpp, line 231]
Event: 3.956 Thread 0x000001b34d301000 Exception <a 'java/lang/ClassNotFoundException'{0x00000000eca6d3e8}: org/gradle/api/internal/project/AbstractPluginAwareBeanInfo> (0x00000000eca6d3e8) thrown at [t:/workspace/open/src/hotspot/share/classfile/systemDictionary.cpp, line 231]
Event: 3.957 Thread 0x000001b34d301000 Exception <a 'java/lang/ClassNotFoundException'{0x00000000eca889e8}: org/gradle/api/internal/project/AbstractPluginAwareCustomizer> (0x00000000eca889e8) thrown at [t:/workspace/open/src/hotspot/share/classfile/systemDictionary.cpp, line 231]
Event: 3.960 Thread 0x000001b34d301000 Exception <a 'java/lang/ClassNotFoundException'{0x00000000ecaa87a0}: org/gradle/initialization/DefaultSettingsCustomizer> (0x00000000ecaa87a0) thrown at [t:/workspace/open/src/hotspot/share/classfile/systemDictionary.cpp, line 231]
Event: 3.965 Thread 0x000001b34d301000 Exception <a 'java/lang/ClassNotFoundException'{0x00000000ecae9a98}: org/gradle/initialization/DefaultSettings_DecoratedCustomizer> (0x00000000ecae9a98) thrown at [t:/workspace/open/src/hotspot/share/classfile/systemDictionary.cpp, line 231]
Event: 3.980 Thread 0x000001b34d301000 Exception <a 'java/lang/ClassNotFoundException'{0x00000000ec9851a8}: org/gradle/initialization/DefaultProjectDescriptorBeanInfo> (0x00000000ec9851a8) thrown at [t:/workspace/open/src/hotspot/share/classfile/systemDictionary.cpp, line 231]
Event: 3.981 Thread 0x000001b34d301000 Exception <a 'java/lang/ClassNotFoundException'{0x00000000ec99e780}: org/gradle/initialization/DefaultProjectDescriptorCustomizer> (0x00000000ec99e780) thrown at [t:/workspace/open/src/hotspot/share/classfile/systemDictionary.cpp, line 231]
Event: 4.126 Thread 0x000001b34d301000 Implicit null exception at 0x000001b33f762075 to 0x000001b33f762242
Event: 4.144 Thread 0x000001b34d301000 Implicit null exception at 0x000001b33f7463af to 0x000001b33f74641d

Events (10 events):
Event: 4.202 loading class com/google/common/collect/FluentIterable$3
Event: 4.202 loading class com/google/common/collect/FluentIterable$3 done
Event: 4.202 loading class com/google/common/base/Optional
Event: 4.202 loading class com/google/common/base/Optional done
Event: 4.202 loading class com/google/common/base/Present
Event: 4.202 loading class com/google/common/base/Present done
Event: 4.203 loading class com/google/common/base/Absent
Event: 4.203 loading class com/google/common/base/Absent done
Event: 4.203 loading class org/gradle/model/internal/registry/DefaultModelRegistry
Event: 4.203 loading class org/gradle/model/internal/registry/DefaultModelRegistry done


Dynamic libraries:
0x00007ff74bca0000 - 0x00007ff74bce7000 	C:\Program Files\Java\jdk-11.0.3\bin\java.exe
0x00007ffea7020000 - 0x00007ffea7201000 	C:\WINDOWS\SYSTEM32\ntdll.dll
0x00007ffea6cc0000 - 0x00007ffea6d71000 	C:\WINDOWS\System32\KERNEL32.DLL
0x00007ffea40c0000 - 0x00007ffea4333000 	C:\WINDOWS\System32\KERNELBASE.dll
0x00007ffea5dd0000 - 0x00007ffea5e71000 	C:\WINDOWS\System32\ADVAPI32.dll
0x00007ffea6d80000 - 0x00007ffea6e1e000 	C:\WINDOWS\System32\msvcrt.dll
0x00007ffea44b0000 - 0x00007ffea450b000 	C:\WINDOWS\System32\sechost.dll
0x00007ffea6740000 - 0x00007ffea6864000 	C:\WINDOWS\System32\RPCRT4.dll
0x00007ffea4510000 - 0x00007ffea46a0000 	C:\WINDOWS\System32\USER32.dll
0x00007ffea4490000 - 0x00007ffea44b0000 	C:\WINDOWS\System32\win32u.dll
0x00007ffea6360000 - 0x00007ffea6388000 	C:\WINDOWS\System32\GDI32.dll
0x00007ffea3f20000 - 0x00007ffea40b1000 	C:\WINDOWS\System32\gdi32full.dll
0x00007ffea43a0000 - 0x00007ffea443f000 	C:\WINDOWS\System32\msvcp_win.dll
0x00007ffea3470000 - 0x00007ffea3568000 	C:\WINDOWS\System32\ucrtbase.dll
0x00007ffe927a0000 - 0x00007ffe92a09000 	C:\WINDOWS\WinSxS\amd64_microsoft.windows.common-controls_6595b64144ccf1df_6.0.17134.950_none_fb3da4273069d3e0\COMCTL32.dll
0x00007ffe94a00000 - 0x00007ffe94a0a000 	C:\WINDOWS\SYSTEM32\VERSION.dll
0x00007ffea6030000 - 0x00007ffea6352000 	C:\WINDOWS\System32\combase.dll
0x00007ffea33f0000 - 0x00007ffea3469000 	C:\WINDOWS\System32\bcryptPrimitives.dll
0x00007ffea6710000 - 0x00007ffea673d000 	C:\WINDOWS\System32\IMM32.DLL
0x00007ffe9d9e0000 - 0x00007ffe9d9f6000 	C:\Program Files\Java\jdk-11.0.3\bin\vcruntime140.dll
0x00007ffe84c60000 - 0x00007ffe84d0a000 	C:\Program Files\Java\jdk-11.0.3\bin\msvcp140.dll
0x00007ffe52bf0000 - 0x00007ffe53717000 	C:\Program Files\Java\jdk-11.0.3\bin\server\jvm.dll
0x00007ffea6530000 - 0x00007ffea6538000 	C:\WINDOWS\System32\PSAPI.DLL
0x00007ffea0bc0000 - 0x00007ffea0be3000 	C:\WINDOWS\SYSTEM32\WINMM.dll
0x00007ffea1f00000 - 0x00007ffea1f09000 	C:\WINDOWS\SYSTEM32\WSOCK32.dll
0x00007ffea6f20000 - 0x00007ffea6f8c000 	C:\WINDOWS\System32\WS2_32.dll
0x00007ffea0b40000 - 0x00007ffea0b6a000 	C:\WINDOWS\SYSTEM32\winmmbase.dll
0x00007ffea4440000 - 0x00007ffea4489000 	C:\WINDOWS\System32\cfgmgr32.dll
0x00007ffea3340000 - 0x00007ffea3351000 	C:\WINDOWS\System32\kernel.appcore.dll
0x00007ffe998e0000 - 0x00007ffe998f1000 	C:\Program Files\Java\jdk-11.0.3\bin\verify.dll
0x00007ffea1d10000 - 0x00007ffea1ed9000 	C:\WINDOWS\SYSTEM32\DBGHELP.DLL
0x00007ffe8f8b0000 - 0x00007ffe8f8d9000 	C:\WINDOWS\SYSTEM32\dbgcore.DLL
0x00007ffe99870000 - 0x00007ffe99899000 	C:\Program Files\Java\jdk-11.0.3\bin\java.dll
0x00007ffe99810000 - 0x00007ffe99826000 	C:\Program Files\Java\jdk-11.0.3\bin\zip.dll
0x00007ffe9dbf0000 - 0x00007ffe9dbfa000 	C:\Program Files\Java\jdk-11.0.3\bin\jimage.dll
0x00007ffea46a0000 - 0x00007ffea5ae0000 	C:\WINDOWS\System32\SHELL32.dll
0x00007ffea5ca0000 - 0x00007ffea5d49000 	C:\WINDOWS\System32\shcore.dll
0x00007ffea3810000 - 0x00007ffea3f1d000 	C:\WINDOWS\System32\windows.storage.dll
0x00007ffea66b0000 - 0x00007ffea6701000 	C:\WINDOWS\System32\shlwapi.dll
0x00007ffea3380000 - 0x00007ffea339f000 	C:\WINDOWS\System32\profapi.dll
0x00007ffea33a0000 - 0x00007ffea33ec000 	C:\WINDOWS\System32\powrprof.dll
0x00007ffea3330000 - 0x00007ffea333a000 	C:\WINDOWS\System32\FLTLIB.DLL
0x00007ffe997f0000 - 0x00007ffe99809000 	C:\Program Files\Java\jdk-11.0.3\bin\net.dll
0x00007ffe95230000 - 0x00007ffe953f9000 	C:\WINDOWS\SYSTEM32\urlmon.dll
0x00007ffe96720000 - 0x00007ffe967fd000 	C:\WINDOWS\SYSTEM32\WINHTTP.dll
0x00007ffe957e0000 - 0x00007ffe95a86000 	C:\WINDOWS\SYSTEM32\iertutil.dll
0x00007ffea2d80000 - 0x00007ffea2d8b000 	C:\WINDOWS\SYSTEM32\CRYPTBASE.DLL
0x00007ffea2ba0000 - 0x00007ffea2c06000 	C:\WINDOWS\system32\mswsock.dll
0x00007ffe997d0000 - 0x00007ffe997e3000 	C:\Program Files\Java\jdk-11.0.3\bin\nio.dll
0x00007ffe9db80000 - 0x00007ffe9dba6000 	C:\Users\Dell\.gradle\native\29\windows-amd64\native-platform.dll
0x00007ffe998d0000 - 0x00007ffe998d9000 	C:\Program Files\Java\jdk-11.0.3\bin\management.dll
0x00007ffe99860000 - 0x00007ffe9986c000 	C:\Program Files\Java\jdk-11.0.3\bin\management_ext.dll
0x00007ffea2d60000 - 0x00007ffea2d77000 	C:\WINDOWS\SYSTEM32\CRYPTSP.dll
0x00007ffea2760000 - 0x00007ffea2793000 	C:\WINDOWS\system32\rsaenh.dll
0x00007ffea2e90000 - 0x00007ffea2eb5000 	C:\WINDOWS\SYSTEM32\bcrypt.dll
0x00007ffea3260000 - 0x00007ffea3288000 	C:\WINDOWS\SYSTEM32\USERENV.dll
0x00007ffea2900000 - 0x00007ffea2938000 	C:\WINDOWS\SYSTEM32\IPHLPAPI.DLL
0x00007ffea5ea0000 - 0x00007ffea5ea8000 	C:\WINDOWS\System32\NSI.dll
0x00007ffe96b10000 - 0x00007ffe96b26000 	C:\WINDOWS\SYSTEM32\dhcpcsvc6.DLL
0x00007ffe96e20000 - 0x00007ffe96e3a000 	C:\WINDOWS\SYSTEM32\dhcpcsvc.DLL

dbghelp: loaded successfully - version: 4.0.5 - missing functions: none
symbol engine: initialized successfully - sym options: 0x614 - pdb path: .;C:\Program Files\Java\jdk-11.0.3\bin;C:\WINDOWS\SYSTEM32;C:\WINDOWS\WinSxS\amd64_microsoft.windows.common-controls_6595b64144ccf1df_6.0.17134.950_none_fb3da4273069d3e0;C:\Program Files\Java\jdk-11.0.3\bin\server;C:\Users\Dell\.gradle\native\29\windows-amd64

VM Arguments:
jvm_args: --add-opens=java.base/java.util=ALL-UNNAMED --add-opens=java.base/java.lang=ALL-UNNAMED --add-opens=java.base/java.lang.invoke=ALL-UNNAMED --add-opens=java.prefs/java.util.prefs=ALL-UNNAMED -XX:MaxMetaspaceSize=256m -XX:+HeapDumpOnOutOfMemoryError -Xms256m -Xmx512m -Dfile.encoding=windows-1252 -Duser.country=SG -Duser.language=en -Duser.variant 
java_command: org.gradle.launcher.daemon.bootstrap.GradleDaemon 5.5.1
java_class_path (initial): C:\Users\Dell\.gradle\wrapper\dists\gradle-5.5.1-bin\cfsov38hb3r1zj4ic9bbjcc7n\gradle-5.5.1\lib\gradle-launcher-5.5.1.jar
Launcher Type: SUN_STANDARD

[Global flags]
     intx CICompilerCount                          = 3                                         {product} {ergonomic}
   size_t CompressedClassSpaceSize                 = 260046848                                 {product} {ergonomic}
     uint ConcGCThreads                            = 1                                         {product} {ergonomic}
     uint G1ConcRefinementThreads                  = 4                                         {product} {ergonomic}
   size_t G1HeapRegionSize                         = 1048576                                   {product} {ergonomic}
    uintx GCDrainStackTargetSize                   = 64                                        {product} {ergonomic}
     bool HeapDumpOnOutOfMemoryError               = true                                   {manageable} {command line}
   size_t InitialHeapSize                          = 268435456                                 {product} {command line}
   size_t MarkStackSize                            = 4194304                                   {product} {ergonomic}
   size_t MaxHeapSize                              = 536870912                                 {product} {command line}
   size_t MaxMetaspaceSize                         = 268435456                                 {product} {command line}
   size_t MaxNewSize                               = 321912832                                 {product} {ergonomic}
   size_t MinHeapDeltaBytes                        = 1048576                                   {product} {ergonomic}
    uintx NonNMethodCodeHeapSize                   = 5830092                                {pd product} {ergonomic}
    uintx NonProfiledCodeHeapSize                  = 122914074                              {pd product} {ergonomic}
    uintx ProfiledCodeHeapSize                     = 122914074                              {pd product} {ergonomic}
    uintx ReservedCodeCacheSize                    = 251658240                              {pd product} {ergonomic}
     bool SegmentedCodeCache                       = true                                      {product} {ergonomic}
     bool UseCompressedClassPointers               = true                                 {lp64_product} {ergonomic}
     bool UseCompressedOops                        = true                                 {lp64_product} {ergonomic}
     bool UseG1GC                                  = true                                      {product} {ergonomic}
     bool UseLargePagesIndividualAllocation        = false                                  {pd product} {ergonomic}

Logging:
Log output configuration:
 #0: stdout all=warning uptime,level,tags
 #1: stderr all=off uptime,level,tags

Environment Variables:
PATH=C:\Users\Dell\Desktop\bin;C:\Program Files (x86)\Git\mingw32\bin;C:\Program Files (x86)\Git\usr\local\bin;C:\Program Files (x86)\Git\usr\bin;C:\Program Files (x86)\Git\usr\bin;C:\Program Files (x86)\Git\mingw32\bin;C:\Program Files (x86)\Git\usr\bin;C:\Users\Dell\Desktop\bin;C:\Users\Dell\gcc\bin;C:\Users\Dell\gcc\libexec\gcc\x86_64-w64-mingw32\8.2.0;C:\Program Files\Dell\DW WLAN Card;C:\WINDOWS\system32;C:\WINDOWS;C:\WINDOWS\System32\Wbem;C:\WINDOWS\System32\WindowsPowerShell\v1.0;C:\Program Files\WIDCOMM\Bluetooth Software;C:\Program Files\WIDCOMM\Bluetooth Software\syswow64;C:\WINDOWS\System32\OpenSSH;C:\Program Files\PuTTY;C:\Program Files (x86)\PuTTY;C:\Program Files (x86)\Git\cmd;C:\Program Files (x86)\Intel\Intel(R) Management Engine Components\DAL;C:\Program Files\Intel\Intel(R) Management Engine Components\DAL;C:\Users\Dell\Desktop\ORBITAL\ReactNative;C:\Program Files\Java\jdk-11.0.3\bin;C:\Program Files (x86)\Common Files\Oracle\Java\javapath;C:\Users\Dell\AppData\Local\Microsoft\WindowsApps;C:\Users\Dell\AppData\Local\Programs\Microsoft VS Code\bin;C:\MinGW\bin;C:\Users\Dell\AppData\Roaming\npm;C:\Users\Dell\Desktop\IntelliJ IDEA Community Edition 2019.2\bin;C:\Program Files (x86)\Java\jdk1.8.0_212\bin;C:\Program Files (x86)\Git\usr\bin\vendor_perl;C:\Program Files (x86)\Git\usr\bin\core_perl
USERNAME=Dell
SHELL=C:\Program Files (x86)\Git\usr\bin\bash.exe
DISPLAY=needs-to-be-defined
OS=Windows_NT
PROCESSOR_IDENTIFIER=Intel64 Family 6 Model 78 Stepping 3, GenuineIntel



---------------  S Y S T E M  ---------------

OS: Windows 10 , 64 bit Build 17134 (10.0.17134.753)

CPU:total 4 (initial active 4) (2 cores per cpu, 2 threads per core) family 6 model 78 stepping 3, cmov, cx8, fxsr, mmx, sse, sse2, sse3, ssse3, sse4.1, sse4.2, popcnt, avx, avx2, aes, clmul, erms, 3dnowpref, lzcnt, ht, tsc, tscinvbit, bmi1, bmi2, adx, fma

Memory: 4k page, system-wide physical 8038M (1384M free)
TotalPageFile size 12134M (AvailPageFile size 5M)
current process WorkingSet (physical memory assigned to process): 217M, peak: 218M
current process commit charge ("private bytes"): 430M, peak: 431M

vm_info: Java HotSpot(TM) 64-Bit Server VM (11.0.3+12-LTS) for windows-amd64 JRE (11.0.3+12-LTS), built on Apr  2 2019 12:43:09 by "mach5one" with MS VC++ 15.5 (VS2017)

END.
