#
# There is insufficient memory for the Java Runtime Environment to continue.
# Native memory allocation (malloc) failed to allocate 1434896 bytes for Chunk::new
# Possible reasons:
#   The system is out of physical RAM or swap space
#   The process is running with CompressedOops enabled, and the Java Heap may be blocking the growth of the native heap
# Possible solutions:
#   Reduce memory load on the system
#   Increase physical memory or swap space
#   Check if swap backing store is full
#   Decrease Java heap size (-Xmx/-Xms)
#   Decrease number of Java threads
#   Decrease Java thread stack sizes (-Xss)
#   Set larger code cache with -XX:ReservedCodeCacheSize=
#   JVM is running with Unscaled Compressed Oops mode in which the Java heap is
#     placed in the first 4GB address space. The Java Heap base address is the
#     maximum limit for the native heap growth. Please use -XX:HeapBaseMinAddress
#     to set the Java Heap base and to place the Java Heap above 4GB virtual address.
# This output file may be truncated or incomplete.
#
#  Out of Memory Error (c:/BuildAgent/work/494cbf65e275b67e/src/hotspot/share/memory/arena.cpp:197), pid=7156, tid=9436
#
# JRE version: OpenJDK Runtime Environment (11.0.3+12) (build 11.0.3+12-b304.10)
# Java VM: OpenJDK 64-Bit Server VM (11.0.3+12-b304.10, mixed mode, sharing, tiered, compressed oops, g1 gc, windows-amd64)
# No core dump will be written. Minidumps are not enabled by default on client versions of Windows
#

---------------  S U M M A R Y ------------

Command Line: --add-opens=java.base/java.util=ALL-UNNAMED --add-opens=java.base/java.lang=ALL-UNNAMED --add-opens=java.base/java.lang.invoke=ALL-UNNAMED --add-opens=java.prefs/java.util.prefs=ALL-UNNAMED -XX:MaxMetaspaceSize=256m -XX:+HeapDumpOnOutOfMemoryError -Xms256m -Xmx512m -Dfile.encoding=windows-1252 -Duser.country=SG -Duser.language=en -Duser.variant org.gradle.launcher.daemon.bootstrap.GradleDaemon 5.5.1

Host: Intel(R) Core(TM) i5-6200U CPU @ 2.30GHz, 4 cores, 7G,  Windows 10 , 64 bit Build 17134 (10.0.17134.753)
Time: Wed Sep  4 14:35:06 2019 Malay Peninsula Standard Time elapsed time: 3 seconds (0d 0h 0m 3s)

---------------  T H R E A D  ---------------

Current thread (0x000002124e439800):  JavaThread "C2 CompilerThread1" daemon [_thread_in_native, id=9436, stack(0x0000008a2e500000,0x0000008a2e600000)]


Current CompileTask:
C2:   3664 1870       4       java.net.URLClassLoader$1::run (5 bytes)

Stack: [0x0000008a2e500000,0x0000008a2e600000]
Native frames: (J=compiled Java code, j=interpreted, Vv=VM code, C=native code)
V  [jvm.dll+0x5da77a]
V  [jvm.dll+0x70b9c9]
V  [jvm.dll+0x70cee8]
V  [jvm.dll+0x70d5b3]
V  [jvm.dll+0x23ddc8]
V  [jvm.dll+0xb931c]
V  [jvm.dll+0xb981c]
V  [jvm.dll+0x34f03b]
V  [jvm.dll+0x19420c]
V  [jvm.dll+0x1f7a5e]
V  [jvm.dll+0x1f6b24]
V  [jvm.dll+0x17fadb]
V  [jvm.dll+0x204e17]
V  [jvm.dll+0x2036b2]
V  [jvm.dll+0x6d885f]
V  [jvm.dll+0x6d165d]
V  [jvm.dll+0x5d9a56]
C  [ucrtbase.dll+0x1e3fe]
C  [KERNEL32.DLL+0x14034]
C  [ntdll.dll+0x73691]


---------------  P R O C E S S  ---------------

Threads class SMR info:
_java_thread_list=0x000002124f0304b0, length=25, elements={
0x0000021235af5000, 0x000002124c174000, 0x000002124c177000, 0x000002124c193800,
0x000002124c195800, 0x000002124c197800, 0x000002124c19a800, 0x000002124cae8800,
0x000002124cbd7800, 0x000002124cbe2000, 0x000002124e1ed800, 0x000002124d489000,
0x000002124e0b0000, 0x000002124e175800, 0x000002124d679800, 0x000002124d6b8000,
0x000002124d5f0800, 0x000002124db3a800, 0x000002124e26c800, 0x000002124e456000,
0x000002124e5db800, 0x000002124e5dd800, 0x000002124e5df800, 0x000002124e439800,
0x000002124e5e0000
}

Java Threads: ( => current thread )
  0x0000021235af5000 JavaThread "main" [_thread_blocked, id=11160, stack(0x0000008a2c400000,0x0000008a2c500000)]
  0x000002124c174000 JavaThread "Reference Handler" daemon [_thread_blocked, id=1276, stack(0x0000008a2cb00000,0x0000008a2cc00000)]
  0x000002124c177000 JavaThread "Finalizer" daemon [_thread_blocked, id=17296, stack(0x0000008a2cc00000,0x0000008a2cd00000)]
  0x000002124c193800 JavaThread "Signal Dispatcher" daemon [_thread_blocked, id=13688, stack(0x0000008a2cd00000,0x0000008a2ce00000)]
  0x000002124c195800 JavaThread "Attach Listener" daemon [_thread_blocked, id=6924, stack(0x0000008a2ce00000,0x0000008a2cf00000)]
  0x000002124c197800 JavaThread "C2 CompilerThread0" daemon [_thread_in_native, id=14860, stack(0x0000008a2cf00000,0x0000008a2d000000)]
  0x000002124c19a800 JavaThread "C1 CompilerThread0" daemon [_thread_blocked, id=8232, stack(0x0000008a2d000000,0x0000008a2d100000)]
  0x000002124cae8800 JavaThread "Sweeper thread" daemon [_thread_blocked, id=17200, stack(0x0000008a2d100000,0x0000008a2d200000)]
  0x000002124cbd7800 JavaThread "Common-Cleaner" daemon [_thread_blocked, id=14112, stack(0x0000008a2d200000,0x0000008a2d300000)]
  0x000002124cbe2000 JavaThread "Service Thread" daemon [_thread_blocked, id=8536, stack(0x0000008a2d300000,0x0000008a2d400000)]
  0x000002124e1ed800 JavaThread "Daemon health stats" [_thread_blocked, id=8040, stack(0x0000008a2d900000,0x0000008a2da00000)]
  0x000002124d489000 JavaThread "Incoming local TCP Connector on port 53728" [_thread_in_native, id=16360, stack(0x0000008a2d800000,0x0000008a2d900000)]
  0x000002124e0b0000 JavaThread "Daemon periodic checks" [_thread_blocked, id=9924, stack(0x0000008a2da00000,0x0000008a2db00000)]
  0x000002124e175800 JavaThread "Daemon" [_thread_blocked, id=10532, stack(0x0000008a2db00000,0x0000008a2dc00000)]
  0x000002124d679800 JavaThread "Handler for socket connection from /127.0.0.1:53728 to /127.0.0.1:53729" [_thread_in_native, id=2356, stack(0x0000008a2dc00000,0x0000008a2dd00000)]
  0x000002124d6b8000 JavaThread "Cancel handler" [_thread_blocked, id=2616, stack(0x0000008a2dd00000,0x0000008a2de00000)]
  0x000002124d5f0800 JavaThread "Daemon worker" [_thread_in_vm, id=16276, stack(0x0000008a2de00000,0x0000008a2df00000)]
  0x000002124db3a800 JavaThread "Asynchronous log dispatcher for DefaultDaemonConnection: socket connection from /127.0.0.1:53728 to /127.0.0.1:53729" [_thread_blocked, id=9812, stack(0x0000008a2df00000,0x0000008a2e000000)]
  0x000002124e26c800 JavaThread "Stdin handler" [_thread_blocked, id=15640, stack(0x0000008a2e000000,0x0000008a2e100000)]
  0x000002124e456000 JavaThread "Thread-8" [_thread_blocked, id=13880, stack(0x0000008a2e100000,0x0000008a2e200000)]
  0x000002124e5db800 JavaThread "Cache worker for file hash cache (C:\Users\Dell\.gradle\caches\5.5.1\fileHashes)" [_thread_blocked, id=9616, stack(0x0000008a2e200000,0x0000008a2e300000)]
  0x000002124e5dd800 JavaThread "File lock request listener" [_thread_in_native, id=12996, stack(0x0000008a2e300000,0x0000008a2e400000)]
  0x000002124e5df800 JavaThread "Cache worker for journal cache (C:\Users\Dell\.gradle\caches\journal-1)" [_thread_blocked, id=15152, stack(0x0000008a2e400000,0x0000008a2e500000)]
=>0x000002124e439800 JavaThread "C2 CompilerThread1" daemon [_thread_in_native, id=9436, stack(0x0000008a2e500000,0x0000008a2e600000)]
  0x000002124e5e0000 JavaThread "Cache worker for file hash cache (C:\Users\Dell\Desktop\duke\.gradle\5.5.1\fileHashes)" [_thread_blocked, id=9896, stack(0x0000008a2e600000,0x0000008a2e700000)]

Other Threads:
  0x000002124c16b800 VMThread "VM Thread" [stack: 0x0000008a2ca00000,0x0000008a2cb00000] [id=2760]
  0x000002124cbe6800 WatcherThread [stack: 0x0000008a2d400000,0x0000008a2d500000] [id=7708]
  0x0000021235b0d000 GCTaskThread "GC Thread#0" [stack: 0x0000008a2c500000,0x0000008a2c600000] [id=14192]
  0x000002124d209800 GCTaskThread "GC Thread#1" [stack: 0x0000008a2d500000,0x0000008a2d600000] [id=15808]
  0x000002124d220000 GCTaskThread "GC Thread#2" [stack: 0x0000008a2d600000,0x0000008a2d700000] [id=5260]
  0x000002124d239800 GCTaskThread "GC Thread#3" [stack: 0x0000008a2d700000,0x0000008a2d800000] [id=15736]
  0x0000021235b1c800 ConcurrentGCThread "G1 Main Marker" [stack: 0x0000008a2c600000,0x0000008a2c700000] [id=15936]
  0x0000021235b20000 ConcurrentGCThread "G1 Conc#0" [stack: 0x0000008a2c700000,0x0000008a2c800000] [id=2228]
  0x000002124c034800 ConcurrentGCThread "G1 Refine#0" [stack: 0x0000008a2c800000,0x0000008a2c900000] [id=15732]
  0x000002124c035000 ConcurrentGCThread "G1 Young RemSet Sampling" [stack: 0x0000008a2c900000,0x0000008a2ca00000] [id=12280]

Threads with active compile tasks:
C2 CompilerThread02007   !   4       java.net.URLClassLoader$1::run (63 bytes)
C2 CompilerThread11870       4       java.net.URLClassLoader$1::run (5 bytes)

VM state:not at safepoint (normal execution)

VM Mutex/Monitor currently owned by a thread: None

Heap address: 0x00000000e0000000, size: 512 MB, Compressed Oops mode: 32-bit
Narrow klass base: 0x0000000800000000, Narrow klass shift: 3
Compressed class space size: 260046848 Address: 0x0000000840000000

Heap:
 garbage-first heap   total 262144K, used 43976K [0x00000000e0000000, 0x0000000100000000)
  region size 1024K, 33 young (33792K), 3 survivors (3072K)
 Metaspace       used 17588K, capacity 17962K, committed 18176K, reserved 270336K
  class space    used 2540K, capacity 2697K, committed 2816K, reserved 253952K
Heap Regions: E=young(eden), S=young(survivor), O=old, HS=humongous(starts), HC=humongous(continues), CS=collection set, F=free, A=archive, TAMS=top-at-mark-start (previous, next)
|   0|0x00000000e0000000, 0x00000000e0100000, 0x00000000e0100000|100%| O|  |TAMS 0x00000000e0000000, 0x00000000e0000000| Untracked 
|   1|0x00000000e0100000, 0x00000000e0200000, 0x00000000e0200000|100%| O|  |TAMS 0x00000000e0100000, 0x00000000e0100000| Untracked 
|   2|0x00000000e0200000, 0x00000000e0300000, 0x00000000e0300000|100%|HS|  |TAMS 0x00000000e0200000, 0x00000000e0200000| Complete 
|   3|0x00000000e0300000, 0x00000000e0400000, 0x00000000e0400000|100%|HS|  |TAMS 0x00000000e0300000, 0x00000000e0300000| Complete 
|   4|0x00000000e0400000, 0x00000000e0500000, 0x00000000e0500000|100%|HC|  |TAMS 0x00000000e0400000, 0x00000000e0400000| Complete 
|   5|0x00000000e0500000, 0x00000000e0600000, 0x00000000e0600000|100%| O|  |TAMS 0x00000000e0500000, 0x00000000e0500000| Untracked 
|   6|0x00000000e0600000, 0x00000000e0700000, 0x00000000e0700000|100%| O|  |TAMS 0x00000000e0600000, 0x00000000e0600000| Untracked 
|   7|0x00000000e0700000, 0x00000000e0800000, 0x00000000e0800000|100%| O|  |TAMS 0x00000000e0700000, 0x00000000e0700000| Untracked 
|   8|0x00000000e0800000, 0x00000000e0900000, 0x00000000e0900000|100%| O|  |TAMS 0x00000000e0800000, 0x00000000e0800000| Untracked 
|   9|0x00000000e0900000, 0x00000000e0a00000, 0x00000000e0a00000|100%| O|  |TAMS 0x00000000e0900000, 0x00000000e0900000| Untracked 
|  10|0x00000000e0a00000, 0x00000000e0b00000, 0x00000000e0b00000|100%| O|  |TAMS 0x00000000e0a00000, 0x00000000e0a00000| Untracked 
|  11|0x00000000e0b00000, 0x00000000e0c00000, 0x00000000e0c00000|100%| O|  |TAMS 0x00000000e0b00000, 0x00000000e0b00000| Untracked 
|  12|0x00000000e0c00000, 0x00000000e0c93600, 0x00000000e0d00000| 57%| O|  |TAMS 0x00000000e0c00000, 0x00000000e0c00000| Untracked 
|  13|0x00000000e0d00000, 0x00000000e0d00000, 0x00000000e0e00000|  0%| F|  |TAMS 0x00000000e0d00000, 0x00000000e0d00000| Untracked 
|  14|0x00000000e0e00000, 0x00000000e0e00000, 0x00000000e0f00000|  0%| F|  |TAMS 0x00000000e0e00000, 0x00000000e0e00000| Untracked 
|  15|0x00000000e0f00000, 0x00000000e0f00000, 0x00000000e1000000|  0%| F|  |TAMS 0x00000000e0f00000, 0x00000000e0f00000| Untracked 
|  16|0x00000000e1000000, 0x00000000e1000000, 0x00000000e1100000|  0%| F|  |TAMS 0x00000000e1000000, 0x00000000e1000000| Untracked 
|  17|0x00000000e1100000, 0x00000000e1100000, 0x00000000e1200000|  0%| F|  |TAMS 0x00000000e1100000, 0x00000000e1100000| Untracked 
|  18|0x00000000e1200000, 0x00000000e1200000, 0x00000000e1300000|  0%| F|  |TAMS 0x00000000e1200000, 0x00000000e1200000| Untracked 
|  19|0x00000000e1300000, 0x00000000e1300000, 0x00000000e1400000|  0%| F|  |TAMS 0x00000000e1300000, 0x00000000e1300000| Untracked 
|  20|0x00000000e1400000, 0x00000000e1400000, 0x00000000e1500000|  0%| F|  |TAMS 0x00000000e1400000, 0x00000000e1400000| Untracked 
|  21|0x00000000e1500000, 0x00000000e1500000, 0x00000000e1600000|  0%| F|  |TAMS 0x00000000e1500000, 0x00000000e1500000| Untracked 
|  22|0x00000000e1600000, 0x00000000e1600000, 0x00000000e1700000|  0%| F|  |TAMS 0x00000000e1600000, 0x00000000e1600000| Untracked 
|  23|0x00000000e1700000, 0x00000000e1700000, 0x00000000e1800000|  0%| F|  |TAMS 0x00000000e1700000, 0x00000000e1700000| Untracked 
|  24|0x00000000e1800000, 0x00000000e1800000, 0x00000000e1900000|  0%| F|  |TAMS 0x00000000e1800000, 0x00000000e1800000| Untracked 
|  25|0x00000000e1900000, 0x00000000e1900000, 0x00000000e1a00000|  0%| F|  |TAMS 0x00000000e1900000, 0x00000000e1900000| Untracked 
|  26|0x00000000e1a00000, 0x00000000e1a00000, 0x00000000e1b00000|  0%| F|  |TAMS 0x00000000e1a00000, 0x00000000e1a00000| Untracked 
|  27|0x00000000e1b00000, 0x00000000e1b00000, 0x00000000e1c00000|  0%| F|  |TAMS 0x00000000e1b00000, 0x00000000e1b00000| Untracked 
|  28|0x00000000e1c00000, 0x00000000e1c00000, 0x00000000e1d00000|  0%| F|  |TAMS 0x00000000e1c00000, 0x00000000e1c00000| Untracked 
|  29|0x00000000e1d00000, 0x00000000e1d00000, 0x00000000e1e00000|  0%| F|  |TAMS 0x00000000e1d00000, 0x00000000e1d00000| Untracked 
|  30|0x00000000e1e00000, 0x00000000e1e00000, 0x00000000e1f00000|  0%| F|  |TAMS 0x00000000e1e00000, 0x00000000e1e00000| Untracked 
|  31|0x00000000e1f00000, 0x00000000e1f00000, 0x00000000e2000000|  0%| F|  |TAMS 0x00000000e1f00000, 0x00000000e1f00000| Untracked 
|  32|0x00000000e2000000, 0x00000000e2000000, 0x00000000e2100000|  0%| F|  |TAMS 0x00000000e2000000, 0x00000000e2000000| Untracked 
|  33|0x00000000e2100000, 0x00000000e2100000, 0x00000000e2200000|  0%| F|  |TAMS 0x00000000e2100000, 0x00000000e2100000| Untracked 
|  34|0x00000000e2200000, 0x00000000e2200000, 0x00000000e2300000|  0%| F|  |TAMS 0x00000000e2200000, 0x00000000e2200000| Untracked 
|  35|0x00000000e2300000, 0x00000000e2300000, 0x00000000e2400000|  0%| F|  |TAMS 0x00000000e2300000, 0x00000000e2300000| Untracked 
|  36|0x00000000e2400000, 0x00000000e2400000, 0x00000000e2500000|  0%| F|  |TAMS 0x00000000e2400000, 0x00000000e2400000| Untracked 
|  37|0x00000000e2500000, 0x00000000e2500000, 0x00000000e2600000|  0%| F|  |TAMS 0x00000000e2500000, 0x00000000e2500000| Untracked 
|  38|0x00000000e2600000, 0x00000000e2600000, 0x00000000e2700000|  0%| F|  |TAMS 0x00000000e2600000, 0x00000000e2600000| Untracked 
|  39|0x00000000e2700000, 0x00000000e2700000, 0x00000000e2800000|  0%| F|  |TAMS 0x00000000e2700000, 0x00000000e2700000| Untracked 
|  40|0x00000000e2800000, 0x00000000e2800000, 0x00000000e2900000|  0%| F|  |TAMS 0x00000000e2800000, 0x00000000e2800000| Untracked 
|  41|0x00000000e2900000, 0x00000000e2900000, 0x00000000e2a00000|  0%| F|  |TAMS 0x00000000e2900000, 0x00000000e2900000| Untracked 
|  42|0x00000000e2a00000, 0x00000000e2a00000, 0x00000000e2b00000|  0%| F|  |TAMS 0x00000000e2a00000, 0x00000000e2a00000| Untracked 
|  43|0x00000000e2b00000, 0x00000000e2b00000, 0x00000000e2c00000|  0%| F|  |TAMS 0x00000000e2b00000, 0x00000000e2b00000| Untracked 
|  44|0x00000000e2c00000, 0x00000000e2c00000, 0x00000000e2d00000|  0%| F|  |TAMS 0x00000000e2c00000, 0x00000000e2c00000| Untracked 
|  45|0x00000000e2d00000, 0x00000000e2d00000, 0x00000000e2e00000|  0%| F|  |TAMS 0x00000000e2d00000, 0x00000000e2d00000| Untracked 
|  46|0x00000000e2e00000, 0x00000000e2e00000, 0x00000000e2f00000|  0%| F|  |TAMS 0x00000000e2e00000, 0x00000000e2e00000| Untracked 
|  47|0x00000000e2f00000, 0x00000000e2f00000, 0x00000000e3000000|  0%| F|  |TAMS 0x00000000e2f00000, 0x00000000e2f00000| Untracked 
|  48|0x00000000e3000000, 0x00000000e3000000, 0x00000000e3100000|  0%| F|  |TAMS 0x00000000e3000000, 0x00000000e3000000| Untracked 
|  49|0x00000000e3100000, 0x00000000e3100000, 0x00000000e3200000|  0%| F|  |TAMS 0x00000000e3100000, 0x00000000e3100000| Untracked 
|  50|0x00000000e3200000, 0x00000000e3200000, 0x00000000e3300000|  0%| F|  |TAMS 0x00000000e3200000, 0x00000000e3200000| Untracked 
|  51|0x00000000e3300000, 0x00000000e3300000, 0x00000000e3400000|  0%| F|  |TAMS 0x00000000e3300000, 0x00000000e3300000| Untracked 
|  52|0x00000000e3400000, 0x00000000e3400000, 0x00000000e3500000|  0%| F|  |TAMS 0x00000000e3400000, 0x00000000e3400000| Untracked 
|  53|0x00000000e3500000, 0x00000000e3500000, 0x00000000e3600000|  0%| F|  |TAMS 0x00000000e3500000, 0x00000000e3500000| Untracked 
|  54|0x00000000e3600000, 0x00000000e3600000, 0x00000000e3700000|  0%| F|  |TAMS 0x00000000e3600000, 0x00000000e3600000| Untracked 
|  55|0x00000000e3700000, 0x00000000e3700000, 0x00000000e3800000|  0%| F|  |TAMS 0x00000000e3700000, 0x00000000e3700000| Untracked 
|  56|0x00000000e3800000, 0x00000000e3800000, 0x00000000e3900000|  0%| F|  |TAMS 0x00000000e3800000, 0x00000000e3800000| Untracked 
|  57|0x00000000e3900000, 0x00000000e3900000, 0x00000000e3a00000|  0%| F|  |TAMS 0x00000000e3900000, 0x00000000e3900000| Untracked 
|  58|0x00000000e3a00000, 0x00000000e3a00000, 0x00000000e3b00000|  0%| F|  |TAMS 0x00000000e3a00000, 0x00000000e3a00000| Untracked 
|  59|0x00000000e3b00000, 0x00000000e3b00000, 0x00000000e3c00000|  0%| F|  |TAMS 0x00000000e3b00000, 0x00000000e3b00000| Untracked 
|  60|0x00000000e3c00000, 0x00000000e3c00000, 0x00000000e3d00000|  0%| F|  |TAMS 0x00000000e3c00000, 0x00000000e3c00000| Untracked 
|  61|0x00000000e3d00000, 0x00000000e3d00000, 0x00000000e3e00000|  0%| F|  |TAMS 0x00000000e3d00000, 0x00000000e3d00000| Untracked 
|  62|0x00000000e3e00000, 0x00000000e3e00000, 0x00000000e3f00000|  0%| F|  |TAMS 0x00000000e3e00000, 0x00000000e3e00000| Untracked 
|  63|0x00000000e3f00000, 0x00000000e3f00000, 0x00000000e4000000|  0%| F|  |TAMS 0x00000000e3f00000, 0x00000000e3f00000| Untracked 
|  64|0x00000000e4000000, 0x00000000e4000000, 0x00000000e4100000|  0%| F|  |TAMS 0x00000000e4000000, 0x00000000e4000000| Untracked 
|  65|0x00000000e4100000, 0x00000000e4100000, 0x00000000e4200000|  0%| F|  |TAMS 0x00000000e4100000, 0x00000000e4100000| Untracked 
|  66|0x00000000e4200000, 0x00000000e4200000, 0x00000000e4300000|  0%| F|  |TAMS 0x00000000e4200000, 0x00000000e4200000| Untracked 
|  67|0x00000000e4300000, 0x00000000e4300000, 0x00000000e4400000|  0%| F|  |TAMS 0x00000000e4300000, 0x00000000e4300000| Untracked 
|  68|0x00000000e4400000, 0x00000000e4400000, 0x00000000e4500000|  0%| F|  |TAMS 0x00000000e4400000, 0x00000000e4400000| Untracked 
|  69|0x00000000e4500000, 0x00000000e4500000, 0x00000000e4600000|  0%| F|  |TAMS 0x00000000e4500000, 0x00000000e4500000| Untracked 
|  70|0x00000000e4600000, 0x00000000e4600000, 0x00000000e4700000|  0%| F|  |TAMS 0x00000000e4600000, 0x00000000e4600000| Untracked 
|  71|0x00000000e4700000, 0x00000000e4700000, 0x00000000e4800000|  0%| F|  |TAMS 0x00000000e4700000, 0x00000000e4700000| Untracked 
|  72|0x00000000e4800000, 0x00000000e4800000, 0x00000000e4900000|  0%| F|  |TAMS 0x00000000e4800000, 0x00000000e4800000| Untracked 
|  73|0x00000000e4900000, 0x00000000e4900000, 0x00000000e4a00000|  0%| F|  |TAMS 0x00000000e4900000, 0x00000000e4900000| Untracked 
|  74|0x00000000e4a00000, 0x00000000e4a00000, 0x00000000e4b00000|  0%| F|  |TAMS 0x00000000e4a00000, 0x00000000e4a00000| Untracked 
|  75|0x00000000e4b00000, 0x00000000e4b00000, 0x00000000e4c00000|  0%| F|  |TAMS 0x00000000e4b00000, 0x00000000e4b00000| Untracked 
|  76|0x00000000e4c00000, 0x00000000e4c00000, 0x00000000e4d00000|  0%| F|  |TAMS 0x00000000e4c00000, 0x00000000e4c00000| Untracked 
|  77|0x00000000e4d00000, 0x00000000e4d00000, 0x00000000e4e00000|  0%| F|  |TAMS 0x00000000e4d00000, 0x00000000e4d00000| Untracked 
|  78|0x00000000e4e00000, 0x00000000e4e00000, 0x00000000e4f00000|  0%| F|  |TAMS 0x00000000e4e00000, 0x00000000e4e00000| Untracked 
|  79|0x00000000e4f00000, 0x00000000e4f00000, 0x00000000e5000000|  0%| F|  |TAMS 0x00000000e4f00000, 0x00000000e4f00000| Untracked 
|  80|0x00000000e5000000, 0x00000000e5000000, 0x00000000e5100000|  0%| F|  |TAMS 0x00000000e5000000, 0x00000000e5000000| Untracked 
|  81|0x00000000e5100000, 0x00000000e5100000, 0x00000000e5200000|  0%| F|  |TAMS 0x00000000e5100000, 0x00000000e5100000| Untracked 
|  82|0x00000000e5200000, 0x00000000e5200000, 0x00000000e5300000|  0%| F|  |TAMS 0x00000000e5200000, 0x00000000e5200000| Untracked 
|  83|0x00000000e5300000, 0x00000000e5300000, 0x00000000e5400000|  0%| F|  |TAMS 0x00000000e5300000, 0x00000000e5300000| Untracked 
|  84|0x00000000e5400000, 0x00000000e5400000, 0x00000000e5500000|  0%| F|  |TAMS 0x00000000e5400000, 0x00000000e5400000| Untracked 
|  85|0x00000000e5500000, 0x00000000e5500000, 0x00000000e5600000|  0%| F|  |TAMS 0x00000000e5500000, 0x00000000e5500000| Untracked 
|  86|0x00000000e5600000, 0x00000000e5600000, 0x00000000e5700000|  0%| F|  |TAMS 0x00000000e5600000, 0x00000000e5600000| Untracked 
|  87|0x00000000e5700000, 0x00000000e5700000, 0x00000000e5800000|  0%| F|  |TAMS 0x00000000e5700000, 0x00000000e5700000| Untracked 
|  88|0x00000000e5800000, 0x00000000e5800000, 0x00000000e5900000|  0%| F|  |TAMS 0x00000000e5800000, 0x00000000e5800000| Untracked 
|  89|0x00000000e5900000, 0x00000000e5900000, 0x00000000e5a00000|  0%| F|  |TAMS 0x00000000e5900000, 0x00000000e5900000| Untracked 
|  90|0x00000000e5a00000, 0x00000000e5a00000, 0x00000000e5b00000|  0%| F|  |TAMS 0x00000000e5a00000, 0x00000000e5a00000| Untracked 
|  91|0x00000000e5b00000, 0x00000000e5b00000, 0x00000000e5c00000|  0%| F|  |TAMS 0x00000000e5b00000, 0x00000000e5b00000| Untracked 
|  92|0x00000000e5c00000, 0x00000000e5c00000, 0x00000000e5d00000|  0%| F|  |TAMS 0x00000000e5c00000, 0x00000000e5c00000| Untracked 
|  93|0x00000000e5d00000, 0x00000000e5d00000, 0x00000000e5e00000|  0%| F|  |TAMS 0x00000000e5d00000, 0x00000000e5d00000| Untracked 
|  94|0x00000000e5e00000, 0x00000000e5e00000, 0x00000000e5f00000|  0%| F|  |TAMS 0x00000000e5e00000, 0x00000000e5e00000| Untracked 
|  95|0x00000000e5f00000, 0x00000000e5f00000, 0x00000000e6000000|  0%| F|  |TAMS 0x00000000e5f00000, 0x00000000e5f00000| Untracked 
|  96|0x00000000e6000000, 0x00000000e6000000, 0x00000000e6100000|  0%| F|  |TAMS 0x00000000e6000000, 0x00000000e6000000| Untracked 
|  97|0x00000000e6100000, 0x00000000e6100000, 0x00000000e6200000|  0%| F|  |TAMS 0x00000000e6100000, 0x00000000e6100000| Untracked 
|  98|0x00000000e6200000, 0x00000000e6200000, 0x00000000e6300000|  0%| F|  |TAMS 0x00000000e6200000, 0x00000000e6200000| Untracked 
|  99|0x00000000e6300000, 0x00000000e6300000, 0x00000000e6400000|  0%| F|  |TAMS 0x00000000e6300000, 0x00000000e6300000| Untracked 
| 100|0x00000000e6400000, 0x00000000e6400000, 0x00000000e6500000|  0%| F|  |TAMS 0x00000000e6400000, 0x00000000e6400000| Untracked 
| 101|0x00000000e6500000, 0x00000000e6500000, 0x00000000e6600000|  0%| F|  |TAMS 0x00000000e6500000, 0x00000000e6500000| Untracked 
| 102|0x00000000e6600000, 0x00000000e6600000, 0x00000000e6700000|  0%| F|  |TAMS 0x00000000e6600000, 0x00000000e6600000| Untracked 
| 103|0x00000000e6700000, 0x00000000e6700000, 0x00000000e6800000|  0%| F|  |TAMS 0x00000000e6700000, 0x00000000e6700000| Untracked 
| 104|0x00000000e6800000, 0x00000000e6800000, 0x00000000e6900000|  0%| F|  |TAMS 0x00000000e6800000, 0x00000000e6800000| Untracked 
| 105|0x00000000e6900000, 0x00000000e6900000, 0x00000000e6a00000|  0%| F|  |TAMS 0x00000000e6900000, 0x00000000e6900000| Untracked 
| 106|0x00000000e6a00000, 0x00000000e6a00000, 0x00000000e6b00000|  0%| F|  |TAMS 0x00000000e6a00000, 0x00000000e6a00000| Untracked 
| 107|0x00000000e6b00000, 0x00000000e6b00000, 0x00000000e6c00000|  0%| F|  |TAMS 0x00000000e6b00000, 0x00000000e6b00000| Untracked 
| 108|0x00000000e6c00000, 0x00000000e6c00000, 0x00000000e6d00000|  0%| F|  |TAMS 0x00000000e6c00000, 0x00000000e6c00000| Untracked 
| 109|0x00000000e6d00000, 0x00000000e6d00000, 0x00000000e6e00000|  0%| F|  |TAMS 0x00000000e6d00000, 0x00000000e6d00000| Untracked 
| 110|0x00000000e6e00000, 0x00000000e6e00000, 0x00000000e6f00000|  0%| F|  |TAMS 0x00000000e6e00000, 0x00000000e6e00000| Untracked 
| 111|0x00000000e6f00000, 0x00000000e6f00000, 0x00000000e7000000|  0%| F|  |TAMS 0x00000000e6f00000, 0x00000000e6f00000| Untracked 
| 112|0x00000000e7000000, 0x00000000e7000000, 0x00000000e7100000|  0%| F|  |TAMS 0x00000000e7000000, 0x00000000e7000000| Untracked 
| 113|0x00000000e7100000, 0x00000000e7100000, 0x00000000e7200000|  0%| F|  |TAMS 0x00000000e7100000, 0x00000000e7100000| Untracked 
| 114|0x00000000e7200000, 0x00000000e7200000, 0x00000000e7300000|  0%| F|  |TAMS 0x00000000e7200000, 0x00000000e7200000| Untracked 
| 115|0x00000000e7300000, 0x00000000e7300000, 0x00000000e7400000|  0%| F|  |TAMS 0x00000000e7300000, 0x00000000e7300000| Untracked 
| 116|0x00000000e7400000, 0x00000000e7400000, 0x00000000e7500000|  0%| F|  |TAMS 0x00000000e7400000, 0x00000000e7400000| Untracked 
| 117|0x00000000e7500000, 0x00000000e7500000, 0x00000000e7600000|  0%| F|  |TAMS 0x00000000e7500000, 0x00000000e7500000| Untracked 
| 118|0x00000000e7600000, 0x00000000e7600000, 0x00000000e7700000|  0%| F|  |TAMS 0x00000000e7600000, 0x00000000e7600000| Untracked 
| 119|0x00000000e7700000, 0x00000000e7700000, 0x00000000e7800000|  0%| F|  |TAMS 0x00000000e7700000, 0x00000000e7700000| Untracked 
| 120|0x00000000e7800000, 0x00000000e7800000, 0x00000000e7900000|  0%| F|  |TAMS 0x00000000e7800000, 0x00000000e7800000| Untracked 
| 121|0x00000000e7900000, 0x00000000e7900000, 0x00000000e7a00000|  0%| F|  |TAMS 0x00000000e7900000, 0x00000000e7900000| Untracked 
| 122|0x00000000e7a00000, 0x00000000e7a00000, 0x00000000e7b00000|  0%| F|  |TAMS 0x00000000e7a00000, 0x00000000e7a00000| Untracked 
| 123|0x00000000e7b00000, 0x00000000e7b00000, 0x00000000e7c00000|  0%| F|  |TAMS 0x00000000e7b00000, 0x00000000e7b00000| Untracked 
| 124|0x00000000e7c00000, 0x00000000e7c00000, 0x00000000e7d00000|  0%| F|  |TAMS 0x00000000e7c00000, 0x00000000e7c00000| Untracked 
| 125|0x00000000e7d00000, 0x00000000e7d00000, 0x00000000e7e00000|  0%| F|  |TAMS 0x00000000e7d00000, 0x00000000e7d00000| Untracked 
| 126|0x00000000e7e00000, 0x00000000e7e00000, 0x00000000e7f00000|  0%| F|  |TAMS 0x00000000e7e00000, 0x00000000e7e00000| Untracked 
| 127|0x00000000e7f00000, 0x00000000e7f00000, 0x00000000e8000000|  0%| F|  |TAMS 0x00000000e7f00000, 0x00000000e7f00000| Untracked 
| 128|0x00000000e8000000, 0x00000000e8000000, 0x00000000e8100000|  0%| F|  |TAMS 0x00000000e8000000, 0x00000000e8000000| Untracked 
| 129|0x00000000e8100000, 0x00000000e8100000, 0x00000000e8200000|  0%| F|  |TAMS 0x00000000e8100000, 0x00000000e8100000| Untracked 
| 130|0x00000000e8200000, 0x00000000e8200000, 0x00000000e8300000|  0%| F|  |TAMS 0x00000000e8200000, 0x00000000e8200000| Untracked 
| 131|0x00000000e8300000, 0x00000000e8300000, 0x00000000e8400000|  0%| F|  |TAMS 0x00000000e8300000, 0x00000000e8300000| Untracked 
| 132|0x00000000e8400000, 0x00000000e8400000, 0x00000000e8500000|  0%| F|  |TAMS 0x00000000e8400000, 0x00000000e8400000| Untracked 
| 133|0x00000000e8500000, 0x00000000e8500000, 0x00000000e8600000|  0%| F|  |TAMS 0x00000000e8500000, 0x00000000e8500000| Untracked 
| 134|0x00000000e8600000, 0x00000000e8600000, 0x00000000e8700000|  0%| F|  |TAMS 0x00000000e8600000, 0x00000000e8600000| Untracked 
| 135|0x00000000e8700000, 0x00000000e8700000, 0x00000000e8800000|  0%| F|  |TAMS 0x00000000e8700000, 0x00000000e8700000| Untracked 
| 136|0x00000000e8800000, 0x00000000e8800000, 0x00000000e8900000|  0%| F|  |TAMS 0x00000000e8800000, 0x00000000e8800000| Untracked 
| 137|0x00000000e8900000, 0x00000000e8900000, 0x00000000e8a00000|  0%| F|  |TAMS 0x00000000e8900000, 0x00000000e8900000| Untracked 
| 138|0x00000000e8a00000, 0x00000000e8a00000, 0x00000000e8b00000|  0%| F|  |TAMS 0x00000000e8a00000, 0x00000000e8a00000| Untracked 
| 139|0x00000000e8b00000, 0x00000000e8b00000, 0x00000000e8c00000|  0%| F|  |TAMS 0x00000000e8b00000, 0x00000000e8b00000| Untracked 
| 140|0x00000000e8c00000, 0x00000000e8c00000, 0x00000000e8d00000|  0%| F|  |TAMS 0x00000000e8c00000, 0x00000000e8c00000| Untracked 
| 141|0x00000000e8d00000, 0x00000000e8d00000, 0x00000000e8e00000|  0%| F|  |TAMS 0x00000000e8d00000, 0x00000000e8d00000| Untracked 
| 142|0x00000000e8e00000, 0x00000000e8e00000, 0x00000000e8f00000|  0%| F|  |TAMS 0x00000000e8e00000, 0x00000000e8e00000| Untracked 
| 143|0x00000000e8f00000, 0x00000000e8f00000, 0x00000000e9000000|  0%| F|  |TAMS 0x00000000e8f00000, 0x00000000e8f00000| Untracked 
| 144|0x00000000e9000000, 0x00000000e9000000, 0x00000000e9100000|  0%| F|  |TAMS 0x00000000e9000000, 0x00000000e9000000| Untracked 
| 145|0x00000000e9100000, 0x00000000e9100000, 0x00000000e9200000|  0%| F|  |TAMS 0x00000000e9100000, 0x00000000e9100000| Untracked 
| 146|0x00000000e9200000, 0x00000000e9200000, 0x00000000e9300000|  0%| F|  |TAMS 0x00000000e9200000, 0x00000000e9200000| Untracked 
| 147|0x00000000e9300000, 0x00000000e9300000, 0x00000000e9400000|  0%| F|  |TAMS 0x00000000e9300000, 0x00000000e9300000| Untracked 
| 148|0x00000000e9400000, 0x00000000e9400000, 0x00000000e9500000|  0%| F|  |TAMS 0x00000000e9400000, 0x00000000e9400000| Untracked 
| 149|0x00000000e9500000, 0x00000000e9500000, 0x00000000e9600000|  0%| F|  |TAMS 0x00000000e9500000, 0x00000000e9500000| Untracked 
| 150|0x00000000e9600000, 0x00000000e9600000, 0x00000000e9700000|  0%| F|  |TAMS 0x00000000e9600000, 0x00000000e9600000| Untracked 
| 151|0x00000000e9700000, 0x00000000e9700000, 0x00000000e9800000|  0%| F|  |TAMS 0x00000000e9700000, 0x00000000e9700000| Untracked 
| 152|0x00000000e9800000, 0x00000000e9800000, 0x00000000e9900000|  0%| F|  |TAMS 0x00000000e9800000, 0x00000000e9800000| Untracked 
| 153|0x00000000e9900000, 0x00000000e9900000, 0x00000000e9a00000|  0%| F|  |TAMS 0x00000000e9900000, 0x00000000e9900000| Untracked 
| 154|0x00000000e9a00000, 0x00000000e9a00000, 0x00000000e9b00000|  0%| F|  |TAMS 0x00000000e9a00000, 0x00000000e9a00000| Untracked 
| 155|0x00000000e9b00000, 0x00000000e9b00000, 0x00000000e9c00000|  0%| F|  |TAMS 0x00000000e9b00000, 0x00000000e9b00000| Untracked 
| 156|0x00000000e9c00000, 0x00000000e9c00000, 0x00000000e9d00000|  0%| F|  |TAMS 0x00000000e9c00000, 0x00000000e9c00000| Untracked 
| 157|0x00000000e9d00000, 0x00000000e9d00000, 0x00000000e9e00000|  0%| F|  |TAMS 0x00000000e9d00000, 0x00000000e9d00000| Untracked 
| 158|0x00000000e9e00000, 0x00000000e9e00000, 0x00000000e9f00000|  0%| F|  |TAMS 0x00000000e9e00000, 0x00000000e9e00000| Untracked 
| 159|0x00000000e9f00000, 0x00000000e9f00000, 0x00000000ea000000|  0%| F|  |TAMS 0x00000000e9f00000, 0x00000000e9f00000| Untracked 
| 160|0x00000000ea000000, 0x00000000ea000000, 0x00000000ea100000|  0%| F|  |TAMS 0x00000000ea000000, 0x00000000ea000000| Untracked 
| 161|0x00000000ea100000, 0x00000000ea100000, 0x00000000ea200000|  0%| F|  |TAMS 0x00000000ea100000, 0x00000000ea100000| Untracked 
| 162|0x00000000ea200000, 0x00000000ea200000, 0x00000000ea300000|  0%| F|  |TAMS 0x00000000ea200000, 0x00000000ea200000| Untracked 
| 163|0x00000000ea300000, 0x00000000ea300000, 0x00000000ea400000|  0%| F|  |TAMS 0x00000000ea300000, 0x00000000ea300000| Untracked 
| 164|0x00000000ea400000, 0x00000000ea400000, 0x00000000ea500000|  0%| F|  |TAMS 0x00000000ea400000, 0x00000000ea400000| Untracked 
| 165|0x00000000ea500000, 0x00000000ea500000, 0x00000000ea600000|  0%| F|  |TAMS 0x00000000ea500000, 0x00000000ea500000| Untracked 
| 166|0x00000000ea600000, 0x00000000ea600000, 0x00000000ea700000|  0%| F|  |TAMS 0x00000000ea600000, 0x00000000ea600000| Untracked 
| 167|0x00000000ea700000, 0x00000000ea700000, 0x00000000ea800000|  0%| F|  |TAMS 0x00000000ea700000, 0x00000000ea700000| Untracked 
| 168|0x00000000ea800000, 0x00000000ea800000, 0x00000000ea900000|  0%| F|  |TAMS 0x00000000ea800000, 0x00000000ea800000| Untracked 
| 169|0x00000000ea900000, 0x00000000ea900000, 0x00000000eaa00000|  0%| F|  |TAMS 0x00000000ea900000, 0x00000000ea900000| Untracked 
| 170|0x00000000eaa00000, 0x00000000eaa00000, 0x00000000eab00000|  0%| F|  |TAMS 0x00000000eaa00000, 0x00000000eaa00000| Untracked 
| 171|0x00000000eab00000, 0x00000000eab00000, 0x00000000eac00000|  0%| F|  |TAMS 0x00000000eab00000, 0x00000000eab00000| Untracked 
| 172|0x00000000eac00000, 0x00000000eac00000, 0x00000000ead00000|  0%| F|  |TAMS 0x00000000eac00000, 0x00000000eac00000| Untracked 
| 173|0x00000000ead00000, 0x00000000ead00000, 0x00000000eae00000|  0%| F|  |TAMS 0x00000000ead00000, 0x00000000ead00000| Untracked 
| 174|0x00000000eae00000, 0x00000000eae00000, 0x00000000eaf00000|  0%| F|  |TAMS 0x00000000eae00000, 0x00000000eae00000| Untracked 
| 175|0x00000000eaf00000, 0x00000000eaf00000, 0x00000000eb000000|  0%| F|  |TAMS 0x00000000eaf00000, 0x00000000eaf00000| Untracked 
| 176|0x00000000eb000000, 0x00000000eb000000, 0x00000000eb100000|  0%| F|  |TAMS 0x00000000eb000000, 0x00000000eb000000| Untracked 
| 177|0x00000000eb100000, 0x00000000eb100000, 0x00000000eb200000|  0%| F|  |TAMS 0x00000000eb100000, 0x00000000eb100000| Untracked 
| 178|0x00000000eb200000, 0x00000000eb200000, 0x00000000eb300000|  0%| F|  |TAMS 0x00000000eb200000, 0x00000000eb200000| Untracked 
| 179|0x00000000eb300000, 0x00000000eb300000, 0x00000000eb400000|  0%| F|  |TAMS 0x00000000eb300000, 0x00000000eb300000| Untracked 
| 180|0x00000000eb400000, 0x00000000eb400000, 0x00000000eb500000|  0%| F|  |TAMS 0x00000000eb400000, 0x00000000eb400000| Untracked 
| 181|0x00000000eb500000, 0x00000000eb500000, 0x00000000eb600000|  0%| F|  |TAMS 0x00000000eb500000, 0x00000000eb500000| Untracked 
| 182|0x00000000eb600000, 0x00000000eb600000, 0x00000000eb700000|  0%| F|  |TAMS 0x00000000eb600000, 0x00000000eb600000| Untracked 
| 183|0x00000000eb700000, 0x00000000eb700000, 0x00000000eb800000|  0%| F|  |TAMS 0x00000000eb700000, 0x00000000eb700000| Untracked 
| 184|0x00000000eb800000, 0x00000000eb800000, 0x00000000eb900000|  0%| F|  |TAMS 0x00000000eb800000, 0x00000000eb800000| Untracked 
| 185|0x00000000eb900000, 0x00000000eb900000, 0x00000000eba00000|  0%| F|  |TAMS 0x00000000eb900000, 0x00000000eb900000| Untracked 
| 186|0x00000000eba00000, 0x00000000eba00000, 0x00000000ebb00000|  0%| F|  |TAMS 0x00000000eba00000, 0x00000000eba00000| Untracked 
| 187|0x00000000ebb00000, 0x00000000ebb00000, 0x00000000ebc00000|  0%| F|  |TAMS 0x00000000ebb00000, 0x00000000ebb00000| Untracked 
| 188|0x00000000ebc00000, 0x00000000ebc00000, 0x00000000ebd00000|  0%| F|  |TAMS 0x00000000ebc00000, 0x00000000ebc00000| Untracked 
| 189|0x00000000ebd00000, 0x00000000ebd00000, 0x00000000ebe00000|  0%| F|  |TAMS 0x00000000ebd00000, 0x00000000ebd00000| Untracked 
| 190|0x00000000ebe00000, 0x00000000ebe00000, 0x00000000ebf00000|  0%| F|  |TAMS 0x00000000ebe00000, 0x00000000ebe00000| Untracked 
| 191|0x00000000ebf00000, 0x00000000ebf00000, 0x00000000ec000000|  0%| F|  |TAMS 0x00000000ebf00000, 0x00000000ebf00000| Untracked 
| 192|0x00000000ec000000, 0x00000000ec000000, 0x00000000ec100000|  0%| F|  |TAMS 0x00000000ec000000, 0x00000000ec000000| Untracked 
| 193|0x00000000ec100000, 0x00000000ec100000, 0x00000000ec200000|  0%| F|  |TAMS 0x00000000ec100000, 0x00000000ec100000| Untracked 
| 194|0x00000000ec200000, 0x00000000ec200000, 0x00000000ec300000|  0%| F|  |TAMS 0x00000000ec200000, 0x00000000ec200000| Untracked 
| 195|0x00000000ec300000, 0x00000000ec300000, 0x00000000ec400000|  0%| F|  |TAMS 0x00000000ec300000, 0x00000000ec300000| Untracked 
| 196|0x00000000ec400000, 0x00000000ec400000, 0x00000000ec500000|  0%| F|  |TAMS 0x00000000ec400000, 0x00000000ec400000| Untracked 
| 197|0x00000000ec500000, 0x00000000ec500000, 0x00000000ec600000|  0%| F|  |TAMS 0x00000000ec500000, 0x00000000ec500000| Untracked 
| 198|0x00000000ec600000, 0x00000000ec600000, 0x00000000ec700000|  0%| F|  |TAMS 0x00000000ec600000, 0x00000000ec600000| Untracked 
| 199|0x00000000ec700000, 0x00000000ec700000, 0x00000000ec800000|  0%| F|  |TAMS 0x00000000ec700000, 0x00000000ec700000| Untracked 
| 200|0x00000000ec800000, 0x00000000ec800000, 0x00000000ec900000|  0%| F|  |TAMS 0x00000000ec800000, 0x00000000ec800000| Untracked 
| 201|0x00000000ec900000, 0x00000000ec900000, 0x00000000eca00000|  0%| F|  |TAMS 0x00000000ec900000, 0x00000000ec900000| Untracked 
| 202|0x00000000eca00000, 0x00000000eca00000, 0x00000000ecb00000|  0%| F|  |TAMS 0x00000000eca00000, 0x00000000eca00000| Untracked 
| 203|0x00000000ecb00000, 0x00000000ecb00000, 0x00000000ecc00000|  0%| F|  |TAMS 0x00000000ecb00000, 0x00000000ecb00000| Untracked 
| 204|0x00000000ecc00000, 0x00000000ecc00000, 0x00000000ecd00000|  0%| F|  |TAMS 0x00000000ecc00000, 0x00000000ecc00000| Untracked 
| 205|0x00000000ecd00000, 0x00000000ecd00000, 0x00000000ece00000|  0%| F|  |TAMS 0x00000000ecd00000, 0x00000000ecd00000| Untracked 
| 206|0x00000000ece00000, 0x00000000ece00000, 0x00000000ecf00000|  0%| F|  |TAMS 0x00000000ece00000, 0x00000000ece00000| Untracked 
| 207|0x00000000ecf00000, 0x00000000ecf5edf0, 0x00000000ed000000| 37%| S|CS|TAMS 0x00000000ecf00000, 0x00000000ecf00000| Complete 
| 208|0x00000000ed000000, 0x00000000ed100000, 0x00000000ed100000|100%| S|CS|TAMS 0x00000000ed000000, 0x00000000ed000000| Complete 
| 209|0x00000000ed100000, 0x00000000ed200000, 0x00000000ed200000|100%| S|CS|TAMS 0x00000000ed100000, 0x00000000ed100000| Complete 
| 210|0x00000000ed200000, 0x00000000ed200000, 0x00000000ed300000|  0%| F|  |TAMS 0x00000000ed200000, 0x00000000ed200000| Untracked 
| 211|0x00000000ed300000, 0x00000000ed300000, 0x00000000ed400000|  0%| F|  |TAMS 0x00000000ed300000, 0x00000000ed300000| Untracked 
| 212|0x00000000ed400000, 0x00000000ed400000, 0x00000000ed500000|  0%| F|  |TAMS 0x00000000ed400000, 0x00000000ed400000| Untracked 
| 213|0x00000000ed500000, 0x00000000ed500000, 0x00000000ed600000|  0%| F|  |TAMS 0x00000000ed500000, 0x00000000ed500000| Untracked 
| 214|0x00000000ed600000, 0x00000000ed600000, 0x00000000ed700000|  0%| F|  |TAMS 0x00000000ed600000, 0x00000000ed600000| Untracked 
| 215|0x00000000ed700000, 0x00000000ed700000, 0x00000000ed800000|  0%| F|  |TAMS 0x00000000ed700000, 0x00000000ed700000| Untracked 
| 216|0x00000000ed800000, 0x00000000ed800000, 0x00000000ed900000|  0%| F|  |TAMS 0x00000000ed800000, 0x00000000ed800000| Untracked 
| 217|0x00000000ed900000, 0x00000000ed900000, 0x00000000eda00000|  0%| F|  |TAMS 0x00000000ed900000, 0x00000000ed900000| Untracked 
| 218|0x00000000eda00000, 0x00000000eda00000, 0x00000000edb00000|  0%| F|  |TAMS 0x00000000eda00000, 0x00000000eda00000| Untracked 
| 219|0x00000000edb00000, 0x00000000edb00000, 0x00000000edc00000|  0%| F|  |TAMS 0x00000000edb00000, 0x00000000edb00000| Untracked 
| 220|0x00000000edc00000, 0x00000000edc00000, 0x00000000edd00000|  0%| F|  |TAMS 0x00000000edc00000, 0x00000000edc00000| Untracked 
| 221|0x00000000edd00000, 0x00000000edd00000, 0x00000000ede00000|  0%| F|  |TAMS 0x00000000edd00000, 0x00000000edd00000| Untracked 
| 222|0x00000000ede00000, 0x00000000ede00000, 0x00000000edf00000|  0%| F|  |TAMS 0x00000000ede00000, 0x00000000ede00000| Untracked 
| 223|0x00000000edf00000, 0x00000000edf00000, 0x00000000ee000000|  0%| F|  |TAMS 0x00000000edf00000, 0x00000000edf00000| Untracked 
| 224|0x00000000ee000000, 0x00000000ee000000, 0x00000000ee100000|  0%| F|  |TAMS 0x00000000ee000000, 0x00000000ee000000| Untracked 
| 225|0x00000000ee100000, 0x00000000ee180800, 0x00000000ee200000| 50%| E|  |TAMS 0x00000000ee100000, 0x00000000ee100000| Complete 
| 226|0x00000000ee200000, 0x00000000ee300000, 0x00000000ee300000|100%| E|CS|TAMS 0x00000000ee200000, 0x00000000ee200000| Complete 
| 227|0x00000000ee300000, 0x00000000ee400000, 0x00000000ee400000|100%| E|CS|TAMS 0x00000000ee300000, 0x00000000ee300000| Complete 
| 228|0x00000000ee400000, 0x00000000ee500000, 0x00000000ee500000|100%| E|CS|TAMS 0x00000000ee400000, 0x00000000ee400000| Complete 
| 229|0x00000000ee500000, 0x00000000ee600000, 0x00000000ee600000|100%| E|CS|TAMS 0x00000000ee500000, 0x00000000ee500000| Complete 
| 230|0x00000000ee600000, 0x00000000ee700000, 0x00000000ee700000|100%| E|CS|TAMS 0x00000000ee600000, 0x00000000ee600000| Complete 
| 231|0x00000000ee700000, 0x00000000ee800000, 0x00000000ee800000|100%| E|CS|TAMS 0x00000000ee700000, 0x00000000ee700000| Complete 
| 232|0x00000000ee800000, 0x00000000ee900000, 0x00000000ee900000|100%| E|CS|TAMS 0x00000000ee800000, 0x00000000ee800000| Complete 
| 233|0x00000000ee900000, 0x00000000eea00000, 0x00000000eea00000|100%| E|CS|TAMS 0x00000000ee900000, 0x00000000ee900000| Complete 
| 234|0x00000000eea00000, 0x00000000eeb00000, 0x00000000eeb00000|100%| E|CS|TAMS 0x00000000eea00000, 0x00000000eea00000| Complete 
| 235|0x00000000eeb00000, 0x00000000eec00000, 0x00000000eec00000|100%| E|CS|TAMS 0x00000000eeb00000, 0x00000000eeb00000| Complete 
| 236|0x00000000eec00000, 0x00000000eed00000, 0x00000000eed00000|100%| E|CS|TAMS 0x00000000eec00000, 0x00000000eec00000| Complete 
| 237|0x00000000eed00000, 0x00000000eee00000, 0x00000000eee00000|100%| E|CS|TAMS 0x00000000eed00000, 0x00000000eed00000| Complete 
| 238|0x00000000eee00000, 0x00000000eef00000, 0x00000000eef00000|100%| E|CS|TAMS 0x00000000eee00000, 0x00000000eee00000| Complete 
| 239|0x00000000eef00000, 0x00000000ef000000, 0x00000000ef000000|100%| E|CS|TAMS 0x00000000eef00000, 0x00000000eef00000| Complete 
| 240|0x00000000ef000000, 0x00000000ef100000, 0x00000000ef100000|100%| E|  |TAMS 0x00000000ef000000, 0x00000000ef000000| Complete 
| 241|0x00000000ef100000, 0x00000000ef200000, 0x00000000ef200000|100%| E|CS|TAMS 0x00000000ef100000, 0x00000000ef100000| Complete 
| 242|0x00000000ef200000, 0x00000000ef300000, 0x00000000ef300000|100%| E|CS|TAMS 0x00000000ef200000, 0x00000000ef200000| Complete 
| 243|0x00000000ef300000, 0x00000000ef400000, 0x00000000ef400000|100%| E|CS|TAMS 0x00000000ef300000, 0x00000000ef300000| Complete 
| 244|0x00000000ef400000, 0x00000000ef500000, 0x00000000ef500000|100%| E|CS|TAMS 0x00000000ef400000, 0x00000000ef400000| Complete 
| 245|0x00000000ef500000, 0x00000000ef600000, 0x00000000ef600000|100%| E|CS|TAMS 0x00000000ef500000, 0x00000000ef500000| Complete 
| 246|0x00000000ef600000, 0x00000000ef700000, 0x00000000ef700000|100%| E|CS|TAMS 0x00000000ef600000, 0x00000000ef600000| Complete 
| 247|0x00000000ef700000, 0x00000000ef800000, 0x00000000ef800000|100%| E|CS|TAMS 0x00000000ef700000, 0x00000000ef700000| Complete 
| 248|0x00000000ef800000, 0x00000000ef900000, 0x00000000ef900000|100%| E|CS|TAMS 0x00000000ef800000, 0x00000000ef800000| Complete 
| 249|0x00000000ef900000, 0x00000000efa00000, 0x00000000efa00000|100%| E|CS|TAMS 0x00000000ef900000, 0x00000000ef900000| Complete 
| 250|0x00000000efa00000, 0x00000000efb00000, 0x00000000efb00000|100%| E|CS|TAMS 0x00000000efa00000, 0x00000000efa00000| Complete 
| 251|0x00000000efb00000, 0x00000000efc00000, 0x00000000efc00000|100%| E|CS|TAMS 0x00000000efb00000, 0x00000000efb00000| Complete 
| 252|0x00000000efc00000, 0x00000000efd00000, 0x00000000efd00000|100%| E|CS|TAMS 0x00000000efc00000, 0x00000000efc00000| Complete 
| 253|0x00000000efd00000, 0x00000000efe00000, 0x00000000efe00000|100%| E|CS|TAMS 0x00000000efd00000, 0x00000000efd00000| Complete 
| 254|0x00000000efe00000, 0x00000000eff00000, 0x00000000eff00000|100%| E|CS|TAMS 0x00000000efe00000, 0x00000000efe00000| Complete 
| 255|0x00000000eff00000, 0x00000000f0000000, 0x00000000f0000000|100%| E|CS|TAMS 0x00000000eff00000, 0x00000000eff00000| Complete 

Card table byte_map: [0x00000212489a0000,0x0000021248aa0000] _byte_map_base: 0x00000212482a0000

Marking Bits (Prev, Next): (CMBitMap*) 0x0000021235b19c68, (CMBitMap*) 0x0000021235b19ca0
 Prev Bits: [0x0000021248ba0000, 0x00000212493a0000)
 Next Bits: [0x00000212493a0000, 0x0000021249ba0000)

Polling page: 0x0000021233a00000

Metaspace:

Usage:
  Non-class:     15.03 MB capacity,    14.83 MB ( 99%) used,   181.71 KB (  1%) free+waste,    28.50 KB ( <1%) overhead. 
      Class:      2.67 MB capacity,     2.51 MB ( 94%) used,   142.08 KB (  5%) free+waste,    15.38 KB ( <1%) overhead. 
       Both:     17.70 MB capacity,    17.34 MB ( 98%) used,   323.79 KB (  2%) free+waste,    43.88 KB ( <1%) overhead. 

Virtual space:
  Non-class space:       16.00 MB reserved,      15.25 MB ( 95%) committed 
      Class space:      248.00 MB reserved,       2.75 MB (  1%) committed 
             Both:      264.00 MB reserved,      18.00 MB (  7%) committed 

Chunk freelists:
   Non-Class:  31.00 KB
       Class:  23.00 KB
        Both:  54.00 KB

CodeHeap 'non-profiled nmethods': size=120064Kb used=773Kb max_used=773Kb free=119291Kb
 bounds [0x0000021241460000, 0x00000212416d0000, 0x00000212489a0000]
CodeHeap 'profiled nmethods': size=120000Kb used=3898Kb max_used=3898Kb free=116101Kb
 bounds [0x0000021239f30000, 0x000002123a310000, 0x0000021241460000]
CodeHeap 'non-nmethods': size=5696Kb used=1171Kb max_used=1188Kb free=4524Kb
 bounds [0x00000212399a0000, 0x0000021239c10000, 0x0000021239f30000]
 total_blobs=2968 nmethods=1809 adapters=412
 compilation: enabled
              stopped_count=0, restarted_count=0
 full_count=0

Compilation events (10 events):
Event: 3.611 Thread 0x000002124c19a800 nmethod 1999 0x0000021241520790 code [0x0000021241520940, 0x0000021241520a38]
Event: 3.611 Thread 0x000002124c19a800 2003       3       java.util.LinkedList::node (65 bytes)
Event: 3.612 Thread 0x000002124c19a800 nmethod 2003 0x000002123a2fc790 code [0x000002123a2fc960, 0x000002123a2fcc98]
Event: 3.612 Thread 0x000002124c19a800 2004       3       sun.reflect.generics.tree.ClassTypeSignature::accept (8 bytes)
Event: 3.612 Thread 0x000002124c19a800 nmethod 2004 0x000002123a2fce10 code [0x000002123a2fcfe0, 0x000002123a2fd1f0]
Event: 3.612 Thread 0x000002124c19a800 2005       3       sun.reflect.generics.visitor.Reifier::visitClassTypeSignature (381 bytes)
Event: 3.615 Thread 0x000002124c19a800 nmethod 2005 0x000002123a2fd310 code [0x000002123a2fd800, 0x000002123a2ffe40]
Event: 3.616 Thread 0x000002124c197800 2006       4       java.lang.ThreadLocal::get (38 bytes)
Event: 3.619 Thread 0x000002124c197800 nmethod 2006 0x0000021241520b10 code [0x0000021241520cc0, 0x0000021241520e78]
Event: 3.628 Thread 0x000002124c197800 2007   !   4       java.net.URLClassLoader$1::run (63 bytes)

GC Heap History (8 events):
Event: 0.703 GC heap before
{Heap before GC invocations=0 (full 0):
 garbage-first heap   total 262144K, used 18432K [0x00000000e0000000, 0x0000000100000000)
  region size 1024K, 14 young (14336K), 0 survivors (0K)
 Metaspace       used 2590K, capacity 5675K, committed 5760K, reserved 262144K
  class space    used 331K, capacity 637K, committed 640K, reserved 253952K
}
Event: 0.707 GC heap after
{Heap after GC invocations=1 (full 0):
 garbage-first heap   total 262144K, used 7336K [0x00000000e0000000, 0x0000000100000000)
  region size 1024K, 2 young (2048K), 2 survivors (2048K)
 Metaspace       used 2590K, capacity 5675K, committed 5760K, reserved 262144K
  class space    used 331K, capacity 637K, committed 640K, reserved 253952K
}
Event: 1.026 GC heap before
{Heap before GC invocations=1 (full 0):
 garbage-first heap   total 262144K, used 18600K [0x00000000e0000000, 0x0000000100000000)
  region size 1024K, 13 young (13312K), 2 survivors (2048K)
 Metaspace       used 3878K, capacity 6593K, committed 6784K, reserved 262144K
  class space    used 508K, capacity 772K, committed 896K, reserved 253952K
}
Event: 1.030 GC heap after
{Heap after GC invocations=2 (full 0):
 garbage-first heap   total 262144K, used 7856K [0x00000000e0000000, 0x0000000100000000)
  region size 1024K, 1 young (1024K), 1 survivors (1024K)
 Metaspace       used 3878K, capacity 6593K, committed 6784K, reserved 262144K
  class space    used 508K, capacity 772K, committed 896K, reserved 253952K
}
Event: 1.759 GC heap before
{Heap before GC invocations=2 (full 0):
 garbage-first heap   total 262144K, used 38576K [0x00000000e0000000, 0x0000000100000000)
  region size 1024K, 31 young (31744K), 1 survivors (1024K)
 Metaspace       used 5387K, capacity 7481K, committed 7680K, reserved 262144K
  class space    used 745K, capacity 986K, committed 1024K, reserved 253952K
}
Event: 1.764 GC heap after
{Heap after GC invocations=3 (full 0):
 garbage-first heap   total 262144K, used 13065K [0x00000000e0000000, 0x0000000100000000)
  region size 1024K, 4 young (4096K), 4 survivors (4096K)
 Metaspace       used 5387K, capacity 7481K, committed 7680K, reserved 262144K
  class space    used 745K, capacity 986K, committed 1024K, reserved 253952K
}
Event: 3.134 GC heap before
{Heap before GC invocations=3 (full 0):
 garbage-first heap   total 262144K, used 56073K [0x00000000e0000000, 0x0000000100000000)
  region size 1024K, 46 young (47104K), 4 survivors (4096K)
 Metaspace       used 12742K, capacity 13203K, committed 13440K, reserved 266240K
  class space    used 1888K, capacity 2050K, committed 2176K, reserved 253952K
}
Event: 3.141 GC heap after
{Heap after GC invocations=4 (full 0):
 garbage-first heap   total 262144K, used 15304K [0x00000000e0000000, 0x0000000100000000)
  region size 1024K, 3 young (3072K), 3 survivors (3072K)
 Metaspace       used 12742K, capacity 13203K, committed 13440K, reserved 266240K
  class space    used 1888K, capacity 2050K, committed 2176K, reserved 253952K
}

Deoptimization events (10 events):
Event: 2.827 Thread 0x000002124d5f0800 Uncommon trap: reason=class_check action=maybe_recompile pc=0x00000212414a9ae8 method=java.util.regex.Matcher.match(II)Z @ 121 c2
Event: 2.838 Thread 0x000002124d5f0800 Uncommon trap: reason=unstable_if action=reinterpret pc=0x00000212414b246c method=java.util.regex.Matcher.reset()Ljava/util/regex/Matcher; @ 71 c2
Event: 2.838 Thread 0x000002124d5f0800 Uncommon trap: reason=unstable_if action=reinterpret pc=0x00000212414a9b54 method=java.util.regex.Matcher.match(II)Z @ 76 c2
Event: 2.838 Thread 0x000002124d5f0800 Uncommon trap: reason=unstable_if action=reinterpret pc=0x00000212414a92e4 method=java.util.regex.Matcher.reset()Ljava/util/regex/Matcher; @ 71 c2
Event: 3.172 Thread 0x000002124d5f0800 Uncommon trap: reason=unstable_if action=reinterpret pc=0x00000212414b3ee4 method=java.util.LinkedHashMap.afterNodeInsertion(Z)V @ 1 c2
Event: 3.180 Thread 0x000002124d5f0800 Uncommon trap: reason=unstable_if action=reinterpret pc=0x000002124149890c method=java.util.concurrent.ConcurrentHashMap.get(Ljava/lang/Object;)Ljava/lang/Object; @ 76 c2
Event: 3.474 Thread 0x000002124d5f0800 Uncommon trap: reason=bimorphic_or_optimized_type_check action=maybe_recompile pc=0x00000212414b4c34 method=java.util.AbstractList$Itr.hasNext()Z @ 8 c2
Event: 3.474 Thread 0x000002124d5f0800 Uncommon trap: reason=bimorphic_or_optimized_type_check action=maybe_recompile pc=0x00000212414b508c method=java.util.AbstractList$Itr.next()Ljava/lang/Object; @ 14 c2
Event: 3.474 Thread 0x000002124d5f0800 Uncommon trap: reason=unstable_if action=reinterpret pc=0x00000212414b0688 method=java.io.File.getName()Ljava/lang/String; @ 16 c2
Event: 3.474 Thread 0x000002124d5f0800 Uncommon trap: reason=unstable_if action=reinterpret pc=0x00000212414af6bc method=java.lang.String.substring(I)Ljava/lang/String; @ 34 c2

Classes redefined (0 events):
No events

Internal exceptions (10 events):
Event: 1.915 Thread 0x0000021235af5000 Exception <a 'java/lang/NoSuchMethodError'{0x00000000efa36b08}: java.lang.invoke.DirectMethodHandle$Holder.invokeStaticInit(Ljava/lang/Object;IIII)Ljava/lang/Object;> (0x00000000efa36b08) thrown at [c:/BuildAgent/work/494cbf65e275b67e/src/hotspot/share/in
Event: 2.130 Thread 0x0000021235af5000 Exception <a 'java/lang/NoSuchMethodError'{0x00000000efa5d488}: java.lang.invoke.DirectMethodHandle$Holder.invokeStaticInit(Ljava/lang/Object;Ljava/lang/Object;IIII)Ljava/lang/Object;> (0x00000000efa5d488) thrown at [c:/BuildAgent/work/494cbf65e275b67e/sr
Event: 2.560 Thread 0x0000021235af5000 Exception <a 'java/io/IOException'{0x00000000ef836560}> (0x00000000ef836560) thrown at [c:/BuildAgent/work/494cbf65e275b67e/src/hotspot/share/prims/jni.cpp, line 615]
Event: 2.679 Thread 0x000002124d5f0800 Exception <a 'java/lang/NoSuchMethodError'{0x00000000ef4615b8}: java.lang.invoke.DelegatingMethodHandle$Holder.reinvoke_L(Ljava/lang/Object;Ljava/lang/Object;Ljava/lang/Object;Ljava/lang/Object;)V> (0x00000000ef4615b8) thrown at [c:/BuildAgent/work/494cbf
Event: 2.683 Thread 0x000002124d5f0800 Exception <a 'java/lang/NoSuchMethodError'{0x00000000ef481770}: java.lang.invoke.DirectMethodHandle$Holder.invokeVirtual(Ljava/lang/Object;Ljava/lang/Object;Ljava/lang/Object;Ljava/lang/Object;Ljava/lang/Object;Ljava/lang/Object;)V> (0x00000000ef481770) t
Event: 2.687 Thread 0x000002124d5f0800 Exception <a 'java/lang/NoSuchMethodError'{0x00000000ef4a4f98}: java.lang.invoke.DelegatingMethodHandle$Holder.reinvoke_L(Ljava/lang/Object;Ljava/lang/Object;Ljava/lang/Object;Ljava/lang/Object;Ljava/lang/Object;Ljava/lang/Object;)V> (0x00000000ef4a4f98) 
Event: 2.750 Thread 0x000002124d5f0800 Exception <a 'java/lang/NoSuchMethodError'{0x00000000eef36a20}: java.lang.invoke.DirectMethodHandle$Holder.invokeVirtual(Ljava/lang/Object;Ljava/lang/Object;Ljava/lang/Object;)Ljava/lang/Object;> (0x00000000eef36a20) thrown at [c:/BuildAgent/work/494cbf65
Event: 2.803 Thread 0x000002124d5f0800 Exception <a 'java/lang/NoSuchMethodError'{0x00000000eec04028}: java.lang.invoke.Invokers$Holder.invoker(Ljava/lang/Object;Ljava/lang/Object;Ljava/lang/Object;)Ljava/lang/Object;> (0x00000000eec04028) thrown at [c:/BuildAgent/work/494cbf65e275b67e/src/hot
Event: 2.960 Thread 0x000002124d5f0800 Exception <a 'java/lang/NoSuchMethodError'{0x00000000edb29888}: java.lang.invoke.DirectMethodHandle$Holder.invokeVirtual(Ljava/lang/Object;Ljava/lang/Object;Ljava/lang/Object;Ljava/lang/Object;)Ljava/lang/Object;> (0x00000000edb29888) thrown at [c:/BuildA
Event: 3.387 Thread 0x000002124d5f0800 Exception <a 'java/lang/NoSuchMethodError'{0x00000000ef379d80}: java.lang.invoke.DirectMethodHandle$Holder.invokeVirtual(Ljava/lang/Object;Ljava/lang/Object;Ljava/lang/Object;Ljava/lang/Object;Ljava/lang/Object;Ljava/lang/Object;Ljava/lang/Object;Ljava/la

Events (10 events):
Event: 3.658 loading class org/codehaus/groovy/runtime/InvokerHelper
Event: 3.658 loading class org/codehaus/groovy/runtime/InvokerHelper done
Event: 3.660 loading class org/apache/groovy/io/StringBuilderWriter
Event: 3.660 loading class org/apache/groovy/io/StringBuilderWriter done
Event: 3.661 loading class groovy/lang/SpreadMapEvaluatingException
Event: 3.661 loading class groovy/lang/SpreadMapEvaluatingException done
Event: 3.661 loading class groovy/lang/Script
Event: 3.661 loading class groovy/lang/Script done
Event: 3.661 loading class org/codehaus/groovy/runtime/InvokerHelper$NullScript
Event: 3.661 loading class org/codehaus/groovy/runtime/InvokerHelper$NullScript done


Dynamic libraries:
0x00007ff6d9860000 - 0x00007ff6d98a7000 	C:\Users\Dell\Desktop\IntelliJ IDEA Community Edition 2019.2\jbr\bin\java.exe
0x00007ffea7020000 - 0x00007ffea7201000 	C:\WINDOWS\SYSTEM32\ntdll.dll
0x00007ffea6cc0000 - 0x00007ffea6d71000 	C:\WINDOWS\System32\KERNEL32.DLL
0x00007ffea40c0000 - 0x00007ffea4333000 	C:\WINDOWS\System32\KERNELBASE.dll
0x00007ffea4510000 - 0x00007ffea46a0000 	C:\WINDOWS\System32\USER32.dll
0x00007ffea4490000 - 0x00007ffea44b0000 	C:\WINDOWS\System32\win32u.dll
0x00007ffea6360000 - 0x00007ffea6388000 	C:\WINDOWS\System32\GDI32.dll
0x00007ffea3f20000 - 0x00007ffea40b1000 	C:\WINDOWS\System32\gdi32full.dll
0x00007ffea43a0000 - 0x00007ffea443f000 	C:\WINDOWS\System32\msvcp_win.dll
0x00007ffea3470000 - 0x00007ffea3568000 	C:\WINDOWS\System32\ucrtbase.dll
0x00007ffe927a0000 - 0x00007ffe92a09000 	C:\WINDOWS\WinSxS\amd64_microsoft.windows.common-controls_6595b64144ccf1df_6.0.17134.950_none_fb3da4273069d3e0\COMCTL32.dll
0x00007ffea6d80000 - 0x00007ffea6e1e000 	C:\WINDOWS\System32\msvcrt.dll
0x00007ffea6030000 - 0x00007ffea6352000 	C:\WINDOWS\System32\combase.dll
0x00007ffea6740000 - 0x00007ffea6864000 	C:\WINDOWS\System32\RPCRT4.dll
0x00007ffea33f0000 - 0x00007ffea3469000 	C:\WINDOWS\System32\bcryptPrimitives.dll
0x00007ffea6710000 - 0x00007ffea673d000 	C:\WINDOWS\System32\IMM32.DLL
0x00007ffe9db60000 - 0x00007ffe9db77000 	C:\Users\Dell\Desktop\IntelliJ IDEA Community Edition 2019.2\jbr\bin\vcruntime140.dll
0x00007ffe99940000 - 0x00007ffe999dd000 	C:\Users\Dell\Desktop\IntelliJ IDEA Community Edition 2019.2\jbr\bin\msvcp140.dll
0x00007ffe6fd30000 - 0x00007ffe707e7000 	C:\Users\Dell\Desktop\IntelliJ IDEA Community Edition 2019.2\jbr\bin\server\jvm.dll
0x00007ffea5dd0000 - 0x00007ffea5e71000 	C:\WINDOWS\System32\ADVAPI32.dll
0x00007ffea44b0000 - 0x00007ffea450b000 	C:\WINDOWS\System32\sechost.dll
0x00007ffea6530000 - 0x00007ffea6538000 	C:\WINDOWS\System32\PSAPI.DLL
0x00007ffea1f00000 - 0x00007ffea1f09000 	C:\WINDOWS\SYSTEM32\WSOCK32.dll
0x00007ffea6f20000 - 0x00007ffea6f8c000 	C:\WINDOWS\System32\WS2_32.dll
0x00007ffea0bc0000 - 0x00007ffea0be3000 	C:\WINDOWS\SYSTEM32\WINMM.dll
0x00007ffe94a00000 - 0x00007ffe94a0a000 	C:\WINDOWS\SYSTEM32\VERSION.dll
0x00007ffea0b40000 - 0x00007ffea0b6a000 	C:\WINDOWS\SYSTEM32\WINMMBASE.dll
0x00007ffea4440000 - 0x00007ffea4489000 	C:\WINDOWS\System32\cfgmgr32.dll
0x00007ffea3340000 - 0x00007ffea3351000 	C:\WINDOWS\System32\kernel.appcore.dll
0x00007ffe9fc30000 - 0x00007ffe9fc41000 	C:\Users\Dell\Desktop\IntelliJ IDEA Community Edition 2019.2\jbr\bin\verify.dll
0x00007ffea1d10000 - 0x00007ffea1ed9000 	C:\WINDOWS\SYSTEM32\DBGHELP.DLL
0x00007ffe8f8b0000 - 0x00007ffe8f8d9000 	C:\WINDOWS\SYSTEM32\dbgcore.DLL
0x00007ffe9e790000 - 0x00007ffe9e7b9000 	C:\Users\Dell\Desktop\IntelliJ IDEA Community Edition 2019.2\jbr\bin\java.dll
0x00007ffe9e5c0000 - 0x00007ffe9e5d7000 	C:\Users\Dell\Desktop\IntelliJ IDEA Community Edition 2019.2\jbr\bin\zip.dll
0x00007ffe9fc20000 - 0x00007ffe9fc2b000 	C:\Users\Dell\Desktop\IntelliJ IDEA Community Edition 2019.2\jbr\bin\jimage.dll
0x00007ffea46a0000 - 0x00007ffea5ae0000 	C:\WINDOWS\System32\SHELL32.dll
0x00007ffea5ca0000 - 0x00007ffea5d49000 	C:\WINDOWS\System32\shcore.dll
0x00007ffea3810000 - 0x00007ffea3f1d000 	C:\WINDOWS\System32\windows.storage.dll
0x00007ffea66b0000 - 0x00007ffea6701000 	C:\WINDOWS\System32\shlwapi.dll
0x00007ffea3380000 - 0x00007ffea339f000 	C:\WINDOWS\System32\profapi.dll
0x00007ffea33a0000 - 0x00007ffea33ec000 	C:\WINDOWS\System32\powrprof.dll
0x00007ffea3330000 - 0x00007ffea333a000 	C:\WINDOWS\System32\FLTLIB.DLL
0x00007ffe9e5a0000 - 0x00007ffe9e5ba000 	C:\Users\Dell\Desktop\IntelliJ IDEA Community Edition 2019.2\jbr\bin\net.dll
0x00007ffe96720000 - 0x00007ffe967fd000 	C:\WINDOWS\SYSTEM32\WINHTTP.dll
0x00007ffe95230000 - 0x00007ffe953f9000 	C:\WINDOWS\SYSTEM32\urlmon.dll
0x00007ffe957e0000 - 0x00007ffe95a86000 	C:\WINDOWS\SYSTEM32\iertutil.dll
0x00007ffea2d80000 - 0x00007ffea2d8b000 	C:\WINDOWS\SYSTEM32\CRYPTBASE.DLL
0x00007ffea2ba0000 - 0x00007ffea2c06000 	C:\WINDOWS\system32\mswsock.dll
0x00007ffe9e580000 - 0x00007ffe9e594000 	C:\Users\Dell\Desktop\IntelliJ IDEA Community Edition 2019.2\jbr\bin\nio.dll
0x00007ffe9db80000 - 0x00007ffe9dba6000 	C:\Users\Dell\.gradle\native\29\windows-amd64\native-platform.dll
0x00007ffe9e570000 - 0x00007ffe9e57a000 	C:\Users\Dell\Desktop\IntelliJ IDEA Community Edition 2019.2\jbr\bin\management.dll
0x00007ffe9e560000 - 0x00007ffe9e56c000 	C:\Users\Dell\Desktop\IntelliJ IDEA Community Edition 2019.2\jbr\bin\management_ext.dll
0x00007ffea2d60000 - 0x00007ffea2d77000 	C:\WINDOWS\SYSTEM32\CRYPTSP.dll
0x00007ffea2760000 - 0x00007ffea2793000 	C:\WINDOWS\system32\rsaenh.dll
0x00007ffea2e90000 - 0x00007ffea2eb5000 	C:\WINDOWS\SYSTEM32\bcrypt.dll
0x00007ffea3260000 - 0x00007ffea3288000 	C:\WINDOWS\SYSTEM32\USERENV.dll
0x00007ffea2900000 - 0x00007ffea2938000 	C:\WINDOWS\SYSTEM32\IPHLPAPI.DLL
0x00007ffea5ea0000 - 0x00007ffea5ea8000 	C:\WINDOWS\System32\NSI.dll
0x00007ffe96b10000 - 0x00007ffe96b26000 	C:\WINDOWS\SYSTEM32\dhcpcsvc6.DLL
0x00007ffe96e20000 - 0x00007ffe96e3a000 	C:\WINDOWS\SYSTEM32\dhcpcsvc.DLL

dbghelp: loaded successfully - version: 4.0.5 - missing functions: none
symbol engine: initialized successfully - sym options: 0x614 - pdb path: .;C:\Users\Dell\Desktop\IntelliJ IDEA Community Edition 2019.2\jbr\bin;C:\WINDOWS\SYSTEM32;C:\WINDOWS\WinSxS\amd64_microsoft.windows.common-controls_6595b64144ccf1df_6.0.17134.950_none_fb3da4273069d3e0;C:\Users\Dell\Desktop\IntelliJ IDEA Community Edition 2019.2\jbr\bin\server;C:\Users\Dell\.gradle\native\29\windows-amd64

VM Arguments:
jvm_args: --add-opens=java.base/java.util=ALL-UNNAMED --add-opens=java.base/java.lang=ALL-UNNAMED --add-opens=java.base/java.lang.invoke=ALL-UNNAMED --add-opens=java.prefs/java.util.prefs=ALL-UNNAMED -XX:MaxMetaspaceSize=256m -XX:+HeapDumpOnOutOfMemoryError -Xms256m -Xmx512m -Dfile.encoding=windows-1252 -Duser.country=SG -Duser.language=en -Duser.variant 
java_command: org.gradle.launcher.daemon.bootstrap.GradleDaemon 5.5.1
java_class_path (initial): C:\Users\Dell\.gradle\wrapper\dists\gradle-5.5.1-bin\cfsov38hb3r1zj4ic9bbjcc7n\gradle-5.5.1\lib\gradle-launcher-5.5.1.jar
Launcher Type: SUN_STANDARD

[Global flags]
     intx CICompilerCount                          = 3                                         {product} {ergonomic}
   size_t CompressedClassSpaceSize                 = 260046848                                 {product} {ergonomic}
     uint ConcGCThreads                            = 1                                         {product} {ergonomic}
     uint G1ConcRefinementThreads                  = 4                                         {product} {ergonomic}
   size_t G1HeapRegionSize                         = 1048576                                   {product} {ergonomic}
    uintx GCDrainStackTargetSize                   = 64                                        {product} {ergonomic}
     bool HeapDumpOnOutOfMemoryError               = true                                   {manageable} {command line}
   size_t InitialHeapSize                          = 268435456                                 {product} {command line}
   size_t MarkStackSize                            = 4194304                                   {product} {ergonomic}
   size_t MaxHeapSize                              = 536870912                                 {product} {command line}
   size_t MaxMetaspaceSize                         = 268435456                                 {product} {command line}
   size_t MaxNewSize                               = 321912832                                 {product} {ergonomic}
   size_t MinHeapDeltaBytes                        = 1048576                                   {product} {ergonomic}
    uintx NonNMethodCodeHeapSize                   = 5830092                                {pd product} {ergonomic}
    uintx NonProfiledCodeHeapSize                  = 122914074                              {pd product} {ergonomic}
    uintx ProfiledCodeHeapSize                     = 122914074                              {pd product} {ergonomic}
    uintx ReservedCodeCacheSize                    = 251658240                              {pd product} {ergonomic}
     bool SegmentedCodeCache                       = true                                      {product} {ergonomic}
     bool UseCompressedClassPointers               = true                                 {lp64_product} {ergonomic}
     bool UseCompressedOops                        = true                                 {lp64_product} {ergonomic}
     bool UseG1GC                                  = true                                      {product} {ergonomic}
     bool UseLargePagesIndividualAllocation        = false                                  {pd product} {ergonomic}

Logging:
Log output configuration:
 #0: stdout all=warning uptime,level,tags
 #1: stderr all=off uptime,level,tags

Environment Variables:
CLASSPATH=C:\Users\Dell\Desktop\duke\\gradle\wrapper\gradle-wrapper.jar
PATH=C:\Users\Dell\Desktop\IntelliJ IDEA Community Edition 2019.2\jbr\\bin;C:\Users\Dell\Desktop\IntelliJ IDEA Community Edition 2019.2\jbr\\bin\server;C:\Users\Dell\gcc\bin;C:\Users\Dell\gcc\libexec\gcc\x86_64-w64-mingw32\8.2.0;C:\Program Files\Dell\DW WLAN Card;C:\WINDOWS\system32;C:\WINDOWS;C:\WINDOWS\System32\Wbem;C:\WINDOWS\System32\WindowsPowerShell\v1.0\;c:\Program Files\WIDCOMM\Bluetooth Software\;c:\Program Files\WIDCOMM\Bluetooth Software\syswow64;C:\WINDOWS\System32\OpenSSH\;C:\Program Files\PuTTY\;C:\Program Files (x86)\PuTTY\;C:\Program Files (x86)\Git\cmd;C:\Program Files (x86)\Intel\Intel(R) Management Engine Components\DAL;C:\Program Files\Intel\Intel(R) Management Engine Components\DAL;C:\Users\Dell\Desktop\ORBITAL\ReactNative\;C:\Program Files\Java\jdk-11.0.3\bin;C:\Program Files (x86)\Common Files\Oracle\Java\javapath;C:\Users\Dell\AppData\Local\Microsoft\WindowsApps;C:\Users\Dell\AppData\Local\Programs\Microsoft VS Code\bin;C:\MinGW\bin;C:\Users\Dell\AppData\Roaming\npm;C:\Users\Dell\Desktop\IntelliJ IDEA Community Edition 2019.2\bin;;C:\Program Files (x86)\Java\jdk1.8.0_212\bin;
USERNAME=Dell
OS=Windows_NT
PROCESSOR_IDENTIFIER=Intel64 Family 6 Model 78 Stepping 3, GenuineIntel



---------------  S Y S T E M  ---------------

OS: Windows 10 , 64 bit Build 17134 (10.0.17134.753)

CPU:total 4 (initial active 4) (2 cores per cpu, 2 threads per core) family 6 model 78 stepping 3, cmov, cx8, fxsr, mmx, sse, sse2, sse3, ssse3, sse4.1, sse4.2, popcnt, avx, avx2, aes, clmul, erms, 3dnowpref, lzcnt, ht, tsc, tscinvbit, bmi1, bmi2, adx, fma

Memory: 4k page, system-wide physical 8038M (1454M free)
TotalPageFile size 12134M (AvailPageFile size 5M)
current process WorkingSet (physical memory assigned to process): 176M, peak: 176M
current process commit charge ("private bytes"): 399M, peak: 399M

vm_info: OpenJDK 64-Bit Server VM (11.0.3+12-b304.10) for windows-amd64 JRE (11.0.3+12-b304.10), built on Jun 25 2019 07:10:45 by "" with MS VC++ 14.0 (VS2015)

END.
