#
# There is insufficient memory for the Java Runtime Environment to continue.
# Native memory allocation (malloc) failed to allocate 298736 bytes for Chunk::new
# Possible reasons:
#   The system is out of physical RAM or swap space
#   The process is running with CompressedOops enabled, and the Java Heap may be blocking the growth of the native heap
# Possible solutions:
#   Reduce memory load on the system
#   Increase physical memory or swap space
#   Check if swap backing store is full
#   Decrease Java heap size (-Xmx/-Xms)
#   Decrease number of Java threads
#   Decrease Java thread stack sizes (-Xss)
#   Set larger code cache with -XX:ReservedCodeCacheSize=
#   JVM is running with Unscaled Compressed Oops mode in which the Java heap is
#     placed in the first 4GB address space. The Java Heap base address is the
#     maximum limit for the native heap growth. Please use -XX:HeapBaseMinAddress
#     to set the Java Heap base and to place the Java Heap above 4GB virtual address.
# This output file may be truncated or incomplete.
#
#  Out of Memory Error (t:/workspace/open/src/hotspot/share/memory/arena.cpp:197), pid=12672, tid=11280
#
# JRE version: Java(TM) SE Runtime Environment (11.0.3+12) (build 11.0.3+12-LTS)
# Java VM: Java HotSpot(TM) 64-Bit Server VM (11.0.3+12-LTS, mixed mode, tiered, compressed oops, g1 gc, windows-amd64)
# No core dump will be written. Minidumps are not enabled by default on client versions of Windows
#

---------------  S U M M A R Y ------------

Command Line: ./build/libs/duke-0.1.3.jar

Host: Intel(R) Core(TM) i5-6200U CPU @ 2.30GHz, 4 cores, 7G,  Windows 10 , 64 bit Build 17134 (10.0.17134.753)
Time: Tue Sep 10 18:28:45 2019 Malay Peninsula Standard Time elapsed time: 0 seconds (0d 0h 0m 0s)

---------------  T H R E A D  ---------------

Current thread (0x000001f4fefde800):  JavaThread "C2 CompilerThread0" daemon [_thread_in_native, id=11280, stack(0x000000d74e600000,0x000000d74e700000)]


Current CompileTask:
C2:    450  359       4       jdk.internal.org.objectweb.asm.Item::set (219 bytes)

Stack: [0x000000d74e600000,0x000000d74e700000]
Native frames: (J=compiled Java code, j=interpreted, Vv=VM code, C=native code)
V  [jvm.dll+0x63582a]
V  [jvm.dll+0x77360f]
V  [jvm.dll+0x774cba]
V  [jvm.dll+0x775373]
V  [jvm.dll+0x25e9c8]
V  [jvm.dll+0xc21d1]
V  [jvm.dll+0xc275c]
V  [jvm.dll+0x36dae7]
V  [jvm.dll+0x33ab03]
V  [jvm.dll+0x339eda]
V  [jvm.dll+0x218875]
V  [jvm.dll+0x217a1a]
V  [jvm.dll+0x194300]
V  [jvm.dll+0x2269df]
V  [jvm.dll+0x224fe8]
V  [jvm.dll+0x738aed]
V  [jvm.dll+0x6348c2]
C  [ucrtbase.dll+0x1e3fe]
C  [KERNEL32.DLL+0x14034]
C  [ntdll.dll+0x73691]


---------------  P R O C E S S  ---------------

Threads class SMR info:
_java_thread_list=0x000001f485f4daa0, length=11, elements={
0x000001f4e4c32000, 0x000001f4fefbc000, 0x000001f4fefbe800, 0x000001f4fefdc000,
0x000001f4fefdc800, 0x000001f4fefde800, 0x000001f4fefe2000, 0x000001f4fefea000,
0x000001f4ffa88000, 0x000001f4ffa7e000, 0x000001f485f9c000
}

Java Threads: ( => current thread )
  0x000001f4e4c32000 JavaThread "main" [_thread_in_vm, id=12868, stack(0x000000d74db00000,0x000000d74dc00000)]
  0x000001f4fefbc000 JavaThread "Reference Handler" daemon [_thread_blocked, id=18740, stack(0x000000d74e200000,0x000000d74e300000)]
  0x000001f4fefbe800 JavaThread "Finalizer" daemon [_thread_blocked, id=14200, stack(0x000000d74e300000,0x000000d74e400000)]
  0x000001f4fefdc000 JavaThread "Signal Dispatcher" daemon [_thread_blocked, id=20236, stack(0x000000d74e400000,0x000000d74e500000)]
  0x000001f4fefdc800 JavaThread "Attach Listener" daemon [_thread_blocked, id=19116, stack(0x000000d74e500000,0x000000d74e600000)]
=>0x000001f4fefde800 JavaThread "C2 CompilerThread0" daemon [_thread_in_native, id=11280, stack(0x000000d74e600000,0x000000d74e700000)]
  0x000001f4fefe2000 JavaThread "C1 CompilerThread0" daemon [_thread_in_native, id=5140, stack(0x000000d74e700000,0x000000d74e800000)]
  0x000001f4fefea000 JavaThread "Sweeper thread" daemon [_thread_blocked, id=1792, stack(0x000000d74e800000,0x000000d74e900000)]
  0x000001f4ffa88000 JavaThread "Service Thread" daemon [_thread_blocked, id=14808, stack(0x000000d74e900000,0x000000d74ea00000)]
  0x000001f4ffa7e000 JavaThread "Common-Cleaner" daemon [_thread_blocked, id=19216, stack(0x000000d74eb00000,0x000000d74ec00000)]
  0x000001f485f9c000 JavaThread "C2 CompilerThread1" daemon [_thread_in_native, id=13572, stack(0x000000d74ed00000,0x000000d74ee00000)]

Other Threads:
  0x000001f4fef95000 VMThread "VM Thread" [stack: 0x000000d74e100000,0x000000d74e200000] [id=19584]
  0x000001f4ffa7d000 WatcherThread [stack: 0x000000d74ea00000,0x000000d74eb00000] [id=8832]
  0x000001f4e4c4a000 GCTaskThread "GC Thread#0" [stack: 0x000000d74dc00000,0x000000d74dd00000] [id=13316]
  0x000001f4e4c7b000 ConcurrentGCThread "G1 Main Marker" [stack: 0x000000d74dd00000,0x000000d74de00000] [id=18868]
  0x000001f4e4c7e000 ConcurrentGCThread "G1 Conc#0" [stack: 0x000000d74de00000,0x000000d74df00000] [id=10628]
  0x000001f4e4d0e000 ConcurrentGCThread "G1 Refine#0" [stack: 0x000000d74df00000,0x000000d74e000000] [id=4712]
  0x000001f4fee00800 ConcurrentGCThread "G1 Young RemSet Sampling" [stack: 0x000000d74e000000,0x000000d74e100000] [id=19408]

Threads with active compile tasks:
C2 CompilerThread0 359       4       jdk.internal.org.objectweb.asm.Item::set (219 bytes)
C1 CompilerThread0 486       3       jdk.internal.org.objectweb.asm.MethodWriter::visitInsn (114 bytes)
C2 CompilerThread1 453       4       java.lang.invoke.LambdaForm$Name::replaceNames (174 bytes)

VM state:not at safepoint (normal execution)

VM Mutex/Monitor currently owned by a thread: None

Heap address: 0x0000000082600000, size: 2010 MB, Compressed Oops mode: 32-bit
Narrow klass base: 0x0000000000000000, Narrow klass shift: 3
Compressed class space size: 1073741824 Address: 0x0000000100000000

Heap:
 garbage-first heap   total 129024K, used 4096K [0x0000000082600000, 0x0000000100000000)
  region size 1024K, 5 young (5120K), 0 survivors (0K)
 Metaspace       used 7404K, capacity 7638K, committed 7808K, reserved 1056768K
  class space    used 687K, capacity 769K, committed 896K, reserved 1048576K
Heap Regions: E=young(eden), S=young(survivor), O=old, HS=humongous(starts), HC=humongous(continues), CS=collection set, F=free, A=archive, TAMS=top-at-mark-start (previous, next)
|   0|0x0000000082600000, 0x0000000082600000, 0x0000000082700000|  0%| F|  |TAMS 0x0000000082600000, 0x0000000082600000| Untracked 
|   1|0x0000000082700000, 0x0000000082700000, 0x0000000082800000|  0%| F|  |TAMS 0x0000000082700000, 0x0000000082700000| Untracked 
|   2|0x0000000082800000, 0x0000000082800000, 0x0000000082900000|  0%| F|  |TAMS 0x0000000082800000, 0x0000000082800000| Untracked 
|   3|0x0000000082900000, 0x0000000082900000, 0x0000000082a00000|  0%| F|  |TAMS 0x0000000082900000, 0x0000000082900000| Untracked 
|   4|0x0000000082a00000, 0x0000000082a00000, 0x0000000082b00000|  0%| F|  |TAMS 0x0000000082a00000, 0x0000000082a00000| Untracked 
|   5|0x0000000082b00000, 0x0000000082b00000, 0x0000000082c00000|  0%| F|  |TAMS 0x0000000082b00000, 0x0000000082b00000| Untracked 
|   6|0x0000000082c00000, 0x0000000082c00000, 0x0000000082d00000|  0%| F|  |TAMS 0x0000000082c00000, 0x0000000082c00000| Untracked 
|   7|0x0000000082d00000, 0x0000000082d00000, 0x0000000082e00000|  0%| F|  |TAMS 0x0000000082d00000, 0x0000000082d00000| Untracked 
|   8|0x0000000082e00000, 0x0000000082e00000, 0x0000000082f00000|  0%| F|  |TAMS 0x0000000082e00000, 0x0000000082e00000| Untracked 
|   9|0x0000000082f00000, 0x0000000082f00000, 0x0000000083000000|  0%| F|  |TAMS 0x0000000082f00000, 0x0000000082f00000| Untracked 
|  10|0x0000000083000000, 0x0000000083000000, 0x0000000083100000|  0%| F|  |TAMS 0x0000000083000000, 0x0000000083000000| Untracked 
|  11|0x0000000083100000, 0x0000000083100000, 0x0000000083200000|  0%| F|  |TAMS 0x0000000083100000, 0x0000000083100000| Untracked 
|  12|0x0000000083200000, 0x0000000083200000, 0x0000000083300000|  0%| F|  |TAMS 0x0000000083200000, 0x0000000083200000| Untracked 
|  13|0x0000000083300000, 0x0000000083300000, 0x0000000083400000|  0%| F|  |TAMS 0x0000000083300000, 0x0000000083300000| Untracked 
|  14|0x0000000083400000, 0x0000000083400000, 0x0000000083500000|  0%| F|  |TAMS 0x0000000083400000, 0x0000000083400000| Untracked 
|  15|0x0000000083500000, 0x0000000083500000, 0x0000000083600000|  0%| F|  |TAMS 0x0000000083500000, 0x0000000083500000| Untracked 
|  16|0x0000000083600000, 0x0000000083600000, 0x0000000083700000|  0%| F|  |TAMS 0x0000000083600000, 0x0000000083600000| Untracked 
|  17|0x0000000083700000, 0x0000000083700000, 0x0000000083800000|  0%| F|  |TAMS 0x0000000083700000, 0x0000000083700000| Untracked 
|  18|0x0000000083800000, 0x0000000083800000, 0x0000000083900000|  0%| F|  |TAMS 0x0000000083800000, 0x0000000083800000| Untracked 
|  19|0x0000000083900000, 0x0000000083900000, 0x0000000083a00000|  0%| F|  |TAMS 0x0000000083900000, 0x0000000083900000| Untracked 
|  20|0x0000000083a00000, 0x0000000083a00000, 0x0000000083b00000|  0%| F|  |TAMS 0x0000000083a00000, 0x0000000083a00000| Untracked 
|  21|0x0000000083b00000, 0x0000000083b00000, 0x0000000083c00000|  0%| F|  |TAMS 0x0000000083b00000, 0x0000000083b00000| Untracked 
|  22|0x0000000083c00000, 0x0000000083c00000, 0x0000000083d00000|  0%| F|  |TAMS 0x0000000083c00000, 0x0000000083c00000| Untracked 
|  23|0x0000000083d00000, 0x0000000083d00000, 0x0000000083e00000|  0%| F|  |TAMS 0x0000000083d00000, 0x0000000083d00000| Untracked 
|  24|0x0000000083e00000, 0x0000000083e00000, 0x0000000083f00000|  0%| F|  |TAMS 0x0000000083e00000, 0x0000000083e00000| Untracked 
|  25|0x0000000083f00000, 0x0000000083f00000, 0x0000000084000000|  0%| F|  |TAMS 0x0000000083f00000, 0x0000000083f00000| Untracked 
|  26|0x0000000084000000, 0x0000000084000000, 0x0000000084100000|  0%| F|  |TAMS 0x0000000084000000, 0x0000000084000000| Untracked 
|  27|0x0000000084100000, 0x0000000084100000, 0x0000000084200000|  0%| F|  |TAMS 0x0000000084100000, 0x0000000084100000| Untracked 
|  28|0x0000000084200000, 0x0000000084200000, 0x0000000084300000|  0%| F|  |TAMS 0x0000000084200000, 0x0000000084200000| Untracked 
|  29|0x0000000084300000, 0x0000000084300000, 0x0000000084400000|  0%| F|  |TAMS 0x0000000084300000, 0x0000000084300000| Untracked 
|  30|0x0000000084400000, 0x0000000084400000, 0x0000000084500000|  0%| F|  |TAMS 0x0000000084400000, 0x0000000084400000| Untracked 
|  31|0x0000000084500000, 0x0000000084500000, 0x0000000084600000|  0%| F|  |TAMS 0x0000000084500000, 0x0000000084500000| Untracked 
|  32|0x0000000084600000, 0x0000000084600000, 0x0000000084700000|  0%| F|  |TAMS 0x0000000084600000, 0x0000000084600000| Untracked 
|  33|0x0000000084700000, 0x0000000084700000, 0x0000000084800000|  0%| F|  |TAMS 0x0000000084700000, 0x0000000084700000| Untracked 
|  34|0x0000000084800000, 0x0000000084800000, 0x0000000084900000|  0%| F|  |TAMS 0x0000000084800000, 0x0000000084800000| Untracked 
|  35|0x0000000084900000, 0x0000000084900000, 0x0000000084a00000|  0%| F|  |TAMS 0x0000000084900000, 0x0000000084900000| Untracked 
|  36|0x0000000084a00000, 0x0000000084a00000, 0x0000000084b00000|  0%| F|  |TAMS 0x0000000084a00000, 0x0000000084a00000| Untracked 
|  37|0x0000000084b00000, 0x0000000084b00000, 0x0000000084c00000|  0%| F|  |TAMS 0x0000000084b00000, 0x0000000084b00000| Untracked 
|  38|0x0000000084c00000, 0x0000000084c00000, 0x0000000084d00000|  0%| F|  |TAMS 0x0000000084c00000, 0x0000000084c00000| Untracked 
|  39|0x0000000084d00000, 0x0000000084d00000, 0x0000000084e00000|  0%| F|  |TAMS 0x0000000084d00000, 0x0000000084d00000| Untracked 
|  40|0x0000000084e00000, 0x0000000084e00000, 0x0000000084f00000|  0%| F|  |TAMS 0x0000000084e00000, 0x0000000084e00000| Untracked 
|  41|0x0000000084f00000, 0x0000000084f00000, 0x0000000085000000|  0%| F|  |TAMS 0x0000000084f00000, 0x0000000084f00000| Untracked 
|  42|0x0000000085000000, 0x0000000085000000, 0x0000000085100000|  0%| F|  |TAMS 0x0000000085000000, 0x0000000085000000| Untracked 
|  43|0x0000000085100000, 0x0000000085100000, 0x0000000085200000|  0%| F|  |TAMS 0x0000000085100000, 0x0000000085100000| Untracked 
|  44|0x0000000085200000, 0x0000000085200000, 0x0000000085300000|  0%| F|  |TAMS 0x0000000085200000, 0x0000000085200000| Untracked 
|  45|0x0000000085300000, 0x0000000085300000, 0x0000000085400000|  0%| F|  |TAMS 0x0000000085300000, 0x0000000085300000| Untracked 
|  46|0x0000000085400000, 0x0000000085400000, 0x0000000085500000|  0%| F|  |TAMS 0x0000000085400000, 0x0000000085400000| Untracked 
|  47|0x0000000085500000, 0x0000000085500000, 0x0000000085600000|  0%| F|  |TAMS 0x0000000085500000, 0x0000000085500000| Untracked 
|  48|0x0000000085600000, 0x0000000085600000, 0x0000000085700000|  0%| F|  |TAMS 0x0000000085600000, 0x0000000085600000| Untracked 
|  49|0x0000000085700000, 0x0000000085700000, 0x0000000085800000|  0%| F|  |TAMS 0x0000000085700000, 0x0000000085700000| Untracked 
|  50|0x0000000085800000, 0x0000000085800000, 0x0000000085900000|  0%| F|  |TAMS 0x0000000085800000, 0x0000000085800000| Untracked 
|  51|0x0000000085900000, 0x0000000085900000, 0x0000000085a00000|  0%| F|  |TAMS 0x0000000085900000, 0x0000000085900000| Untracked 
|  52|0x0000000085a00000, 0x0000000085a00000, 0x0000000085b00000|  0%| F|  |TAMS 0x0000000085a00000, 0x0000000085a00000| Untracked 
|  53|0x0000000085b00000, 0x0000000085b00000, 0x0000000085c00000|  0%| F|  |TAMS 0x0000000085b00000, 0x0000000085b00000| Untracked 
|  54|0x0000000085c00000, 0x0000000085c00000, 0x0000000085d00000|  0%| F|  |TAMS 0x0000000085c00000, 0x0000000085c00000| Untracked 
|  55|0x0000000085d00000, 0x0000000085d00000, 0x0000000085e00000|  0%| F|  |TAMS 0x0000000085d00000, 0x0000000085d00000| Untracked 
|  56|0x0000000085e00000, 0x0000000085e00000, 0x0000000085f00000|  0%| F|  |TAMS 0x0000000085e00000, 0x0000000085e00000| Untracked 
|  57|0x0000000085f00000, 0x0000000085f00000, 0x0000000086000000|  0%| F|  |TAMS 0x0000000085f00000, 0x0000000085f00000| Untracked 
|  58|0x0000000086000000, 0x0000000086000000, 0x0000000086100000|  0%| F|  |TAMS 0x0000000086000000, 0x0000000086000000| Untracked 
|  59|0x0000000086100000, 0x0000000086100000, 0x0000000086200000|  0%| F|  |TAMS 0x0000000086100000, 0x0000000086100000| Untracked 
|  60|0x0000000086200000, 0x0000000086200000, 0x0000000086300000|  0%| F|  |TAMS 0x0000000086200000, 0x0000000086200000| Untracked 
|  61|0x0000000086300000, 0x0000000086300000, 0x0000000086400000|  0%| F|  |TAMS 0x0000000086300000, 0x0000000086300000| Untracked 
|  62|0x0000000086400000, 0x0000000086400000, 0x0000000086500000|  0%| F|  |TAMS 0x0000000086400000, 0x0000000086400000| Untracked 
|  63|0x0000000086500000, 0x0000000086500000, 0x0000000086600000|  0%| F|  |TAMS 0x0000000086500000, 0x0000000086500000| Untracked 
|  64|0x0000000086600000, 0x0000000086600000, 0x0000000086700000|  0%| F|  |TAMS 0x0000000086600000, 0x0000000086600000| Untracked 
|  65|0x0000000086700000, 0x0000000086700000, 0x0000000086800000|  0%| F|  |TAMS 0x0000000086700000, 0x0000000086700000| Untracked 
|  66|0x0000000086800000, 0x0000000086800000, 0x0000000086900000|  0%| F|  |TAMS 0x0000000086800000, 0x0000000086800000| Untracked 
|  67|0x0000000086900000, 0x0000000086900000, 0x0000000086a00000|  0%| F|  |TAMS 0x0000000086900000, 0x0000000086900000| Untracked 
|  68|0x0000000086a00000, 0x0000000086a00000, 0x0000000086b00000|  0%| F|  |TAMS 0x0000000086a00000, 0x0000000086a00000| Untracked 
|  69|0x0000000086b00000, 0x0000000086b00000, 0x0000000086c00000|  0%| F|  |TAMS 0x0000000086b00000, 0x0000000086b00000| Untracked 
|  70|0x0000000086c00000, 0x0000000086c00000, 0x0000000086d00000|  0%| F|  |TAMS 0x0000000086c00000, 0x0000000086c00000| Untracked 
|  71|0x0000000086d00000, 0x0000000086d00000, 0x0000000086e00000|  0%| F|  |TAMS 0x0000000086d00000, 0x0000000086d00000| Untracked 
|  72|0x0000000086e00000, 0x0000000086e00000, 0x0000000086f00000|  0%| F|  |TAMS 0x0000000086e00000, 0x0000000086e00000| Untracked 
|  73|0x0000000086f00000, 0x0000000086f00000, 0x0000000087000000|  0%| F|  |TAMS 0x0000000086f00000, 0x0000000086f00000| Untracked 
|  74|0x0000000087000000, 0x0000000087000000, 0x0000000087100000|  0%| F|  |TAMS 0x0000000087000000, 0x0000000087000000| Untracked 
|  75|0x0000000087100000, 0x0000000087100000, 0x0000000087200000|  0%| F|  |TAMS 0x0000000087100000, 0x0000000087100000| Untracked 
|  76|0x0000000087200000, 0x0000000087200000, 0x0000000087300000|  0%| F|  |TAMS 0x0000000087200000, 0x0000000087200000| Untracked 
|  77|0x0000000087300000, 0x0000000087300000, 0x0000000087400000|  0%| F|  |TAMS 0x0000000087300000, 0x0000000087300000| Untracked 
|  78|0x0000000087400000, 0x0000000087400000, 0x0000000087500000|  0%| F|  |TAMS 0x0000000087400000, 0x0000000087400000| Untracked 
|  79|0x0000000087500000, 0x0000000087500000, 0x0000000087600000|  0%| F|  |TAMS 0x0000000087500000, 0x0000000087500000| Untracked 
|  80|0x0000000087600000, 0x0000000087600000, 0x0000000087700000|  0%| F|  |TAMS 0x0000000087600000, 0x0000000087600000| Untracked 
|  81|0x0000000087700000, 0x0000000087700000, 0x0000000087800000|  0%| F|  |TAMS 0x0000000087700000, 0x0000000087700000| Untracked 
|  82|0x0000000087800000, 0x0000000087800000, 0x0000000087900000|  0%| F|  |TAMS 0x0000000087800000, 0x0000000087800000| Untracked 
|  83|0x0000000087900000, 0x0000000087900000, 0x0000000087a00000|  0%| F|  |TAMS 0x0000000087900000, 0x0000000087900000| Untracked 
|  84|0x0000000087a00000, 0x0000000087a00000, 0x0000000087b00000|  0%| F|  |TAMS 0x0000000087a00000, 0x0000000087a00000| Untracked 
|  85|0x0000000087b00000, 0x0000000087b00000, 0x0000000087c00000|  0%| F|  |TAMS 0x0000000087b00000, 0x0000000087b00000| Untracked 
|  86|0x0000000087c00000, 0x0000000087c00000, 0x0000000087d00000|  0%| F|  |TAMS 0x0000000087c00000, 0x0000000087c00000| Untracked 
|  87|0x0000000087d00000, 0x0000000087d00000, 0x0000000087e00000|  0%| F|  |TAMS 0x0000000087d00000, 0x0000000087d00000| Untracked 
|  88|0x0000000087e00000, 0x0000000087e00000, 0x0000000087f00000|  0%| F|  |TAMS 0x0000000087e00000, 0x0000000087e00000| Untracked 
|  89|0x0000000087f00000, 0x0000000087f00000, 0x0000000088000000|  0%| F|  |TAMS 0x0000000087f00000, 0x0000000087f00000| Untracked 
|  90|0x0000000088000000, 0x0000000088000000, 0x0000000088100000|  0%| F|  |TAMS 0x0000000088000000, 0x0000000088000000| Untracked 
|  91|0x0000000088100000, 0x0000000088100000, 0x0000000088200000|  0%| F|  |TAMS 0x0000000088100000, 0x0000000088100000| Untracked 
|  92|0x0000000088200000, 0x0000000088200000, 0x0000000088300000|  0%| F|  |TAMS 0x0000000088200000, 0x0000000088200000| Untracked 
|  93|0x0000000088300000, 0x0000000088300000, 0x0000000088400000|  0%| F|  |TAMS 0x0000000088300000, 0x0000000088300000| Untracked 
|  94|0x0000000088400000, 0x0000000088400000, 0x0000000088500000|  0%| F|  |TAMS 0x0000000088400000, 0x0000000088400000| Untracked 
|  95|0x0000000088500000, 0x0000000088500000, 0x0000000088600000|  0%| F|  |TAMS 0x0000000088500000, 0x0000000088500000| Untracked 
|  96|0x0000000088600000, 0x0000000088600000, 0x0000000088700000|  0%| F|  |TAMS 0x0000000088600000, 0x0000000088600000| Untracked 
|  97|0x0000000088700000, 0x0000000088700000, 0x0000000088800000|  0%| F|  |TAMS 0x0000000088700000, 0x0000000088700000| Untracked 
|  98|0x0000000088800000, 0x0000000088800000, 0x0000000088900000|  0%| F|  |TAMS 0x0000000088800000, 0x0000000088800000| Untracked 
|  99|0x0000000088900000, 0x0000000088900000, 0x0000000088a00000|  0%| F|  |TAMS 0x0000000088900000, 0x0000000088900000| Untracked 
| 100|0x0000000088a00000, 0x0000000088a00000, 0x0000000088b00000|  0%| F|  |TAMS 0x0000000088a00000, 0x0000000088a00000| Untracked 
| 101|0x0000000088b00000, 0x0000000088b00000, 0x0000000088c00000|  0%| F|  |TAMS 0x0000000088b00000, 0x0000000088b00000| Untracked 
| 102|0x0000000088c00000, 0x0000000088c00000, 0x0000000088d00000|  0%| F|  |TAMS 0x0000000088c00000, 0x0000000088c00000| Untracked 
| 103|0x0000000088d00000, 0x0000000088d00000, 0x0000000088e00000|  0%| F|  |TAMS 0x0000000088d00000, 0x0000000088d00000| Untracked 
| 104|0x0000000088e00000, 0x0000000088e00000, 0x0000000088f00000|  0%| F|  |TAMS 0x0000000088e00000, 0x0000000088e00000| Untracked 
| 105|0x0000000088f00000, 0x0000000088f00000, 0x0000000089000000|  0%| F|  |TAMS 0x0000000088f00000, 0x0000000088f00000| Untracked 
| 106|0x0000000089000000, 0x0000000089000000, 0x0000000089100000|  0%| F|  |TAMS 0x0000000089000000, 0x0000000089000000| Untracked 
| 107|0x0000000089100000, 0x0000000089100000, 0x0000000089200000|  0%| F|  |TAMS 0x0000000089100000, 0x0000000089100000| Untracked 
| 108|0x0000000089200000, 0x0000000089200000, 0x0000000089300000|  0%| F|  |TAMS 0x0000000089200000, 0x0000000089200000| Untracked 
| 109|0x0000000089300000, 0x0000000089300000, 0x0000000089400000|  0%| F|  |TAMS 0x0000000089300000, 0x0000000089300000| Untracked 
| 110|0x0000000089400000, 0x0000000089400000, 0x0000000089500000|  0%| F|  |TAMS 0x0000000089400000, 0x0000000089400000| Untracked 
| 111|0x0000000089500000, 0x0000000089500000, 0x0000000089600000|  0%| F|  |TAMS 0x0000000089500000, 0x0000000089500000| Untracked 
| 112|0x0000000089600000, 0x0000000089600000, 0x0000000089700000|  0%| F|  |TAMS 0x0000000089600000, 0x0000000089600000| Untracked 
| 113|0x0000000089700000, 0x0000000089700000, 0x0000000089800000|  0%| F|  |TAMS 0x0000000089700000, 0x0000000089700000| Untracked 
| 114|0x0000000089800000, 0x0000000089800000, 0x0000000089900000|  0%| F|  |TAMS 0x0000000089800000, 0x0000000089800000| Untracked 
| 115|0x0000000089900000, 0x0000000089900000, 0x0000000089a00000|  0%| F|  |TAMS 0x0000000089900000, 0x0000000089900000| Untracked 
| 116|0x0000000089a00000, 0x0000000089a00000, 0x0000000089b00000|  0%| F|  |TAMS 0x0000000089a00000, 0x0000000089a00000| Untracked 
| 117|0x0000000089b00000, 0x0000000089b00000, 0x0000000089c00000|  0%| F|  |TAMS 0x0000000089b00000, 0x0000000089b00000| Untracked 
| 118|0x0000000089c00000, 0x0000000089c00000, 0x0000000089d00000|  0%| F|  |TAMS 0x0000000089c00000, 0x0000000089c00000| Untracked 
| 119|0x0000000089d00000, 0x0000000089d00000, 0x0000000089e00000|  0%| F|  |TAMS 0x0000000089d00000, 0x0000000089d00000| Untracked 
| 120|0x0000000089e00000, 0x0000000089e00000, 0x0000000089f00000|  0%| F|  |TAMS 0x0000000089e00000, 0x0000000089e00000| Untracked 
| 121|0x0000000089f00000, 0x000000008a000000, 0x000000008a000000|100%| E|  |TAMS 0x0000000089f00000, 0x0000000089f00000| Complete 
| 122|0x000000008a000000, 0x000000008a100000, 0x000000008a100000|100%| E|CS|TAMS 0x000000008a000000, 0x000000008a000000| Complete 
| 123|0x000000008a100000, 0x000000008a200000, 0x000000008a200000|100%| E|CS|TAMS 0x000000008a100000, 0x000000008a100000| Complete 
| 124|0x000000008a200000, 0x000000008a300000, 0x000000008a300000|100%| E|CS|TAMS 0x000000008a200000, 0x000000008a200000| Complete 
| 125|0x000000008a300000, 0x000000008a400000, 0x000000008a400000|100%| E|CS|TAMS 0x000000008a300000, 0x000000008a300000| Complete 

Card table byte_map: [0x000001f4fe1d0000,0x000001f4fe5c0000] _byte_map_base: 0x000001f4fddbd000

Marking Bits (Prev, Next): (CMBitMap*) 0x000001f4e4c72828, (CMBitMap*) 0x000001f4e4c72860
 Prev Bits: [0x000001f480000000, 0x000001f481f68000)
 Next Bits: [0x000001f481f70000, 0x000001f483ed8000)

Polling page: 0x000001f4e4ad0000

Metaspace:

Usage:
  Non-class:      6.73 MB capacity,     6.59 MB ( 98%) used,   118.66 KB (  2%) free+waste,    19.94 KB ( <1%) overhead. 
      Class:    782.00 KB capacity,   696.20 KB ( 89%) used,    74.98 KB ( 10%) free+waste,    10.81 KB (  1%) overhead. 
       Both:      7.49 MB capacity,     7.27 MB ( 97%) used,   193.64 KB (  3%) free+waste,    30.75 KB ( <1%) overhead. 

Virtual space:
  Non-class space:        8.00 MB reserved,       6.75 MB ( 84%) committed 
      Class space:        1.00 GB reserved,     896.00 KB ( <1%) committed 
             Both:        1.01 GB reserved,       7.63 MB ( <1%) committed 

Chunk freelists:
   Non-Class:  0 bytes
       Class:  0 bytes
        Both:  0 bytes

CodeHeap 'non-profiled nmethods': size=120064Kb used=122Kb max_used=122Kb free=119941Kb
 bounds [0x000001f4f6260000, 0x000001f4f64d0000, 0x000001f4fd7a0000]
CodeHeap 'profiled nmethods': size=120000Kb used=781Kb max_used=781Kb free=119218Kb
 bounds [0x000001f4eed30000, 0x000001f4eefa0000, 0x000001f4f6260000]
CodeHeap 'non-nmethods': size=5696Kb used=1080Kb max_used=1089Kb free=4615Kb
 bounds [0x000001f4ee7a0000, 0x000001f4eea10000, 0x000001f4eed30000]
 total_blobs=957 nmethods=503 adapters=293
 compilation: enabled
              stopped_count=0, restarted_count=0
 full_count=0

Compilation events (10 events):
Event: 0.431 Thread 0x000001f4fefe2000 nmethod 411 0x000001f4eedcdd10 code [0x000001f4eedcdf60, 0x000001f4eedce500]
Event: 0.431 Thread 0x000001f4fefe2000  409       3       jdk.internal.org.objectweb.asm.Frame::pop (53 bytes)
Event: 0.432 Thread 0x000001f4fefe2000 nmethod 409 0x000001f4eedce810 code [0x000001f4eedcea60, 0x000001f4eedcf200]
Event: 0.432 Thread 0x000001f4fefe2000  408       3       java.lang.String::replace (42 bytes)
Event: 0.433 Thread 0x000001f4fefe2000 nmethod 408 0x000001f4eedcf510 code [0x000001f4eedcf700, 0x000001f4eedcfa80]
Event: 0.433 Thread 0x000001f4fefe2000  407       3       java.util.Collections$UnmodifiableCollection$1::hasNext (10 bytes)
Event: 0.433 Thread 0x000001f4fefe2000 nmethod 407 0x000001f4eedcfb90 code [0x000001f4eedcfd60, 0x000001f4eedcff90]
Event: 0.433 Thread 0x000001f4fefe2000  417       3       sun.nio.cs.SingleByte$Encoder::encode (32 bytes)
Event: 0.433 Thread 0x000001f4fefe2000 nmethod 417 0x000001f4eedd0090 code [0x000001f4eedd0240, 0x000001f4eedd0458]
Event: 0.433 Thread 0x000001f4fefe2000  414       3       java.lang.invoke.InvokerBytecodeGenerator::isStaticallyNameable (148 bytes)

GC Heap History (0 events):
No events

Deoptimization events (1 events):
Event: 0.189 Thread 0x000001f4e4c32000 Uncommon trap: reason=unstable_if action=reinterpret pc=0x000001f4f6265270 method=java.lang.String.hashCode()I @ 14 c2

Classes redefined (0 events):
No events

Internal exceptions (8 events):
Event: 0.319 Thread 0x000001f4e4c32000 Exception <a 'java/lang/NoSuchMethodError'{0x000000008a2b43f0}: java.lang.invoke.DirectMethodHandle$Holder.invokeSpecialIFC(Ljava/lang/Object;Ljava/lang/Object;I)I> (0x000000008a2b43f0) thrown at [t:/workspace/open/src/hotspot/share/interpreter/linkResolv
Event: 0.379 Thread 0x000001f4e4c32000 Exception <a 'java/lang/NoSuchMethodError'{0x000000008a1678d0}: java.lang.invoke.DirectMethodHandle$Holder.invokeStatic(Ljava/lang/Object;Ljava/lang/Object;Ljava/lang/Object;Ljava/lang/Object;Ljava/lang/Object;Ljava/lang/Object;Ljava/lang/Object;Ljava/lan
Event: 0.382 Thread 0x000001f4e4c32000 Exception <a 'java/lang/NoSuchMethodError'{0x000000008a1747e0}: java.lang.invoke.DirectMethodHandle$Holder.invokeStatic(Ljava/lang/Object;Ljava/lang/Object;Ljava/lang/Object;Ljava/lang/Object;Ljava/lang/Object;Ljava/lang/Object;Ljava/lang/Object;Ljava/lan
Event: 0.405 Thread 0x000001f4e4c32000 Exception <a 'java/lang/NoSuchMethodError'{0x000000008a1ed6a0}: java.lang.invoke.DirectMethodHandle$Holder.invokeStatic(Ljava/lang/Object;Ljava/lang/Object;Ljava/lang/Object;Ljava/lang/Object;Ljava/lang/Object;Ljava/lang/Object;Ljava/lang/Object;Ljava/lan
Event: 0.408 Thread 0x000001f4e4c32000 Exception <a 'java/lang/NoSuchMethodError'{0x000000008a1fb5e0}: java.lang.invoke.DirectMethodHandle$Holder.invokeStatic(Ljava/lang/Object;Ljava/lang/Object;Ljava/lang/Object;Ljava/lang/Object;Ljava/lang/Object;Ljava/lang/Object;Ljava/lang/Object;Ljava/lan
Event: 0.411 Thread 0x000001f4e4c32000 Exception <a 'java/lang/NoSuchMethodError'{0x000000008a009bd8}: java.lang.invoke.DirectMethodHandle$Holder.invokeSpecial(Ljava/lang/Object;Ljava/lang/Object;IILjava/lang/Object;Ljava/lang/Object;Ljava/lang/Object;)Ljava/lang/Object;> (0x000000008a009bd8) 
Event: 0.411 Thread 0x000001f4e4c32000 Exception <a 'java/lang/NoSuchMethodError'{0x000000008a00d160}: java.lang.invoke.DelegatingMethodHandle$Holder.reinvoke_L(Ljava/lang/Object;IILjava/lang/Object;Ljava/lang/Object;Ljava/lang/Object;)Ljava/lang/Object;> (0x000000008a00d160) thrown at [t:/wor
Event: 0.414 Thread 0x000001f4e4c32000 Exception <a 'java/lang/NoSuchMethodError'{0x000000008a01b0c8}: java.lang.invoke.DirectMethodHandle$Holder.invokeStatic(Ljava/lang/Object;Ljava/lang/Object;Ljava/lang/Object;Ljava/lang/Object;Ljava/lang/Object;Ljava/lang/Object;I)Ljava/lang/Object;> (0x00

Events (10 events):
Event: 0.415 loading class java/lang/invoke/BoundMethodHandle$Species_LLLII
Event: 0.415 loading class java/lang/invoke/BoundMethodHandle$Species_LLLII done
Event: 0.415 loading class java/lang/invoke/ClassSpecializer$Factory$1Var
Event: 0.416 loading class java/lang/invoke/ClassSpecializer$Factory$1Var done
Event: 0.420 loading class java/lang/invoke/BoundMethodHandle$Species_LLLIIL
Event: 0.421 loading class java/lang/invoke/BoundMethodHandle$Species_LLLIIL done
Event: 0.424 loading class java/lang/invoke/BoundMethodHandle$Species_LLLIILL
Event: 0.424 loading class java/lang/invoke/BoundMethodHandle$Species_LLLIILL done
Event: 0.429 loading class java/lang/invoke/BoundMethodHandle$Species_LLLIILLL
Event: 0.429 loading class java/lang/invoke/BoundMethodHandle$Species_LLLIILLL done


Dynamic libraries:
0x00007ff7de390000 - 0x00007ff7de3d7000 	C:\Program Files\Java\jdk-11.0.3\bin\java.exe
0x00007ffe23bf0000 - 0x00007ffe23dd1000 	C:\WINDOWS\SYSTEM32\ntdll.dll
0x00007ffe217d0000 - 0x00007ffe21881000 	C:\WINDOWS\System32\KERNEL32.DLL
0x00007ffe20db0000 - 0x00007ffe21023000 	C:\WINDOWS\System32\KERNELBASE.dll
0x00007ffe23120000 - 0x00007ffe231c1000 	C:\WINDOWS\System32\ADVAPI32.dll
0x00007ffe219f0000 - 0x00007ffe21a8e000 	C:\WINDOWS\System32\msvcrt.dll
0x00007ffe215d0000 - 0x00007ffe2162b000 	C:\WINDOWS\System32\sechost.dll
0x00007ffe21890000 - 0x00007ffe219b4000 	C:\WINDOWS\System32\RPCRT4.dll
0x00007ffe21090000 - 0x00007ffe21220000 	C:\WINDOWS\System32\USER32.dll
0x00007ffe20060000 - 0x00007ffe20080000 	C:\WINDOWS\System32\win32u.dll
0x00007ffe230f0000 - 0x00007ffe23118000 	C:\WINDOWS\System32\GDI32.dll
0x00007ffe200e0000 - 0x00007ffe20271000 	C:\WINDOWS\System32\gdi32full.dll
0x00007ffe1ffc0000 - 0x00007ffe2005f000 	C:\WINDOWS\System32\msvcp_win.dll
0x00007ffe20a40000 - 0x00007ffe20b38000 	C:\WINDOWS\System32\ucrtbase.dll
0x00007ffe10420000 - 0x00007ffe10689000 	C:\WINDOWS\WinSxS\amd64_microsoft.windows.common-controls_6595b64144ccf1df_6.0.17134.950_none_fb3da4273069d3e0\COMCTL32.dll
0x00007ffe23250000 - 0x00007ffe23572000 	C:\WINDOWS\System32\combase.dll
0x00007ffe11d10000 - 0x00007ffe11d1a000 	C:\WINDOWS\SYSTEM32\VERSION.dll
0x00007ffe20d30000 - 0x00007ffe20da9000 	C:\WINDOWS\System32\bcryptPrimitives.dll
0x00007ffe219c0000 - 0x00007ffe219ed000 	C:\WINDOWS\System32\IMM32.DLL
0x00007ffe169c0000 - 0x00007ffe169d6000 	C:\Program Files\Java\jdk-11.0.3\bin\vcruntime140.dll
0x00007ffe02940000 - 0x00007ffe029ea000 	C:\Program Files\Java\jdk-11.0.3\bin\msvcp140.dll
0x00007ffddfdb0000 - 0x00007ffde08d7000 	C:\Program Files\Java\jdk-11.0.3\bin\server\jvm.dll
0x00007ffe23b00000 - 0x00007ffe23b08000 	C:\WINDOWS\System32\PSAPI.DLL
0x00007ffe1ead0000 - 0x00007ffe1ead9000 	C:\WINDOWS\SYSTEM32\WSOCK32.dll
0x00007ffe231d0000 - 0x00007ffe2323c000 	C:\WINDOWS\System32\WS2_32.dll
0x00007ffe1ceb0000 - 0x00007ffe1ced3000 	C:\WINDOWS\SYSTEM32\WINMM.dll
0x00007ffe1ce80000 - 0x00007ffe1ceaa000 	C:\WINDOWS\SYSTEM32\winmmbase.dll
0x00007ffe21030000 - 0x00007ffe21079000 	C:\WINDOWS\System32\cfgmgr32.dll
0x00007ffe1ffa0000 - 0x00007ffe1ffb1000 	C:\WINDOWS\System32\kernel.appcore.dll
0x00007ffe0d150000 - 0x00007ffe0d161000 	C:\Program Files\Java\jdk-11.0.3\bin\verify.dll
0x00007ffe1e8e0000 - 0x00007ffe1eaa9000 	C:\WINDOWS\SYSTEM32\DBGHELP.DLL
0x00007ffe040c0000 - 0x00007ffe040e9000 	C:\WINDOWS\SYSTEM32\dbgcore.DLL
0x00007ffe0d0b0000 - 0x00007ffe0d0d9000 	C:\Program Files\Java\jdk-11.0.3\bin\java.dll
0x00007ffe09620000 - 0x00007ffe09636000 	C:\Program Files\Java\jdk-11.0.3\bin\zip.dll
0x00007ffe169b0000 - 0x00007ffe169ba000 	C:\Program Files\Java\jdk-11.0.3\bin\jimage.dll
0x00007ffe21a90000 - 0x00007ffe22ed0000 	C:\WINDOWS\System32\SHELL32.dll
0x00007ffe23b10000 - 0x00007ffe23bb9000 	C:\WINDOWS\System32\shcore.dll
0x00007ffe20330000 - 0x00007ffe20a3d000 	C:\WINDOWS\System32\windows.storage.dll
0x00007ffe21550000 - 0x00007ffe215a1000 	C:\WINDOWS\System32\shlwapi.dll
0x00007ffe1ff80000 - 0x00007ffe1ff9f000 	C:\WINDOWS\System32\profapi.dll
0x00007ffe1ff00000 - 0x00007ffe1ff4c000 	C:\WINDOWS\System32\powrprof.dll
0x00007ffe1ff50000 - 0x00007ffe1ff5a000 	C:\WINDOWS\System32\FLTLIB.DLL
0x00007ffe09060000 - 0x00007ffe09079000 	C:\Program Files\Java\jdk-11.0.3\bin\net.dll
0x00007ffe137a0000 - 0x00007ffe1387d000 	C:\WINDOWS\SYSTEM32\WINHTTP.dll
0x00007ffe123b0000 - 0x00007ffe12579000 	C:\WINDOWS\SYSTEM32\urlmon.dll
0x00007ffe12950000 - 0x00007ffe12bf6000 	C:\WINDOWS\SYSTEM32\iertutil.dll
0x00007ffe1f950000 - 0x00007ffe1f95b000 	C:\WINDOWS\SYSTEM32\CRYPTBASE.DLL
0x00007ffe1f780000 - 0x00007ffe1f7e6000 	C:\WINDOWS\system32\mswsock.dll
0x00007ffe080d0000 - 0x00007ffe080e3000 	C:\Program Files\Java\jdk-11.0.3\bin\nio.dll

dbghelp: loaded successfully - version: 4.0.5 - missing functions: none
symbol engine: initialized successfully - sym options: 0x614 - pdb path: .;C:\Program Files\Java\jdk-11.0.3\bin;C:\WINDOWS\SYSTEM32;C:\WINDOWS\WinSxS\amd64_microsoft.windows.common-controls_6595b64144ccf1df_6.0.17134.950_none_fb3da4273069d3e0;C:\Program Files\Java\jdk-11.0.3\bin\server

VM Arguments:
java_command: ./build/libs/duke-0.1.3.jar
java_class_path (initial): ./build/libs/duke-0.1.3.jar
Launcher Type: SUN_STANDARD

[Global flags]
     intx CICompilerCount                          = 3                                         {product} {ergonomic}
     uint ConcGCThreads                            = 1                                         {product} {ergonomic}
     uint G1ConcRefinementThreads                  = 4                                         {product} {ergonomic}
   size_t G1HeapRegionSize                         = 1048576                                   {product} {ergonomic}
    uintx GCDrainStackTargetSize                   = 64                                        {product} {ergonomic}
   size_t InitialHeapSize                          = 132120576                                 {product} {ergonomic}
   size_t MarkStackSize                            = 4194304                                   {product} {ergonomic}
   size_t MaxHeapSize                              = 2107637760                                {product} {ergonomic}
   size_t MaxNewSize                               = 1264582656                                {product} {ergonomic}
   size_t MinHeapDeltaBytes                        = 1048576                                   {product} {ergonomic}
    uintx NonNMethodCodeHeapSize                   = 5830092                                {pd product} {ergonomic}
    uintx NonProfiledCodeHeapSize                  = 122914074                              {pd product} {ergonomic}
    uintx ProfiledCodeHeapSize                     = 122914074                              {pd product} {ergonomic}
    uintx ReservedCodeCacheSize                    = 251658240                              {pd product} {ergonomic}
     bool SegmentedCodeCache                       = true                                      {product} {ergonomic}
     bool UseCompressedClassPointers               = true                                 {lp64_product} {ergonomic}
     bool UseCompressedOops                        = true                                 {lp64_product} {ergonomic}
     bool UseG1GC                                  = true                                      {product} {ergonomic}
     bool UseLargePagesIndividualAllocation        = false                                  {pd product} {ergonomic}

Logging:
Log output configuration:
 #0: stdout all=warning uptime,level,tags
 #1: stderr all=off uptime,level,tags

Environment Variables:
PATH=C:\Users\Dell\Desktop\bin;C:\Program Files (x86)\Git\mingw32\bin;C:\Program Files (x86)\Git\usr\local\bin;C:\Program Files (x86)\Git\usr\bin;C:\Program Files (x86)\Git\usr\bin;C:\Program Files (x86)\Git\mingw32\bin;C:\Program Files (x86)\Git\usr\bin;C:\Users\Dell\Desktop\bin;C:\Users\Dell\gcc\bin;C:\Users\Dell\gcc\libexec\gcc\x86_64-w64-mingw32\8.2.0;C:\Program Files\Dell\DW WLAN Card;C:\WINDOWS\system32;C:\WINDOWS;C:\WINDOWS\System32\Wbem;C:\WINDOWS\System32\WindowsPowerShell\v1.0;C:\Program Files\WIDCOMM\Bluetooth Software;C:\Program Files\WIDCOMM\Bluetooth Software\syswow64;C:\WINDOWS\System32\OpenSSH;C:\Program Files\PuTTY;C:\Program Files (x86)\PuTTY;C:\Program Files (x86)\Git\cmd;C:\Program Files (x86)\Intel\Intel(R) Management Engine Components\DAL;C:\Program Files\Intel\Intel(R) Management Engine Components\DAL;C:\Users\Dell\Desktop\ORBITAL\ReactNative;C:\Program Files\Java\jdk-11.0.3\bin;C:\Program Files (x86)\Common Files\Oracle\Java\javapath;C:\Users\Dell\AppData\Local\Microsoft\WindowsApps;C:\Users\Dell\AppData\Local\Programs\Microsoft VS Code\bin;C:\MinGW\bin;C:\Users\Dell\AppData\Roaming\npm;C:\Users\Dell\Desktop\IntelliJ IDEA Community Edition 2019.2\bin;C:\Program Files (x86)\Java\jdk1.8.0_212\bin;C:\Program Files (x86)\Git\usr\bin\vendor_perl;C:\Program Files (x86)\Git\usr\bin\core_perl
USERNAME=Dell
SHELL=C:\Program Files (x86)\Git\usr\bin\bash.exe
DISPLAY=needs-to-be-defined
OS=Windows_NT
PROCESSOR_IDENTIFIER=Intel64 Family 6 Model 78 Stepping 3, GenuineIntel



---------------  S Y S T E M  ---------------

OS: Windows 10 , 64 bit Build 17134 (10.0.17134.753)

CPU:total 4 (initial active 4) (2 cores per cpu, 2 threads per core) family 6 model 78 stepping 3, cmov, cx8, fxsr, mmx, sse, sse2, sse3, ssse3, sse4.1, sse4.2, popcnt, avx, avx2, aes, clmul, erms, 3dnowpref, lzcnt, ht, tsc, tscinvbit, bmi1, bmi2, adx, fma

Memory: 4k page, system-wide physical 8038M (898M free)
TotalPageFile size 12134M (AvailPageFile size 5M)
current process WorkingSet (physical memory assigned to process): 44M, peak: 44M
current process commit charge ("private bytes"): 200M, peak: 200M

vm_info: Java HotSpot(TM) 64-Bit Server VM (11.0.3+12-LTS) for windows-amd64 JRE (11.0.3+12-LTS), built on Apr  2 2019 12:43:09 by "mach5one" with MS VC++ 15.5 (VS2017)

END.
