#
# There is insufficient memory for the Java Runtime Environment to continue.
# Native memory allocation (malloc) failed to allocate 1048576 bytes for AllocateHeap
# Possible reasons:
#   The system is out of physical RAM or swap space
#   The process is running with CompressedOops enabled, and the Java Heap may be blocking the growth of the native heap
# Possible solutions:
#   Reduce memory load on the system
#   Increase physical memory or swap space
#   Check if swap backing store is full
#   Decrease Java heap size (-Xmx/-Xms)
#   Decrease number of Java threads
#   Decrease Java thread stack sizes (-Xss)
#   Set larger code cache with -XX:ReservedCodeCacheSize=
# This output file may be truncated or incomplete.
#
#  Out of Memory Error (c:/BuildAgent/work/494cbf65e275b67e/src/hotspot/share/memory/allocation.cpp:46), pid=1216, tid=11032
#
# JRE version:  (11.0.3+12) (build )
# Java VM: OpenJDK 64-Bit Server VM (11.0.3+12-b304.10, mixed mode, aot, sharing, tiered, compressed oops, g1 gc, windows-amd64)
# No core dump will be written. Minidumps are not enabled by default on client versions of Windows
#

---------------  S U M M A R Y ------------

Command Line: -Dfile.encoding=windows-1252 -Duser.country=SG -Duser.language=en -Duser.variant Duke

Host: Intel(R) Core(TM) i5-6200U CPU @ 2.30GHz, 4 cores, 7G,  Windows 10 , 64 bit Build 17134 (10.0.17134.753)
Time: Thu Sep  5 17:30:02 2019 Malay Peninsula Standard Time elapsed time: 0 seconds (0d 0h 0m 0s)

---------------  T H R E A D  ---------------

Current thread (0x000001cbab470000):  JavaThread "Unknown thread" [_thread_in_vm, id=11032, stack(0x0000003d3a900000,0x0000003d3aa00000)]

Stack: [0x0000003d3a900000,0x0000003d3aa00000]
Native frames: (J=compiled Java code, j=interpreted, Vv=VM code, C=native code)
V  [jvm.dll+0x5da77a]
V  [jvm.dll+0x70b9c9]
V  [jvm.dll+0x70cee8]
V  [jvm.dll+0x70d5b3]
V  [jvm.dll+0x23ddc8]
V  [jvm.dll+0xb0bf4]
V  [jvm.dll+0x2dcf22]
V  [jvm.dll+0x2d60ca]
V  [jvm.dll+0x6eabf7]
V  [jvm.dll+0x6ec38c]
V  [jvm.dll+0x354c29]
V  [jvm.dll+0x6d28ae]
V  [jvm.dll+0x3bd363]
V  [jvm.dll+0x3bf7a1]
C  [java.exe+0x3763]
C  [java.exe+0x17a0c]
C  [KERNEL32.DLL+0x14034]
C  [ntdll.dll+0x73691]


---------------  P R O C E S S  ---------------

Threads class SMR info:
_java_thread_list=0x000001cba9bd17b0, length=0, elements={
}

Java Threads: ( => current thread )

Other Threads:
  0x000001cbab487000 GCTaskThread "GC Thread#0" [stack: 0x0000003d3aa00000,0x0000003d3ab00000] [id=18896]

[error occurred during error reporting (printing all threads), id 0xc0000005, EXCEPTION_ACCESS_VIOLATION (0xc0000005) at pc=0x00007ffe70012250]

VM state:not at safepoint (not fully initialized)

VM Mutex/Monitor currently owned by a thread:  ([mutex/lock_event])
[0x000001cbab46e2e0] Heap_lock - owner thread: 0x000001cbab470000

Heap address: 0x0000000082600000, size: 2010 MB, Compressed Oops mode: Non-zero based: 0x0000000082600000
Narrow klass base: 0x0000000000000000, Narrow klass shift: 0

GC Heap History (0 events):
No events

Deoptimization events (0 events):
No events

Classes redefined (0 events):
No events

Internal exceptions (0 events):
No events

Events (0 events):
No events


Dynamic libraries:
0x00007ff6e90b0000 - 0x00007ff6e90f7000 	C:\Users\Dell\Desktop\IntelliJ IDEA Community Edition 2019.2\jbr\bin\java.exe
0x00007ffea7020000 - 0x00007ffea7201000 	C:\WINDOWS\SYSTEM32\ntdll.dll
0x00007ffea6cc0000 - 0x00007ffea6d71000 	C:\WINDOWS\System32\KERNEL32.DLL
0x00007ffea40c0000 - 0x00007ffea4333000 	C:\WINDOWS\System32\KERNELBASE.dll
0x00007ffea4510000 - 0x00007ffea46a0000 	C:\WINDOWS\System32\USER32.dll
0x00007ffea4490000 - 0x00007ffea44b0000 	C:\WINDOWS\System32\win32u.dll
0x00007ffea6360000 - 0x00007ffea6388000 	C:\WINDOWS\System32\GDI32.dll
0x00007ffea3f20000 - 0x00007ffea40b1000 	C:\WINDOWS\System32\gdi32full.dll
0x00007ffea43a0000 - 0x00007ffea443f000 	C:\WINDOWS\System32\msvcp_win.dll
0x00007ffea3470000 - 0x00007ffea3568000 	C:\WINDOWS\System32\ucrtbase.dll
0x00007ffe927a0000 - 0x00007ffe92a09000 	C:\WINDOWS\WinSxS\amd64_microsoft.windows.common-controls_6595b64144ccf1df_6.0.17134.950_none_fb3da4273069d3e0\COMCTL32.dll
0x00007ffea6d80000 - 0x00007ffea6e1e000 	C:\WINDOWS\System32\msvcrt.dll
0x00007ffea6030000 - 0x00007ffea6352000 	C:\WINDOWS\System32\combase.dll
0x00007ffea6740000 - 0x00007ffea6864000 	C:\WINDOWS\System32\RPCRT4.dll
0x00007ffea33f0000 - 0x00007ffea3469000 	C:\WINDOWS\System32\bcryptPrimitives.dll
0x00007ffea6710000 - 0x00007ffea673d000 	C:\WINDOWS\System32\IMM32.DLL
0x00007ffe9db90000 - 0x00007ffe9dba7000 	C:\Users\Dell\Desktop\IntelliJ IDEA Community Edition 2019.2\jbr\bin\vcruntime140.dll
0x00007ffe8d730000 - 0x00007ffe8d7cd000 	C:\Users\Dell\Desktop\IntelliJ IDEA Community Edition 2019.2\jbr\bin\msvcp140.dll
0x00007ffe6fd30000 - 0x00007ffe707e7000 	C:\Users\Dell\Desktop\IntelliJ IDEA Community Edition 2019.2\jbr\bin\server\jvm.dll
0x00007ffea5dd0000 - 0x00007ffea5e71000 	C:\WINDOWS\System32\ADVAPI32.dll
0x00007ffea44b0000 - 0x00007ffea450b000 	C:\WINDOWS\System32\sechost.dll
0x00007ffea6530000 - 0x00007ffea6538000 	C:\WINDOWS\System32\PSAPI.DLL
0x00007ffea1f00000 - 0x00007ffea1f09000 	C:\WINDOWS\SYSTEM32\WSOCK32.dll
0x00007ffea0bc0000 - 0x00007ffea0be3000 	C:\WINDOWS\SYSTEM32\WINMM.dll
0x00007ffea6f20000 - 0x00007ffea6f8c000 	C:\WINDOWS\System32\WS2_32.dll
0x00007ffe94a00000 - 0x00007ffe94a0a000 	C:\WINDOWS\SYSTEM32\VERSION.dll
0x00007ffea0b40000 - 0x00007ffea0b6a000 	C:\WINDOWS\SYSTEM32\WINMMBASE.dll
0x00007ffea4440000 - 0x00007ffea4489000 	C:\WINDOWS\System32\cfgmgr32.dll
0x00007ffea3340000 - 0x00007ffea3351000 	C:\WINDOWS\System32\kernel.appcore.dll
0x00007ffe9fc30000 - 0x00007ffe9fc41000 	C:\Users\Dell\Desktop\IntelliJ IDEA Community Edition 2019.2\jbr\bin\verify.dll
0x00007ffea1d10000 - 0x00007ffea1ed9000 	C:\WINDOWS\SYSTEM32\DBGHELP.DLL
0x00007ffe8f8b0000 - 0x00007ffe8f8d9000 	C:\WINDOWS\SYSTEM32\dbgcore.DLL
0x00007ffe9e790000 - 0x00007ffe9e7b9000 	C:\Users\Dell\Desktop\IntelliJ IDEA Community Edition 2019.2\jbr\bin\java.dll
0x00007ffe9e5c0000 - 0x00007ffe9e5d7000 	C:\Users\Dell\Desktop\IntelliJ IDEA Community Edition 2019.2\jbr\bin\zip.dll
0x00007ffea0de0000 - 0x00007ffea0deb000 	C:\Users\Dell\Desktop\IntelliJ IDEA Community Edition 2019.2\jbr\bin\jimage.dll

dbghelp: loaded successfully - version: 4.0.5 - missing functions: none
symbol engine: initialized successfully - sym options: 0x614 - pdb path: .;C:\Users\Dell\Desktop\IntelliJ IDEA Community Edition 2019.2\jbr\bin;C:\WINDOWS\SYSTEM32;C:\WINDOWS\WinSxS\amd64_microsoft.windows.common-controls_6595b64144ccf1df_6.0.17134.950_none_fb3da4273069d3e0;C:\Users\Dell\Desktop\IntelliJ IDEA Community Edition 2019.2\jbr\bin\server

VM Arguments:
jvm_args: -Dfile.encoding=windows-1252 -Duser.country=SG -Duser.language=en -Duser.variant 
java_command: Duke
java_class_path (initial): C:\Users\Dell\Desktop\duke\build\classes\java\main;C:\Users\Dell\Desktop\duke\build\resources\main
Launcher Type: SUN_STANDARD

[Global flags]
     intx CICompilerCount                          = 3                                         {product} {ergonomic}
     uint ConcGCThreads                            = 1                                         {product} {ergonomic}
     uint G1ConcRefinementThreads                  = 4                                         {product} {ergonomic}
   size_t G1HeapRegionSize                         = 1048576                                   {product} {ergonomic}
    uintx GCDrainStackTargetSize                   = 64                                        {product} {ergonomic}
   size_t InitialHeapSize                          = 132120576                                 {product} {ergonomic}
   size_t MarkStackSize                            = 4194304                                   {product} {ergonomic}
   size_t MaxHeapSize                              = 2107637760                                {product} {ergonomic}
   size_t MinHeapDeltaBytes                        = 1048576                                   {product} {ergonomic}
    uintx NonNMethodCodeHeapSize                   = 5830092                                {pd product} {ergonomic}
    uintx NonProfiledCodeHeapSize                  = 122914074                              {pd product} {ergonomic}
    uintx ProfiledCodeHeapSize                     = 122914074                              {pd product} {ergonomic}
    uintx ReservedCodeCacheSize                    = 251658240                              {pd product} {ergonomic}
     bool SegmentedCodeCache                       = true                                      {product} {ergonomic}
     bool UseCompressedClassPointers               = true                                 {lp64_product} {ergonomic}
     bool UseCompressedOops                        = true                                 {lp64_product} {ergonomic}
     bool UseG1GC                                  = true                                      {product} {ergonomic}
     bool UseLargePagesIndividualAllocation        = false                                  {pd product} {ergonomic}

Logging:
Log output configuration:
 #0: stdout all=warning uptime,level,tags
 #1: stderr all=off uptime,level,tags

Environment Variables:
CLASSPATH=C:\Users\Dell\Desktop\duke\\gradle\wrapper\gradle-wrapper.jar
PATH=C:\Users\Dell\Desktop\IntelliJ IDEA Community Edition 2019.2\jbr\\bin;C:\Users\Dell\Desktop\IntelliJ IDEA Community Edition 2019.2\jbr\\bin\server;C:\Users\Dell\gcc\bin;C:\Users\Dell\gcc\libexec\gcc\x86_64-w64-mingw32\8.2.0;C:\Program Files\Dell\DW WLAN Card;C:\WINDOWS\system32;C:\WINDOWS;C:\WINDOWS\System32\Wbem;C:\WINDOWS\System32\WindowsPowerShell\v1.0\;c:\Program Files\WIDCOMM\Bluetooth Software\;c:\Program Files\WIDCOMM\Bluetooth Software\syswow64;C:\WINDOWS\System32\OpenSSH\;C:\Program Files\PuTTY\;C:\Program Files (x86)\PuTTY\;C:\Program Files (x86)\Git\cmd;C:\Program Files (x86)\Intel\Intel(R) Management Engine Components\DAL;C:\Program Files\Intel\Intel(R) Management Engine Components\DAL;C:\Users\Dell\Desktop\ORBITAL\ReactNative\;C:\Program Files\Java\jdk-11.0.3\bin;C:\Program Files (x86)\Common Files\Oracle\Java\javapath;C:\Users\Dell\AppData\Local\Microsoft\WindowsApps;C:\Users\Dell\AppData\Local\Programs\Microsoft VS Code\bin;C:\MinGW\bin;C:\Users\Dell\AppData\Roaming\npm;C:\Users\Dell\Desktop\IntelliJ IDEA Community Edition 2019.2\bin;;C:\Program Files (x86)\Java\jdk1.8.0_212\bin;
USERNAME=Dell
OS=Windows_NT
PROCESSOR_IDENTIFIER=Intel64 Family 6 Model 78 Stepping 3, GenuineIntel



---------------  S Y S T E M  ---------------

OS: Windows 10 , 64 bit Build 17134 (10.0.17134.753)

CPU:total 4 (initial active 4) (2 cores per cpu, 2 threads per core) family 6 model 78 stepping 3, cmov, cx8, fxsr, mmx, sse, sse2, sse3, ssse3, sse4.1, sse4.2, popcnt, avx, avx2, aes, clmul, erms, 3dnowpref, lzcnt, ht, tsc, tscinvbit, bmi1, bmi2, adx, fma

Memory: 4k page, system-wide physical 8038M (927M free)
TotalPageFile size 12134M (AvailPageFile size 5M)
current process WorkingSet (physical memory assigned to process): 9M, peak: 9M
current process commit charge ("private bytes"): 47M, peak: 48M

vm_info: OpenJDK 64-Bit Server VM (11.0.3+12-b304.10) for windows-amd64 JRE (11.0.3+12-b304.10), built on Jun 25 2019 07:10:45 by "" with MS VC++ 14.0 (VS2015)

END.
