#
# There is insufficient memory for the Java Runtime Environment to continue.
# Native memory allocation (mmap) failed to map 132120576 bytes for Failed to commit area from 0x0000000082600000 to 0x000000008a400000 of length 132120576.
# Possible reasons:
#   The system is out of physical RAM or swap space
#   The process is running with CompressedOops enabled, and the Java Heap may be blocking the growth of the native heap
# Possible solutions:
#   Reduce memory load on the system
#   Increase physical memory or swap space
#   Check if swap backing store is full
#   Decrease Java heap size (-Xmx/-Xms)
#   Decrease number of Java threads
#   Decrease Java thread stack sizes (-Xss)
#   Set larger code cache with -XX:ReservedCodeCacheSize=
# This output file may be truncated or incomplete.
#
#  Out of Memory Error (c:/BuildAgent/work/494cbf65e275b67e/src/hotspot/os/windows/os_windows.cpp:3272), pid=17568, tid=18300
#
# JRE version:  (11.0.3+12) (build )
# Java VM: OpenJDK 64-Bit Server VM (11.0.3+12-b304.10, mixed mode, aot, sharing, tiered, compressed oops, g1 gc, windows-amd64)
# No core dump will be written. Minidumps are not enabled by default on client versions of Windows
#

---------------  S U M M A R Y ------------

Command Line: -Dfile.encoding=windows-1252 -Duser.country=SG -Duser.language=en -Duser.variant Duke

Host: Intel(R) Core(TM) i5-6200U CPU @ 2.30GHz, 4 cores, 7G,  Windows 10 , 64 bit Build 17134 (10.0.17134.753)
Time: Tue Sep 10 18:30:53 2019 Malay Peninsula Standard Time elapsed time: 0 seconds (0d 0h 0m 0s)

---------------  T H R E A D  ---------------

Current thread (0x000001d1fde28000):  JavaThread "Unknown thread" [_thread_in_vm, id=18300, stack(0x0000006554e00000,0x0000006554f00000)]

Stack: [0x0000006554e00000,0x0000006554f00000]
Native frames: (J=compiled Java code, j=interpreted, Vv=VM code, C=native code)
V  [jvm.dll+0x5da77a]
V  [jvm.dll+0x70b9c9]
V  [jvm.dll+0x70cee8]
V  [jvm.dll+0x70d5b3]
V  [jvm.dll+0x23ddc8]
V  [jvm.dll+0x5d7ef4]
V  [jvm.dll+0x5ccfc5]
V  [jvm.dll+0x2fa44b]
V  [jvm.dll+0x2fa3ba]
V  [jvm.dll+0x2fa292]
V  [jvm.dll+0x2ff156]
V  [jvm.dll+0x3474c3]
V  [jvm.dll+0x347bc6]
V  [jvm.dll+0x3475c3]
V  [jvm.dll+0x2d4f68]
V  [jvm.dll+0x2d6107]
V  [jvm.dll+0x6eabf7]
V  [jvm.dll+0x6ec38c]
V  [jvm.dll+0x354c29]
V  [jvm.dll+0x6d28ae]
V  [jvm.dll+0x3bd363]
V  [jvm.dll+0x3bf7a1]
C  [java.exe+0x3763]
C  [java.exe+0x17a0c]
C  [KERNEL32.DLL+0x14034]
C  [ntdll.dll+0x73691]


---------------  P R O C E S S  ---------------

Threads class SMR info:
_java_thread_list=0x000001d1fbbf4da0, length=0, elements={
}

Java Threads: ( => current thread )

Other Threads:
  0x000001d1fde3c000 GCTaskThread "GC Thread#0" [stack: 0x0000006554f00000,0x0000006555000000] [id=19268]
  0x000001d1fde6c000 ConcurrentGCThread "G1 Main Marker" [stack: 0x0000006555000000,0x0000006555100000] [id=17692]
  0x000001d1fde6e000 ConcurrentGCThread "G1 Conc#0" [stack: 0x0000006555100000,0x0000006555200000] [id=16140]

[error occurred during error reporting (printing all threads), id 0xc0000005, EXCEPTION_ACCESS_VIOLATION (0xc0000005) at pc=0x00007ffdb06a5507]

VM state:not at safepoint (not fully initialized)

VM Mutex/Monitor currently owned by a thread:  ([mutex/lock_event])
[0x000001d1fde27060] Heap_lock - owner thread: 0x000001d1fde28000

Heap address: 0x0000000082600000, size: 2010 MB, Compressed Oops mode: Non-zero based: 0x0000000082600000
Narrow klass base: 0x0000000000000000, Narrow klass shift: 0

GC Heap History (0 events):
No events

Deoptimization events (0 events):
No events

Classes redefined (0 events):
No events

Internal exceptions (0 events):
No events

Events (0 events):
No events


Dynamic libraries:
0x00007ff6c74b0000 - 0x00007ff6c74f7000 	C:\Users\Dell\Desktop\IntelliJ IDEA Community Edition 2019.2\jbr\bin\java.exe
0x00007ffe23bf0000 - 0x00007ffe23dd1000 	C:\WINDOWS\SYSTEM32\ntdll.dll
0x00007ffe217d0000 - 0x00007ffe21881000 	C:\WINDOWS\System32\KERNEL32.DLL
0x00007ffe20db0000 - 0x00007ffe21023000 	C:\WINDOWS\System32\KERNELBASE.dll
0x00007ffe21090000 - 0x00007ffe21220000 	C:\WINDOWS\System32\USER32.dll
0x00007ffe20060000 - 0x00007ffe20080000 	C:\WINDOWS\System32\win32u.dll
0x00007ffe230f0000 - 0x00007ffe23118000 	C:\WINDOWS\System32\GDI32.dll
0x00007ffe200e0000 - 0x00007ffe20271000 	C:\WINDOWS\System32\gdi32full.dll
0x00007ffe1ffc0000 - 0x00007ffe2005f000 	C:\WINDOWS\System32\msvcp_win.dll
0x00007ffe20a40000 - 0x00007ffe20b38000 	C:\WINDOWS\System32\ucrtbase.dll
0x00007ffe10420000 - 0x00007ffe10689000 	C:\WINDOWS\WinSxS\amd64_microsoft.windows.common-controls_6595b64144ccf1df_6.0.17134.950_none_fb3da4273069d3e0\COMCTL32.dll
0x00007ffe219f0000 - 0x00007ffe21a8e000 	C:\WINDOWS\System32\msvcrt.dll
0x00007ffe23250000 - 0x00007ffe23572000 	C:\WINDOWS\System32\combase.dll
0x00007ffe21890000 - 0x00007ffe219b4000 	C:\WINDOWS\System32\RPCRT4.dll
0x00007ffe20d30000 - 0x00007ffe20da9000 	C:\WINDOWS\System32\bcryptPrimitives.dll
0x00007ffe219c0000 - 0x00007ffe219ed000 	C:\WINDOWS\System32\IMM32.DLL
0x00007ffde2870000 - 0x00007ffde2887000 	C:\Users\Dell\Desktop\IntelliJ IDEA Community Edition 2019.2\jbr\bin\vcruntime140.dll
0x00007ffdced20000 - 0x00007ffdcedbd000 	C:\Users\Dell\Desktop\IntelliJ IDEA Community Edition 2019.2\jbr\bin\msvcp140.dll
0x00007ffdb03c0000 - 0x00007ffdb0e77000 	C:\Users\Dell\Desktop\IntelliJ IDEA Community Edition 2019.2\jbr\bin\server\jvm.dll
0x00007ffe23120000 - 0x00007ffe231c1000 	C:\WINDOWS\System32\ADVAPI32.dll
0x00007ffe215d0000 - 0x00007ffe2162b000 	C:\WINDOWS\System32\sechost.dll
0x00007ffe23b00000 - 0x00007ffe23b08000 	C:\WINDOWS\System32\PSAPI.DLL
0x00007ffe1ead0000 - 0x00007ffe1ead9000 	C:\WINDOWS\SYSTEM32\WSOCK32.dll
0x00007ffe231d0000 - 0x00007ffe2323c000 	C:\WINDOWS\System32\WS2_32.dll
0x00007ffe1ceb0000 - 0x00007ffe1ced3000 	C:\WINDOWS\SYSTEM32\WINMM.dll
0x00007ffe11d10000 - 0x00007ffe11d1a000 	C:\WINDOWS\SYSTEM32\VERSION.dll
0x00007ffe1ce80000 - 0x00007ffe1ceaa000 	C:\WINDOWS\SYSTEM32\WINMMBASE.dll
0x00007ffe21030000 - 0x00007ffe21079000 	C:\WINDOWS\System32\cfgmgr32.dll
0x00007ffe1ffa0000 - 0x00007ffe1ffb1000 	C:\WINDOWS\System32\kernel.appcore.dll
0x00007ffe00c90000 - 0x00007ffe00ca1000 	C:\Users\Dell\Desktop\IntelliJ IDEA Community Edition 2019.2\jbr\bin\verify.dll
0x00007ffe1e8e0000 - 0x00007ffe1eaa9000 	C:\WINDOWS\SYSTEM32\DBGHELP.DLL
0x00007ffe040c0000 - 0x00007ffe040e9000 	C:\WINDOWS\SYSTEM32\dbgcore.DLL
0x00007ffde6cd0000 - 0x00007ffde6cf9000 	C:\Users\Dell\Desktop\IntelliJ IDEA Community Edition 2019.2\jbr\bin\java.dll
0x00007ffe00c70000 - 0x00007ffe00c87000 	C:\Users\Dell\Desktop\IntelliJ IDEA Community Edition 2019.2\jbr\bin\zip.dll
0x00007ffe05c20000 - 0x00007ffe05c2b000 	C:\Users\Dell\Desktop\IntelliJ IDEA Community Edition 2019.2\jbr\bin\jimage.dll

dbghelp: loaded successfully - version: 4.0.5 - missing functions: none
symbol engine: initialized successfully - sym options: 0x614 - pdb path: .;C:\Users\Dell\Desktop\IntelliJ IDEA Community Edition 2019.2\jbr\bin;C:\WINDOWS\SYSTEM32;C:\WINDOWS\WinSxS\amd64_microsoft.windows.common-controls_6595b64144ccf1df_6.0.17134.950_none_fb3da4273069d3e0;C:\Users\Dell\Desktop\IntelliJ IDEA Community Edition 2019.2\jbr\bin\server

VM Arguments:
jvm_args: -Dfile.encoding=windows-1252 -Duser.country=SG -Duser.language=en -Duser.variant 
java_command: Duke
java_class_path (initial): C:\Users\Dell\Desktop\duke\build\classes\java\main;C:\Users\Dell\Desktop\duke\build\resources\main
Launcher Type: SUN_STANDARD

[Global flags]
     intx CICompilerCount                          = 3                                         {product} {ergonomic}
     uint ConcGCThreads                            = 1                                         {product} {ergonomic}
     uint G1ConcRefinementThreads                  = 4                                         {product} {ergonomic}
   size_t G1HeapRegionSize                         = 1048576                                   {product} {ergonomic}
    uintx GCDrainStackTargetSize                   = 64                                        {product} {ergonomic}
   size_t InitialHeapSize                          = 132120576                                 {product} {ergonomic}
   size_t MarkStackSize                            = 4194304                                   {product} {ergonomic}
   size_t MaxHeapSize                              = 2107637760                                {product} {ergonomic}
   size_t MinHeapDeltaBytes                        = 1048576                                   {product} {ergonomic}
    uintx NonNMethodCodeHeapSize                   = 5830092                                {pd product} {ergonomic}
    uintx NonProfiledCodeHeapSize                  = 122914074                              {pd product} {ergonomic}
    uintx ProfiledCodeHeapSize                     = 122914074                              {pd product} {ergonomic}
    uintx ReservedCodeCacheSize                    = 251658240                              {pd product} {ergonomic}
     bool SegmentedCodeCache                       = true                                      {product} {ergonomic}
     bool UseCompressedClassPointers               = true                                 {lp64_product} {ergonomic}
     bool UseCompressedOops                        = true                                 {lp64_product} {ergonomic}
     bool UseG1GC                                  = true                                      {product} {ergonomic}
     bool UseLargePagesIndividualAllocation        = false                                  {pd product} {ergonomic}

Logging:
Log output configuration:
 #0: stdout all=warning uptime,level,tags
 #1: stderr all=off uptime,level,tags

Environment Variables:
PATH=C:\Users\Dell\Desktop\IntelliJ IDEA Community Edition 2019.2\jbr\\bin;C:\Users\Dell\Desktop\IntelliJ IDEA Community Edition 2019.2\jbr\\bin\server;C:\Users\Dell\gcc\bin;C:\Users\Dell\gcc\libexec\gcc\x86_64-w64-mingw32\8.2.0;C:\Program Files\Dell\DW WLAN Card;C:\WINDOWS\system32;C:\WINDOWS;C:\WINDOWS\System32\Wbem;C:\WINDOWS\System32\WindowsPowerShell\v1.0\;c:\Program Files\WIDCOMM\Bluetooth Software\;c:\Program Files\WIDCOMM\Bluetooth Software\syswow64;C:\WINDOWS\System32\OpenSSH\;C:\Program Files\PuTTY\;C:\Program Files (x86)\PuTTY\;C:\Program Files (x86)\Git\cmd;C:\Program Files (x86)\Intel\Intel(R) Management Engine Components\DAL;C:\Program Files\Intel\Intel(R) Management Engine Components\DAL;C:\Users\Dell\Desktop\ORBITAL\ReactNative\;C:\Program Files\Java\jdk-11.0.3\bin;C:\Program Files (x86)\Common Files\Oracle\Java\javapath;C:\Users\Dell\AppData\Local\Microsoft\WindowsApps;C:\Users\Dell\AppData\Local\Programs\Microsoft VS Code\bin;C:\MinGW\bin;C:\Users\Dell\AppData\Roaming\npm;C:\Users\Dell\Desktop\IntelliJ IDEA Community Edition 2019.2\bin;;C:\Program Files (x86)\Java\jdk1.8.0_212\bin;
USERNAME=Dell
OS=Windows_NT
PROCESSOR_IDENTIFIER=Intel64 Family 6 Model 78 Stepping 3, GenuineIntel



---------------  S Y S T E M  ---------------

OS: Windows 10 , 64 bit Build 17134 (10.0.17134.753)

CPU:total 4 (initial active 4) (2 cores per cpu, 2 threads per core) family 6 model 78 stepping 3, cmov, cx8, fxsr, mmx, sse, sse2, sse3, ssse3, sse4.1, sse4.2, popcnt, avx, avx2, aes, clmul, erms, 3dnowpref, lzcnt, ht, tsc, tscinvbit, bmi1, bmi2, adx, fma

Memory: 4k page, system-wide physical 8038M (834M free)
TotalPageFile size 12134M (AvailPageFile size 86M)
current process WorkingSet (physical memory assigned to process): 9M, peak: 9M
current process commit charge ("private bytes"): 51M, peak: 177M

vm_info: OpenJDK 64-Bit Server VM (11.0.3+12-b304.10) for windows-amd64 JRE (11.0.3+12-b304.10), built on Jun 25 2019 07:10:45 by "" with MS VC++ 14.0 (VS2015)

END.
